Log file open, 06/04/20 11:25:09
LogInit: Display: Running engine for game: ZombieShooterAnyCode
LogPlatformFile: Not using cached read wrapper
LogTaskGraph: Started task graph with 5 named threads and 23 total threads with 3 sets of task threads.
LogStats: Stats thread started at 0.509740
LogD3D11RHI: Loaded GFSDK_Aftermath_Lib.x64.dll
LogICUInternationalization: ICU TimeZone Detection - Raw Offset: +1:00, Platform Override: ''
LogPluginManager: Mounting plugin Paper2D
LogPluginManager: Mounting plugin AISupport
LogPluginManager: Mounting plugin LightPropagationVolume
LogPluginManager: Mounting plugin CameraShakePreviewer
LogPluginManager: Mounting plugin ActorLayerUtilities
LogPluginManager: Mounting plugin AnimationSharing
LogPluginManager: Mounting plugin CLionSourceCodeAccess
LogPluginManager: Mounting plugin CodeLiteSourceCodeAccess
LogPluginManager: Mounting plugin GitSourceControl
LogPluginManager: Mounting plugin KDevelopSourceCodeAccess
LogPluginManager: Mounting plugin NullSourceCodeAccess
LogPluginManager: Mounting plugin PerforceSourceControl
LogPluginManager: Mounting plugin PlasticSourceControl
LogPluginManager: Mounting plugin RiderSourceCodeAccess
LogPluginManager: Mounting plugin SubversionSourceControl
LogPluginManager: Mounting plugin UObjectPlugin
LogPluginManager: Mounting plugin VisualStudioCodeSourceCodeAccess
LogPluginManager: Mounting plugin VisualStudioSourceCodeAccess
LogPluginManager: Mounting plugin XCodeSourceCodeAccess
LogPluginManager: Mounting plugin AssetManagerEditor
LogPluginManager: Mounting plugin CryptoKeys
LogPluginManager: Mounting plugin CurveEditorTools
LogPluginManager: Mounting plugin DataValidation
LogPluginManager: Mounting plugin EditorScriptingUtilities
LogPluginManager: Mounting plugin FacialAnimation
LogPluginManager: Mounting plugin GameplayTagsEditor
LogPluginManager: Mounting plugin GeometryMode
LogPluginManager: Mounting plugin MacGraphicsSwitching
LogPluginManager: Mounting plugin MaterialAnalyzer
LogPluginManager: Mounting plugin MobileLauncherProfileWizard
LogPluginManager: Mounting plugin PluginBrowser
LogPluginManager: Mounting plugin SpeedTreeImporter
LogPluginManager: Mounting plugin DatasmithContent
LogPluginManager: Mounting plugin VariantManagerContent
LogPluginManager: Mounting plugin AlembicImporter
LogPluginManager: Mounting plugin AutomationUtils
LogPluginManager: Mounting plugin BackChannel
LogPluginManager: Mounting plugin ChaosCloth
LogPluginManager: Mounting plugin ChaosClothEditor
LogPluginManager: Mounting plugin ChaosEditor
LogPluginManager: Mounting plugin ChaosNiagara
LogPluginManager: Mounting plugin ChaosSolverPlugin
LogPluginManager: Mounting plugin CharacterAI
LogPluginManager: Mounting plugin GeometryCache
LogPluginManager: Mounting plugin GeometryCollectionPlugin
LogPluginManager: Mounting plugin GeometryProcessing
LogPluginManager: Mounting plugin PlanarCut
LogPluginManager: Mounting plugin PlatformCrypto
LogPluginManager: Mounting plugin ProxyLODPlugin
LogPluginManager: Mounting plugin SkeletalReduction
LogPluginManager: Mounting plugin Niagara
LogPluginManager: Mounting plugin MagicLeap
LogPluginManager: Mounting plugin MagicLeapLightEstimation
LogPluginManager: Mounting plugin MagicLeapMedia
LogPluginManager: Mounting plugin MagicLeapPassableWorld
LogPluginManager: Mounting plugin MLSDK
LogPluginManager: Mounting plugin AndroidMedia
LogPluginManager: Mounting plugin AvfMedia
LogPluginManager: Mounting plugin ImgMedia
LogPluginManager: Mounting plugin MediaCompositing
LogPluginManager: Mounting plugin MediaPlayerEditor
LogPluginManager: Mounting plugin WebMMedia
LogPluginManager: Mounting plugin WmfMedia
LogPluginManager: Mounting plugin MeshPainting
LogPluginManager: Mounting plugin TcpMessaging
LogPluginManager: Mounting plugin UdpMessaging
LogPluginManager: Mounting plugin ActorSequence
LogPluginManager: Mounting plugin LevelSequenceEditor
LogPluginManager: Mounting plugin MatineeToLevelSequence
LogPluginManager: Mounting plugin MovieRenderPipeline
LogPluginManager: Mounting plugin TemplateSequence
LogPluginManager: Mounting plugin NetcodeUnitTest
LogPluginManager: Mounting plugin NUTUnrealEngine4
LogPluginManager: Mounting plugin OnlineSubsystemGooglePlay
LogPluginManager: Mounting plugin OnlineSubsystemIOS
LogPluginManager: Mounting plugin OnlineSubsystem
LogPluginManager: Mounting plugin OnlineSubsystemNull
LogPluginManager: Mounting plugin OnlineSubsystemUtils
LogPluginManager: Mounting plugin LauncherChunkInstaller
LogPluginManager: Mounting plugin AndroidDeviceProfileSelector
LogPluginManager: Mounting plugin AndroidMoviePlayer
LogPluginManager: Mounting plugin AndroidPermission
LogPluginManager: Mounting plugin AppleImageUtils
LogPluginManager: Mounting plugin AppleMoviePlayer
LogPluginManager: Mounting plugin ArchVisCharacter
LogPluginManager: Mounting plugin AssetTags
LogPluginManager: Mounting plugin AudioCapture
LogPluginManager: Mounting plugin CableComponent
LogPluginManager: Mounting plugin CustomMeshComponent
LogPluginManager: Mounting plugin EditableMesh
LogPluginManager: Mounting plugin ExampleDeviceProfileSelector
LogPluginManager: Mounting plugin GoogleCloudMessaging
LogPluginManager: Mounting plugin GooglePAD
LogPluginManager: Mounting plugin IOSDeviceProfileSelector
LogPluginManager: Mounting plugin LinuxDeviceProfileSelector
LogPluginManager: Mounting plugin LocationServicesBPLibrary
LogPluginManager: Mounting plugin MobilePatchingUtils
LogPluginManager: Mounting plugin OculusVR
LogPluginManager: Mounting plugin PhysXVehicles
LogPluginManager: Mounting plugin PostSplashScreen
LogPluginManager: Mounting plugin ProceduralMeshComponent
LogPluginManager: Mounting plugin RuntimePhysXCooking
LogPluginManager: Mounting plugin SignificanceManager
LogPluginManager: Mounting plugin SoundFields
LogPluginManager: Mounting plugin SteamVR
LogPluginManager: Mounting plugin Synthesis
LogPluginManager: Mounting plugin WebMMoviePlayer
LogPluginManager: Mounting plugin WindowsMoviePlayer
LogPluginManager: Mounting plugin ScreenshotTools
LogInit: Using libcurl 7.55.1-DEV
LogInit:  - built for x86_64-pc-win32
LogInit:  - supports SSL with OpenSSL/1.1.1
LogInit:  - supports HTTP deflate (compression) using libz 1.2.8
LogInit:  - other features:
LogInit:      CURL_VERSION_SSL
LogInit:      CURL_VERSION_LIBZ
LogInit:      CURL_VERSION_IPV6
LogInit:      CURL_VERSION_ASYNCHDNS
LogInit:      CURL_VERSION_LARGEFILE
LogInit:      CURL_VERSION_IDN
LogInit:  CurlRequestOptions (configurable via config and command line):
LogInit:  - bVerifyPeer = true  - Libcurl will verify peer certificate
LogInit:  - bUseHttpProxy = false  - Libcurl will NOT use HTTP proxy
LogInit:  - bDontReuseConnections = false  - Libcurl will reuse connections
LogInit:  - MaxHostConnections = 16  - Libcurl will limit the number of connections to a host
LogInit:  - LocalHostAddr = Default
LogInit:  - BufferSize = 65536
LogOnline: OSS: Creating online subsystem instance for: NULL
LogInit: WinSock: version 1.1 (2.2), MaxSocks=32767, MaxUdp=65467
LogOnline: OSS: TryLoadSubsystemAndSetDefault: Loaded subsystem for module [NULL]
LogInit: Build: ++UE4+Release-4.25-CL-13144385
LogInit: Engine Version: 4.25.0-13144385+++UE4+Release-4.25
LogInit: Compatible Engine Version: 4.25.0-13144385+++UE4+Release-4.25
LogInit: Net CL: 13144385
LogInit: OS: Windows 10 (Release 1809) (), CPU: AMD FX(tm)-8350 Eight-Core Processor           , GPU: NVIDIA GeForce GTX 770
LogInit: Compiled (64-bit): May  2 2020 02:12:11
LogInit: Compiled with Visual C++: 19.24.28315.00
LogInit: Build Configuration: Development
LogInit: Branch Name: ++UE4+Release-4.25
LogInit: Command Line: 
LogInit: Base Directory: D:/Epic Games/UE_4.25/Engine/Binaries/Win64/
LogInit: Allocator: TBB
LogInit: Installed Engine Build: 1
LogDevObjectVersion: Number of dev versions registered: 26
LogDevObjectVersion:   Dev-Blueprints (B0D832E4-1F89-4F0D-ACCF-7EB736FD4AA2): 10
LogDevObjectVersion:   Dev-Build (E1C64328-A22C-4D53-A36C-8E866417BD8C): 0
LogDevObjectVersion:   Dev-Core (375EC13C-06E4-48FB-B500-84F0262A717E): 4
LogDevObjectVersion:   Dev-Editor (E4B068ED-F494-42E9-A231-DA0B2E46BB41): 38
LogDevObjectVersion:   Dev-Framework (CFFC743F-43B0-4480-9391-14DF171D2073): 37
LogDevObjectVersion:   Dev-Mobile (B02B49B5-BB20-44E9-A304-32B752E40360): 2
LogDevObjectVersion:   Dev-Networking (A4E4105C-59A1-49B5-A7C5-40C4547EDFEE): 0
LogDevObjectVersion:   Dev-Online (39C831C9-5AE6-47DC-9A44-9C173E1C8E7C): 0
LogDevObjectVersion:   Dev-Physics (78F01B33-EBEA-4F98-B9B4-84EACCB95AA2): 4
LogDevObjectVersion:   Dev-Platform (6631380F-2D4D-43E0-8009-CF276956A95A): 0
LogDevObjectVersion:   Dev-Rendering (12F88B9F-8875-4AFC-A67C-D90C383ABD29): 43
LogDevObjectVersion:   Dev-Sequencer (7B5AE74C-D270-4C10-A958-57980B212A5A): 12
LogDevObjectVersion:   Dev-VR (D7296918-1DD6-4BDD-9DE2-64A83CC13884): 3
LogDevObjectVersion:   Dev-LoadTimes (C2A15278-BFE7-4AFE-6C17-90FF531DF755): 1
LogDevObjectVersion:   Private-Geometry (6EACA3D4-40EC-4CC1-B786-8BED09428FC5): 3
LogDevObjectVersion:   Dev-AnimPhys (29E575DD-E0A3-4627-9D10-D276232CDCEA): 17
LogDevObjectVersion:   Dev-Anim (AF43A65D-7FD3-4947-9873-3E8ED9C1BB05): 7
LogDevObjectVersion:   Dev-ReflectionCapture (6B266CEC-1EC7-4B8F-A30B-E4D90942FC07): 1
LogDevObjectVersion:   Dev-Automation (0DF73D61-A23F-47EA-B727-89E90C41499A): 1
LogDevObjectVersion:   FortniteMain (601D1886-AC64-4F84-AA16-D3DE0DEAC7D6): 31
LogDevObjectVersion:   Dev-Enterprise (9DFFBCD6-494F-0158-E221-12823C92A888): 10
LogDevObjectVersion:   Dev-Niagara (F2AED0AC-9AFE-416F-8664-AA7FFA26D6FC): 1
LogDevObjectVersion:   Dev-Destruction (174F1F0B-B4C6-45A5-B13F-2EE8D0FB917D): 10
LogDevObjectVersion:   Dev-Physics-Ext (35F94A83-E258-406C-A318-09F59610247C): 37
LogDevObjectVersion:   Dev-PhysicsMaterial-Chaos (B68FC16E-8B1B-42E2-B453-215C058844FE): 1
LogDevObjectVersion:   Dev-CineCamera (B2E18506-4273-CFC2-A54E-F4BB758BBA07): 1
LogInit: Presizing for max 25165824 objects, including 0 objects not considered by GC, pre-allocating 0 bytes for permanent pool.
LogConfig: Applying CVar settings from Section [/Script/Engine.StreamingSettings] File [C:/Projects/UE4/ZombieShooter/Cleaning-floor-retribution/ZombieShooterAnyCode/Saved/Config/Windows/Engine.ini]
LogConfig: Setting CVar [[s.MinBulkDataSizeForAsyncLoading:131072]]
LogConfig: Setting CVar [[s.AsyncLoadingThreadEnabled:0]]
LogConfig: Setting CVar [[s.EventDrivenLoaderEnabled:1]]
LogConfig: Setting CVar [[s.WarnIfTimeLimitExceeded:0]]
LogConfig: Setting CVar [[s.TimeLimitExceededMultiplier:1.5]]
LogConfig: Setting CVar [[s.TimeLimitExceededMinTime:0.005]]
LogConfig: Setting CVar [[s.UseBackgroundLevelStreaming:1]]
LogConfig: Setting CVar [[s.PriorityAsyncLoadingExtraTime:15.0]]
LogConfig: Setting CVar [[s.LevelStreamingActorsUpdateTimeLimit:5.0]]
LogConfig: Setting CVar [[s.PriorityLevelStreamingActorsUpdateExtraTime:5.0]]
LogConfig: Setting CVar [[s.LevelStreamingComponentsRegistrationGranularity:10]]
LogConfig: Setting CVar [[s.UnregisterComponentsTimeLimit:1.0]]
LogConfig: Setting CVar [[s.LevelStreamingComponentsUnregistrationGranularity:5]]
LogConfig: Setting CVar [[s.FlushStreamingOnExit:1]]
LogInit: Object subsystem initialized
LogConfig: Setting CVar [[con.DebugEarlyDefault:1]]
LogConfig: Setting CVar [[r.setres:1280x720]]
[2020.06.04-09.25.11:366][  0]LogConfig: Setting CVar [[r.VSync:0]]
[2020.06.04-09.25.11:366][  0]LogConfig: Setting CVar [[r.RHICmdBypass:0]]
[2020.06.04-09.25.11:366][  0]LogConfig: Applying CVar settings from Section [/Script/Engine.RendererSettings] File [C:/Projects/UE4/ZombieShooter/Cleaning-floor-retribution/ZombieShooterAnyCode/Saved/Config/Windows/Engine.ini]
[2020.06.04-09.25.11:366][  0]LogConfig: Setting CVar [[r.GPUCrashDebugging:0]]
[2020.06.04-09.25.11:366][  0]LogConfig: Applying CVar settings from Section [/Script/Engine.RendererOverrideSettings] File [C:/Projects/UE4/ZombieShooter/Cleaning-floor-retribution/ZombieShooterAnyCode/Saved/Config/Windows/Engine.ini]
[2020.06.04-09.25.11:367][  0]LogConfig: Applying CVar settings from Section [/Script/Engine.StreamingSettings] File [C:/Projects/UE4/ZombieShooter/Cleaning-floor-retribution/ZombieShooterAnyCode/Saved/Config/Windows/Engine.ini]
[2020.06.04-09.25.11:367][  0]LogConfig: Setting CVar [[s.MinBulkDataSizeForAsyncLoading:131072]]
[2020.06.04-09.25.11:367][  0]LogConfig: Setting CVar [[s.AsyncLoadingThreadEnabled:0]]
[2020.06.04-09.25.11:367][  0]LogConfig: Setting CVar [[s.EventDrivenLoaderEnabled:1]]
[2020.06.04-09.25.11:367][  0]LogConfig: Setting CVar [[s.WarnIfTimeLimitExceeded:0]]
[2020.06.04-09.25.11:367][  0]LogConfig: Setting CVar [[s.TimeLimitExceededMultiplier:1.5]]
[2020.06.04-09.25.11:367][  0]LogConfig: Setting CVar [[s.TimeLimitExceededMinTime:0.005]]
[2020.06.04-09.25.11:367][  0]LogConfig: Setting CVar [[s.UseBackgroundLevelStreaming:1]]
[2020.06.04-09.25.11:367][  0]LogConfig: Setting CVar [[s.PriorityAsyncLoadingExtraTime:15.0]]
[2020.06.04-09.25.11:367][  0]LogConfig: Setting CVar [[s.LevelStreamingActorsUpdateTimeLimit:5.0]]
[2020.06.04-09.25.11:367][  0]LogConfig: Setting CVar [[s.PriorityLevelStreamingActorsUpdateExtraTime:5.0]]
[2020.06.04-09.25.11:367][  0]LogConfig: Setting CVar [[s.LevelStreamingComponentsRegistrationGranularity:10]]
[2020.06.04-09.25.11:367][  0]LogConfig: Setting CVar [[s.UnregisterComponentsTimeLimit:1.0]]
[2020.06.04-09.25.11:367][  0]LogConfig: Setting CVar [[s.LevelStreamingComponentsUnregistrationGranularity:5]]
[2020.06.04-09.25.11:367][  0]LogConfig: Setting CVar [[s.FlushStreamingOnExit:1]]
[2020.06.04-09.25.11:367][  0]LogConfig: Applying CVar settings from Section [/Script/Engine.GarbageCollectionSettings] File [C:/Projects/UE4/ZombieShooter/Cleaning-floor-retribution/ZombieShooterAnyCode/Saved/Config/Windows/Engine.ini]
[2020.06.04-09.25.11:367][  0]LogConfig: Setting CVar [[gc.MaxObjectsNotConsideredByGC:1]]
[2020.06.04-09.25.11:367][  0]LogConfig: Setting CVar [[gc.SizeOfPermanentObjectPool:0]]
[2020.06.04-09.25.11:367][  0]LogConfig: Setting CVar [[gc.FlushStreamingOnGC:0]]
[2020.06.04-09.25.11:368][  0]LogConfig: Setting CVar [[gc.NumRetriesBeforeForcingGC:10]]
[2020.06.04-09.25.11:368][  0]LogConfig: Setting CVar [[gc.AllowParallelGC:1]]
[2020.06.04-09.25.11:368][  0]LogConfig: Setting CVar [[gc.TimeBetweenPurgingPendingKillObjects:61.1]]
[2020.06.04-09.25.11:368][  0]LogConfig: Setting CVar [[gc.MaxObjectsInEditor:25165824]]
[2020.06.04-09.25.11:368][  0]LogConfig: Setting CVar [[gc.IncrementalBeginDestroyEnabled:1]]
[2020.06.04-09.25.11:368][  0]LogConfig: Setting CVar [[gc.CreateGCClusters:1]]
[2020.06.04-09.25.11:368][  0]LogConfig: Setting CVar [[gc.MinGCClusterSize:5]]
[2020.06.04-09.25.11:368][  0]LogConfig: Setting CVar [[gc.ActorClusteringEnabled:0]]
[2020.06.04-09.25.11:368][  0]LogConfig: Setting CVar [[gc.BlueprintClusteringEnabled:0]]
[2020.06.04-09.25.11:368][  0]LogConfig: Setting CVar [[gc.UseDisregardForGCOnDedicatedServers:0]]
[2020.06.04-09.25.11:368][  0]LogConfig: Applying CVar settings from Section [/Script/Engine.NetworkSettings] File [C:/Projects/UE4/ZombieShooter/Cleaning-floor-retribution/ZombieShooterAnyCode/Saved/Config/Windows/Engine.ini]
[2020.06.04-09.25.11:368][  0]LogConfig: Applying CVar settings from Section [/Script/UnrealEd.CookerSettings] File [C:/Projects/UE4/ZombieShooter/Cleaning-floor-retribution/ZombieShooterAnyCode/Saved/Config/Windows/Engine.ini]
[2020.06.04-09.25.11:379][  0]LogConfig: Applying CVar settings from Section [ViewDistanceQuality@3] File [C:/Projects/UE4/ZombieShooter/Cleaning-floor-retribution/ZombieShooterAnyCode/Saved/Config/Windows/Scalability.ini]
[2020.06.04-09.25.11:379][  0]LogConfig: Setting CVar [[r.SkeletalMeshLODBias:0]]
[2020.06.04-09.25.11:379][  0]LogConfig: Setting CVar [[r.ViewDistanceScale:1.0]]
[2020.06.04-09.25.11:379][  0]LogConfig: Applying CVar settings from Section [AntiAliasingQuality@3] File [C:/Projects/UE4/ZombieShooter/Cleaning-floor-retribution/ZombieShooterAnyCode/Saved/Config/Windows/Scalability.ini]
[2020.06.04-09.25.11:379][  0]LogConfig: Setting CVar [[r.PostProcessAAQuality:4]]
[2020.06.04-09.25.11:379][  0]LogConfig: Applying CVar settings from Section [ShadowQuality@3] File [C:/Projects/UE4/ZombieShooter/Cleaning-floor-retribution/ZombieShooterAnyCode/Saved/Config/Windows/Scalability.ini]
[2020.06.04-09.25.11:379][  0]LogConfig: Setting CVar [[r.LightFunctionQuality:1]]
[2020.06.04-09.25.11:379][  0]LogConfig: Setting CVar [[r.ShadowQuality:5]]
[2020.06.04-09.25.11:379][  0]LogConfig: Setting CVar [[r.Shadow.CSM.MaxCascades:10]]
[2020.06.04-09.25.11:379][  0]LogConfig: Setting CVar [[r.Shadow.MaxResolution:2048]]
[2020.06.04-09.25.11:379][  0]LogConfig: Setting CVar [[r.Shadow.MaxCSMResolution:2048]]
[2020.06.04-09.25.11:379][  0]LogConfig: Setting CVar [[r.Shadow.RadiusThreshold:0.01]]
[2020.06.04-09.25.11:379][  0]LogConfig: Setting CVar [[r.Shadow.DistanceScale:1.0]]
[2020.06.04-09.25.11:379][  0]LogConfig: Setting CVar [[r.Shadow.CSM.TransitionScale:1.0]]
[2020.06.04-09.25.11:379][  0]LogConfig: Setting CVar [[r.Shadow.PreShadowResolutionFactor:1.0]]
[2020.06.04-09.25.11:379][  0]LogConfig: Setting CVar [[r.DistanceFieldShadowing:1]]
[2020.06.04-09.25.11:379][  0]LogConfig: Setting CVar [[r.DistanceFieldAO:1]]
[2020.06.04-09.25.11:379][  0]LogConfig: Setting CVar [[r.AOQuality:2]]
[2020.06.04-09.25.11:379][  0]LogConfig: Setting CVar [[r.VolumetricFog:1]]
[2020.06.04-09.25.11:379][  0]LogConfig: Setting CVar [[r.VolumetricFog.GridPixelSize:8]]
[2020.06.04-09.25.11:379][  0]LogConfig: Setting CVar [[r.VolumetricFog.GridSizeZ:128]]
[2020.06.04-09.25.11:379][  0]LogConfig: Setting CVar [[r.VolumetricFog.HistoryMissSupersampleCount:4]]
[2020.06.04-09.25.11:379][  0]LogConfig: Setting CVar [[r.LightMaxDrawDistanceScale:1]]
[2020.06.04-09.25.11:379][  0]LogConfig: Setting CVar [[r.CapsuleShadows:1]]
[2020.06.04-09.25.11:379][  0]LogConfig: Applying CVar settings from Section [PostProcessQuality@3] File [C:/Projects/UE4/ZombieShooter/Cleaning-floor-retribution/ZombieShooterAnyCode/Saved/Config/Windows/Scalability.ini]
[2020.06.04-09.25.11:379][  0]LogConfig: Setting CVar [[r.MotionBlurQuality:4]]
[2020.06.04-09.25.11:379][  0]LogConfig: Setting CVar [[r.AmbientOcclusionMipLevelFactor:0.4]]
[2020.06.04-09.25.11:379][  0]LogConfig: Setting CVar [[r.AmbientOcclusionMaxQuality:100]]
[2020.06.04-09.25.11:379][  0]LogConfig: Setting CVar [[r.AmbientOcclusionLevels:-1]]
[2020.06.04-09.25.11:379][  0]LogConfig: Setting CVar [[r.AmbientOcclusionRadiusScale:1.0]]
[2020.06.04-09.25.11:379][  0]LogConfig: Setting CVar [[r.DepthOfFieldQuality:2]]
[2020.06.04-09.25.11:379][  0]LogConfig: Setting CVar [[r.RenderTargetPoolMin:400]]
[2020.06.04-09.25.11:379][  0]LogConfig: Setting CVar [[r.LensFlareQuality:2]]
[2020.06.04-09.25.11:379][  0]LogConfig: Setting CVar [[r.SceneColorFringeQuality:1]]
[2020.06.04-09.25.11:379][  0]LogConfig: Setting CVar [[r.EyeAdaptationQuality:2]]
[2020.06.04-09.25.11:379][  0]LogConfig: Setting CVar [[r.BloomQuality:5]]
[2020.06.04-09.25.11:379][  0]LogConfig: Setting CVar [[r.FastBlurThreshold:100]]
[2020.06.04-09.25.11:379][  0]LogConfig: Setting CVar [[r.Upscale.Quality:3]]
[2020.06.04-09.25.11:379][  0]LogConfig: Setting CVar [[r.Tonemapper.GrainQuantization:1]]
[2020.06.04-09.25.11:379][  0]LogConfig: Setting CVar [[r.LightShaftQuality:1]]
[2020.06.04-09.25.11:379][  0]LogConfig: Setting CVar [[r.Filter.SizeScale:1]]
[2020.06.04-09.25.11:379][  0]LogConfig: Setting CVar [[r.Tonemapper.Quality:5]]
[2020.06.04-09.25.11:379][  0]LogConfig: Setting CVar [[r.DOF.Gather.AccumulatorQuality:1        ; higher gathering accumulator quality]]
[2020.06.04-09.25.11:379][  0]LogConfig: Setting CVar [[r.DOF.Gather.PostfilterMethod:1          ; Median3x3 postfilering method]]
[2020.06.04-09.25.11:379][  0]LogConfig: Setting CVar [[r.DOF.Gather.EnableBokehSettings:0       ; no bokeh simulation when gathering]]
[2020.06.04-09.25.11:379][  0]LogConfig: Setting CVar [[r.DOF.Gather.RingCount:4                 ; medium number of samples when gathering]]
[2020.06.04-09.25.11:379][  0]LogConfig: Setting CVar [[r.DOF.Scatter.ForegroundCompositing:1    ; additive foreground scattering]]
[2020.06.04-09.25.11:379][  0]LogConfig: Setting CVar [[r.DOF.Scatter.BackgroundCompositing:2    ; additive background scattering]]
[2020.06.04-09.25.11:379][  0]LogConfig: Setting CVar [[r.DOF.Scatter.EnableBokehSettings:1      ; bokeh simulation when scattering]]
[2020.06.04-09.25.11:379][  0]LogConfig: Setting CVar [[r.DOF.Scatter.MaxSpriteRatio:0.1         ; only a maximum of 10% of scattered bokeh]]
[2020.06.04-09.25.11:379][  0]LogConfig: Setting CVar [[r.DOF.Recombine.Quality:1                ; cheap slight out of focus]]
[2020.06.04-09.25.11:380][  0]LogConfig: Setting CVar [[r.DOF.Recombine.EnableBokehSettings:0    ; no bokeh simulation on slight out of focus]]
[2020.06.04-09.25.11:380][  0]LogConfig: Setting CVar [[r.DOF.TemporalAAQuality:1                ; more stable temporal accumulation]]
[2020.06.04-09.25.11:380][  0]LogConfig: Setting CVar [[r.DOF.Kernel.MaxForegroundRadius:0.025]]
[2020.06.04-09.25.11:380][  0]LogConfig: Setting CVar [[r.DOF.Kernel.MaxBackgroundRadius:0.025]]
[2020.06.04-09.25.11:380][  0]LogConfig: Applying CVar settings from Section [TextureQuality@3] File [C:/Projects/UE4/ZombieShooter/Cleaning-floor-retribution/ZombieShooterAnyCode/Saved/Config/Windows/Scalability.ini]
[2020.06.04-09.25.11:380][  0]LogConfig: Setting CVar [[r.Streaming.MipBias:0]]
[2020.06.04-09.25.11:380][  0]LogConfig: Setting CVar [[r.Streaming.AmortizeCPUToGPUCopy:0]]
[2020.06.04-09.25.11:380][  0]LogConfig: Setting CVar [[r.Streaming.MaxNumTexturesToStreamPerFrame:0]]
[2020.06.04-09.25.11:380][  0]LogConfig: Setting CVar [[r.Streaming.Boost:1]]
[2020.06.04-09.25.11:380][  0]LogConfig: Setting CVar [[r.MaxAnisotropy:8]]
[2020.06.04-09.25.11:380][  0]LogConfig: Setting CVar [[r.VT.MaxAnisotropy:8]]
[2020.06.04-09.25.11:380][  0]LogConfig: Setting CVar [[r.Streaming.LimitPoolSizeToVRAM:0]]
[2020.06.04-09.25.11:380][  0]LogConfig: Setting CVar [[r.Streaming.PoolSize:1000]]
[2020.06.04-09.25.11:380][  0]LogConfig: Setting CVar [[r.Streaming.MaxEffectiveScreenSize:0]]
[2020.06.04-09.25.11:380][  0]LogConfig: Applying CVar settings from Section [EffectsQuality@3] File [C:/Projects/UE4/ZombieShooter/Cleaning-floor-retribution/ZombieShooterAnyCode/Saved/Config/Windows/Scalability.ini]
[2020.06.04-09.25.11:380][  0]LogConfig: Setting CVar [[r.TranslucencyLightingVolumeDim:64]]
[2020.06.04-09.25.11:380][  0]LogConfig: Setting CVar [[r.RefractionQuality:2]]
[2020.06.04-09.25.11:380][  0]LogConfig: Setting CVar [[r.SSR.Quality:3]]
[2020.06.04-09.25.11:380][  0]LogConfig: Setting CVar [[r.SSR.HalfResSceneColor:0]]
[2020.06.04-09.25.11:380][  0]LogConfig: Setting CVar [[r.SceneColorFormat:4]]
[2020.06.04-09.25.11:380][  0]LogConfig: Setting CVar [[r.DetailMode:2]]
[2020.06.04-09.25.11:380][  0]LogConfig: Setting CVar [[r.TranslucencyVolumeBlur:1]]
[2020.06.04-09.25.11:380][  0]LogConfig: Setting CVar [[r.MaterialQualityLevel:1 ; High quality]]
[2020.06.04-09.25.11:380][  0]LogConfig: Setting CVar [[r.SSS.Scale:1]]
[2020.06.04-09.25.11:380][  0]LogConfig: Setting CVar [[r.SSS.SampleSet:2]]
[2020.06.04-09.25.11:380][  0]LogConfig: Setting CVar [[r.SSS.Quality:1]]
[2020.06.04-09.25.11:380][  0]LogConfig: Setting CVar [[r.SSS.HalfRes:0]]
[2020.06.04-09.25.11:380][  0]LogConfig: Setting CVar [[r.SSGI.Quality:3]]
[2020.06.04-09.25.11:380][  0]LogConfig: Setting CVar [[r.EmitterSpawnRateScale:1.0]]
[2020.06.04-09.25.11:380][  0]LogConfig: Setting CVar [[r.ParticleLightQuality:2]]
[2020.06.04-09.25.11:380][  0]LogConfig: Setting CVar [[r.SkyAtmosphere.AerialPerspectiveLUT.FastApplyOnOpaque:1 ; Always have FastSkyLUT 1 in this case to avoid wrong sky]]
[2020.06.04-09.25.11:380][  0]LogConfig: Setting CVar [[r.SkyAtmosphere.AerialPerspectiveLUT.SampleCountPerSlice:1]]
[2020.06.04-09.25.11:380][  0]LogConfig: Setting CVar [[r.SkyAtmosphere.AerialPerspectiveLUT.DepthResolution:16.0]]
[2020.06.04-09.25.11:380][  0]LogConfig: Setting CVar [[r.SkyAtmosphere.FastSkyLUT:1]]
[2020.06.04-09.25.11:380][  0]LogConfig: Setting CVar [[r.SkyAtmosphere.FastSkyLUT.SampleCountMin:4.0]]
[2020.06.04-09.25.11:380][  0]LogConfig: Setting CVar [[r.SkyAtmosphere.FastSkyLUT.SampleCountMax:32.0]]
[2020.06.04-09.25.11:380][  0]LogConfig: Setting CVar [[r.SkyAtmosphere.SampleCountMin:4.0]]
[2020.06.04-09.25.11:380][  0]LogConfig: Setting CVar [[r.SkyAtmosphere.SampleCountMax:32.0]]
[2020.06.04-09.25.11:380][  0]LogConfig: Setting CVar [[r.SkyAtmosphere.TransmittanceLUT.UseSmallFormat:0]]
[2020.06.04-09.25.11:380][  0]LogConfig: Setting CVar [[r.SkyAtmosphere.TransmittanceLUT.SampleCount:10.0]]
[2020.06.04-09.25.11:380][  0]LogConfig: Setting CVar [[r.SkyAtmosphere.MultiScatteringLUT.SampleCount:15.0]]
[2020.06.04-09.25.11:380][  0]LogConfig: Applying CVar settings from Section [FoliageQuality@3] File [C:/Projects/UE4/ZombieShooter/Cleaning-floor-retribution/ZombieShooterAnyCode/Saved/Config/Windows/Scalability.ini]
[2020.06.04-09.25.11:380][  0]LogConfig: Setting CVar [[foliage.DensityScale:1.0]]
[2020.06.04-09.25.11:380][  0]LogConfig: Setting CVar [[grass.DensityScale:1.0]]
[2020.06.04-09.25.11:380][  0]LogConfig: Applying CVar settings from Section [ShadingQuality@3] File [C:/Projects/UE4/ZombieShooter/Cleaning-floor-retribution/ZombieShooterAnyCode/Saved/Config/Windows/Scalability.ini]
[2020.06.04-09.25.11:380][  0]LogConfig: Setting CVar [[r.HairStrands.SkyLighting.SampleCount:16]]
[2020.06.04-09.25.11:380][  0]LogConfig: Setting CVar [[r.HairStrands.SkyLighting.JitterIntegration:0]]
[2020.06.04-09.25.11:380][  0]LogConfig: Setting CVar [[r.HairStrands.SkyAO.SampleCount:16]]
[2020.06.04-09.25.11:380][  0]LogConfig: Setting CVar [[r.HairStrands.DeepShadow.SuperSampling:0]]
[2020.06.04-09.25.11:380][  0]LogConfig: Setting CVar [[r.HairStrands.VisibilityPPLL:0]]
[2020.06.04-09.25.11:380][  0]LogConfig: Setting CVar [[r.HairStrands.RasterizationScale:0.5]]
[2020.06.04-09.25.11:380][  0]LogConfig: Setting CVar [[r.HairStrands.VelocityRasterizationScale:1]]
[2020.06.04-09.25.11:381][  0]LogInit: Selected Device Profile: [Windows]
[2020.06.04-09.25.11:381][  0]LogInit: Applying CVar settings loaded from the selected device profile: [Windows]
[2020.06.04-09.25.11:381][  0]LogHAL: Display: Platform has ~ 12 GB [12828168192 / 17179869184 / 12], which maps to Larger [LargestMinGB=32, LargerMinGB=12, DefaultMinGB=8, SmallerMinGB=6, SmallestMinGB=0)
[2020.06.04-09.25.11:381][  0]LogInit: Going up to parent DeviceProfile []
[2020.06.04-09.25.11:381][  0]LogConfig: Applying CVar settings from Section [ViewDistanceQuality@3] File [C:/Projects/UE4/ZombieShooter/Cleaning-floor-retribution/ZombieShooterAnyCode/Saved/Config/Windows/Scalability.ini]
[2020.06.04-09.25.11:381][  0]LogConfig: Setting CVar [[r.SkeletalMeshLODBias:0]]
[2020.06.04-09.25.11:381][  0]LogConfig: Setting CVar [[r.ViewDistanceScale:1.0]]
[2020.06.04-09.25.11:381][  0]LogConfig: Applying CVar settings from Section [AntiAliasingQuality@3] File [C:/Projects/UE4/ZombieShooter/Cleaning-floor-retribution/ZombieShooterAnyCode/Saved/Config/Windows/Scalability.ini]
[2020.06.04-09.25.11:381][  0]LogConfig: Setting CVar [[r.PostProcessAAQuality:4]]
[2020.06.04-09.25.11:381][  0]LogConfig: Applying CVar settings from Section [ShadowQuality@3] File [C:/Projects/UE4/ZombieShooter/Cleaning-floor-retribution/ZombieShooterAnyCode/Saved/Config/Windows/Scalability.ini]
[2020.06.04-09.25.11:381][  0]LogConfig: Setting CVar [[r.LightFunctionQuality:1]]
[2020.06.04-09.25.11:381][  0]LogConfig: Setting CVar [[r.ShadowQuality:5]]
[2020.06.04-09.25.11:381][  0]LogConfig: Setting CVar [[r.Shadow.CSM.MaxCascades:10]]
[2020.06.04-09.25.11:381][  0]LogConfig: Setting CVar [[r.Shadow.MaxResolution:2048]]
[2020.06.04-09.25.11:381][  0]LogConfig: Setting CVar [[r.Shadow.MaxCSMResolution:2048]]
[2020.06.04-09.25.11:381][  0]LogConfig: Setting CVar [[r.Shadow.RadiusThreshold:0.01]]
[2020.06.04-09.25.11:381][  0]LogConfig: Setting CVar [[r.Shadow.DistanceScale:1.0]]
[2020.06.04-09.25.11:381][  0]LogConfig: Setting CVar [[r.Shadow.CSM.TransitionScale:1.0]]
[2020.06.04-09.25.11:381][  0]LogConfig: Setting CVar [[r.Shadow.PreShadowResolutionFactor:1.0]]
[2020.06.04-09.25.11:381][  0]LogConfig: Setting CVar [[r.DistanceFieldShadowing:1]]
[2020.06.04-09.25.11:381][  0]LogConfig: Setting CVar [[r.DistanceFieldAO:1]]
[2020.06.04-09.25.11:381][  0]LogConfig: Setting CVar [[r.AOQuality:2]]
[2020.06.04-09.25.11:381][  0]LogConfig: Setting CVar [[r.VolumetricFog:1]]
[2020.06.04-09.25.11:381][  0]LogConfig: Setting CVar [[r.VolumetricFog.GridPixelSize:8]]
[2020.06.04-09.25.11:381][  0]LogConfig: Setting CVar [[r.VolumetricFog.GridSizeZ:128]]
[2020.06.04-09.25.11:381][  0]LogConfig: Setting CVar [[r.VolumetricFog.HistoryMissSupersampleCount:4]]
[2020.06.04-09.25.11:381][  0]LogConfig: Setting CVar [[r.LightMaxDrawDistanceScale:1]]
[2020.06.04-09.25.11:381][  0]LogConfig: Setting CVar [[r.CapsuleShadows:1]]
[2020.06.04-09.25.11:381][  0]LogConfig: Applying CVar settings from Section [PostProcessQuality@3] File [C:/Projects/UE4/ZombieShooter/Cleaning-floor-retribution/ZombieShooterAnyCode/Saved/Config/Windows/Scalability.ini]
[2020.06.04-09.25.11:381][  0]LogConfig: Setting CVar [[r.MotionBlurQuality:4]]
[2020.06.04-09.25.11:381][  0]LogConfig: Setting CVar [[r.AmbientOcclusionMipLevelFactor:0.4]]
[2020.06.04-09.25.11:381][  0]LogConfig: Setting CVar [[r.AmbientOcclusionMaxQuality:100]]
[2020.06.04-09.25.11:381][  0]LogConfig: Setting CVar [[r.AmbientOcclusionLevels:-1]]
[2020.06.04-09.25.11:381][  0]LogConfig: Setting CVar [[r.AmbientOcclusionRadiusScale:1.0]]
[2020.06.04-09.25.11:381][  0]LogConfig: Setting CVar [[r.DepthOfFieldQuality:2]]
[2020.06.04-09.25.11:381][  0]LogConfig: Setting CVar [[r.RenderTargetPoolMin:400]]
[2020.06.04-09.25.11:381][  0]LogConfig: Setting CVar [[r.LensFlareQuality:2]]
[2020.06.04-09.25.11:381][  0]LogConfig: Setting CVar [[r.SceneColorFringeQuality:1]]
[2020.06.04-09.25.11:381][  0]LogConfig: Setting CVar [[r.EyeAdaptationQuality:2]]
[2020.06.04-09.25.11:381][  0]LogConfig: Setting CVar [[r.BloomQuality:5]]
[2020.06.04-09.25.11:381][  0]LogConfig: Setting CVar [[r.FastBlurThreshold:100]]
[2020.06.04-09.25.11:381][  0]LogConfig: Setting CVar [[r.Upscale.Quality:3]]
[2020.06.04-09.25.11:381][  0]LogConfig: Setting CVar [[r.Tonemapper.GrainQuantization:1]]
[2020.06.04-09.25.11:381][  0]LogConfig: Setting CVar [[r.LightShaftQuality:1]]
[2020.06.04-09.25.11:381][  0]LogConfig: Setting CVar [[r.Filter.SizeScale:1]]
[2020.06.04-09.25.11:381][  0]LogConfig: Setting CVar [[r.Tonemapper.Quality:5]]
[2020.06.04-09.25.11:382][  0]LogConfig: Setting CVar [[r.DOF.Gather.AccumulatorQuality:1        ; higher gathering accumulator quality]]
[2020.06.04-09.25.11:382][  0]LogConfig: Setting CVar [[r.DOF.Gather.PostfilterMethod:1          ; Median3x3 postfilering method]]
[2020.06.04-09.25.11:382][  0]LogConfig: Setting CVar [[r.DOF.Gather.EnableBokehSettings:0       ; no bokeh simulation when gathering]]
[2020.06.04-09.25.11:382][  0]LogConfig: Setting CVar [[r.DOF.Gather.RingCount:4                 ; medium number of samples when gathering]]
[2020.06.04-09.25.11:382][  0]LogConfig: Setting CVar [[r.DOF.Scatter.ForegroundCompositing:1    ; additive foreground scattering]]
[2020.06.04-09.25.11:382][  0]LogConfig: Setting CVar [[r.DOF.Scatter.BackgroundCompositing:2    ; additive background scattering]]
[2020.06.04-09.25.11:382][  0]LogConfig: Setting CVar [[r.DOF.Scatter.EnableBokehSettings:1      ; bokeh simulation when scattering]]
[2020.06.04-09.25.11:382][  0]LogConfig: Setting CVar [[r.DOF.Scatter.MaxSpriteRatio:0.1         ; only a maximum of 10% of scattered bokeh]]
[2020.06.04-09.25.11:382][  0]LogConfig: Setting CVar [[r.DOF.Recombine.Quality:1                ; cheap slight out of focus]]
[2020.06.04-09.25.11:382][  0]LogConfig: Setting CVar [[r.DOF.Recombine.EnableBokehSettings:0    ; no bokeh simulation on slight out of focus]]
[2020.06.04-09.25.11:382][  0]LogConfig: Setting CVar [[r.DOF.TemporalAAQuality:1                ; more stable temporal accumulation]]
[2020.06.04-09.25.11:382][  0]LogConfig: Setting CVar [[r.DOF.Kernel.MaxForegroundRadius:0.025]]
[2020.06.04-09.25.11:382][  0]LogConfig: Setting CVar [[r.DOF.Kernel.MaxBackgroundRadius:0.025]]
[2020.06.04-09.25.11:382][  0]LogConfig: Applying CVar settings from Section [TextureQuality@3] File [C:/Projects/UE4/ZombieShooter/Cleaning-floor-retribution/ZombieShooterAnyCode/Saved/Config/Windows/Scalability.ini]
[2020.06.04-09.25.11:382][  0]LogConfig: Setting CVar [[r.Streaming.MipBias:0]]
[2020.06.04-09.25.11:382][  0]LogConfig: Setting CVar [[r.Streaming.AmortizeCPUToGPUCopy:0]]
[2020.06.04-09.25.11:382][  0]LogConfig: Setting CVar [[r.Streaming.MaxNumTexturesToStreamPerFrame:0]]
[2020.06.04-09.25.11:382][  0]LogConfig: Setting CVar [[r.Streaming.Boost:1]]
[2020.06.04-09.25.11:382][  0]LogConfig: Setting CVar [[r.MaxAnisotropy:8]]
[2020.06.04-09.25.11:382][  0]LogConfig: Setting CVar [[r.VT.MaxAnisotropy:8]]
[2020.06.04-09.25.11:382][  0]LogConfig: Setting CVar [[r.Streaming.LimitPoolSizeToVRAM:0]]
[2020.06.04-09.25.11:382][  0]LogConfig: Setting CVar [[r.Streaming.PoolSize:1000]]
[2020.06.04-09.25.11:382][  0]LogConfig: Setting CVar [[r.Streaming.MaxEffectiveScreenSize:0]]
[2020.06.04-09.25.11:382][  0]LogConfig: Applying CVar settings from Section [EffectsQuality@3] File [C:/Projects/UE4/ZombieShooter/Cleaning-floor-retribution/ZombieShooterAnyCode/Saved/Config/Windows/Scalability.ini]
[2020.06.04-09.25.11:382][  0]LogConfig: Setting CVar [[r.TranslucencyLightingVolumeDim:64]]
[2020.06.04-09.25.11:382][  0]LogConfig: Setting CVar [[r.RefractionQuality:2]]
[2020.06.04-09.25.11:382][  0]LogConfig: Setting CVar [[r.SSR.Quality:3]]
[2020.06.04-09.25.11:382][  0]LogConfig: Setting CVar [[r.SSR.HalfResSceneColor:0]]
[2020.06.04-09.25.11:382][  0]LogConfig: Setting CVar [[r.SceneColorFormat:4]]
[2020.06.04-09.25.11:382][  0]LogConfig: Setting CVar [[r.DetailMode:2]]
[2020.06.04-09.25.11:382][  0]LogConfig: Setting CVar [[r.TranslucencyVolumeBlur:1]]
[2020.06.04-09.25.11:382][  0]LogConfig: Setting CVar [[r.MaterialQualityLevel:1 ; High quality]]
[2020.06.04-09.25.11:382][  0]LogConfig: Setting CVar [[r.SSS.Scale:1]]
[2020.06.04-09.25.11:382][  0]LogConfig: Setting CVar [[r.SSS.SampleSet:2]]
[2020.06.04-09.25.11:382][  0]LogConfig: Setting CVar [[r.SSS.Quality:1]]
[2020.06.04-09.25.11:382][  0]LogConfig: Setting CVar [[r.SSS.HalfRes:0]]
[2020.06.04-09.25.11:382][  0]LogConfig: Setting CVar [[r.SSGI.Quality:3]]
[2020.06.04-09.25.11:382][  0]LogConfig: Setting CVar [[r.EmitterSpawnRateScale:1.0]]
[2020.06.04-09.25.11:382][  0]LogConfig: Setting CVar [[r.ParticleLightQuality:2]]
[2020.06.04-09.25.11:382][  0]LogConfig: Setting CVar [[r.SkyAtmosphere.AerialPerspectiveLUT.FastApplyOnOpaque:1 ; Always have FastSkyLUT 1 in this case to avoid wrong sky]]
[2020.06.04-09.25.11:382][  0]LogConfig: Setting CVar [[r.SkyAtmosphere.AerialPerspectiveLUT.SampleCountPerSlice:1]]
[2020.06.04-09.25.11:382][  0]LogConfig: Setting CVar [[r.SkyAtmosphere.AerialPerspectiveLUT.DepthResolution:16.0]]
[2020.06.04-09.25.11:382][  0]LogConfig: Setting CVar [[r.SkyAtmosphere.FastSkyLUT:1]]
[2020.06.04-09.25.11:382][  0]LogConfig: Setting CVar [[r.SkyAtmosphere.FastSkyLUT.SampleCountMin:4.0]]
[2020.06.04-09.25.11:382][  0]LogConfig: Setting CVar [[r.SkyAtmosphere.FastSkyLUT.SampleCountMax:32.0]]
[2020.06.04-09.25.11:382][  0]LogConfig: Setting CVar [[r.SkyAtmosphere.SampleCountMin:4.0]]
[2020.06.04-09.25.11:382][  0]LogConfig: Setting CVar [[r.SkyAtmosphere.SampleCountMax:32.0]]
[2020.06.04-09.25.11:382][  0]LogConfig: Setting CVar [[r.SkyAtmosphere.TransmittanceLUT.UseSmallFormat:0]]
[2020.06.04-09.25.11:382][  0]LogConfig: Setting CVar [[r.SkyAtmosphere.TransmittanceLUT.SampleCount:10.0]]
[2020.06.04-09.25.11:382][  0]LogConfig: Setting CVar [[r.SkyAtmosphere.MultiScatteringLUT.SampleCount:15.0]]
[2020.06.04-09.25.11:382][  0]LogConfig: Applying CVar settings from Section [FoliageQuality@3] File [C:/Projects/UE4/ZombieShooter/Cleaning-floor-retribution/ZombieShooterAnyCode/Saved/Config/Windows/Scalability.ini]
[2020.06.04-09.25.11:382][  0]LogConfig: Setting CVar [[foliage.DensityScale:1.0]]
[2020.06.04-09.25.11:382][  0]LogConfig: Setting CVar [[grass.DensityScale:1.0]]
[2020.06.04-09.25.11:383][  0]LogConfig: Applying CVar settings from Section [ShadingQuality@3] File [C:/Projects/UE4/ZombieShooter/Cleaning-floor-retribution/ZombieShooterAnyCode/Saved/Config/Windows/Scalability.ini]
[2020.06.04-09.25.11:383][  0]LogConfig: Setting CVar [[r.HairStrands.SkyLighting.SampleCount:16]]
[2020.06.04-09.25.11:383][  0]LogConfig: Setting CVar [[r.HairStrands.SkyLighting.JitterIntegration:0]]
[2020.06.04-09.25.11:383][  0]LogConfig: Setting CVar [[r.HairStrands.SkyAO.SampleCount:16]]
[2020.06.04-09.25.11:383][  0]LogConfig: Setting CVar [[r.HairStrands.DeepShadow.SuperSampling:0]]
[2020.06.04-09.25.11:383][  0]LogConfig: Setting CVar [[r.HairStrands.VisibilityPPLL:0]]
[2020.06.04-09.25.11:383][  0]LogConfig: Setting CVar [[r.HairStrands.RasterizationScale:0.5]]
[2020.06.04-09.25.11:383][  0]LogConfig: Setting CVar [[r.HairStrands.VelocityRasterizationScale:1]]
[2020.06.04-09.25.11:383][  0]LogConfig: Applying CVar settings from Section [Startup] File [../../../Engine/Config/ConsoleVariables.ini]
[2020.06.04-09.25.11:383][  0]LogConfig: Setting CVar [[net.UseAdaptiveNetUpdateFrequency:0]]
[2020.06.04-09.25.11:383][  0]LogConfig: Setting CVar [[p.chaos.AllowCreatePhysxBodies:1]]
[2020.06.04-09.25.11:383][  0]LogConfig: Setting CVar [[fx.SkipVectorVMBackendOptimizations:1]]
[2020.06.04-09.25.11:383][  0]LogConfig: Applying CVar settings from Section [ConsoleVariables] File [C:/Projects/UE4/ZombieShooter/Cleaning-floor-retribution/ZombieShooterAnyCode/Saved/Config/Windows/Engine.ini]
[2020.06.04-09.25.11:383][  0]LogInit: Computer: STREAM-MACHINE
[2020.06.04-09.25.11:383][  0]LogInit: User: Soraksis
[2020.06.04-09.25.11:383][  0]LogInit: CPU Page size=4096, Cores=4
[2020.06.04-09.25.11:383][  0]LogInit: High frequency timer resolution =10.000000 MHz
[2020.06.04-09.25.11:383][  0]LogMemory: Memory total: Physical=11.9GB (12GB approx)
[2020.06.04-09.25.11:383][  0]LogMemory: Platform Memory Stats for Windows
[2020.06.04-09.25.11:383][  0]LogMemory: Process Physical Memory: 115.54 MB used, 115.54 MB peak
[2020.06.04-09.25.11:383][  0]LogMemory: Process Virtual Memory: 97.34 MB used, 97.34 MB peak
[2020.06.04-09.25.11:383][  0]LogMemory: Physical Memory: 5769.77 MB used,  6464.13 MB free, 12233.89 MB total
[2020.06.04-09.25.11:383][  0]LogMemory: Virtual Memory: 5159.61 MB used,  134212568.00 MB free, 134217728.00 MB total
[2020.06.04-09.25.11:391][  0]LogWindows: WindowsPlatformFeatures enabled
[2020.06.04-09.25.11:436][  0]LogInit: Physics initialised using underlying interface: PhysX
[2020.06.04-09.25.11:437][  0]LogInit: Using OS detected language (fr-FR).
[2020.06.04-09.25.11:437][  0]LogInit: Using OS detected locale (fr-FR).
[2020.06.04-09.25.11:440][  0]LogTextLocalizationManager: No specific localization for 'fr-FR' exists, so the 'fr' localization will be used.
[2020.06.04-09.25.11:441][  0]LogTextLocalizationResource: LocRes '../../../Engine/Content/Localization/Editor/fr/Editor.locres' could not be opened for reading!
[2020.06.04-09.25.11:441][  0]LogTextLocalizationResource: LocRes '../../../Engine/Content/Localization/EditorTutorials/fr/EditorTutorials.locres' could not be opened for reading!
[2020.06.04-09.25.11:441][  0]LogTextLocalizationResource: LocRes '../../../Engine/Content/Localization/Keywords/fr/Keywords.locres' could not be opened for reading!
[2020.06.04-09.25.11:441][  0]LogTextLocalizationResource: LocRes '../../../Engine/Content/Localization/Category/fr/Category.locres' could not be opened for reading!
[2020.06.04-09.25.11:441][  0]LogTextLocalizationResource: LocRes '../../../Engine/Content/Localization/ToolTips/fr/ToolTips.locres' could not be opened for reading!
[2020.06.04-09.25.11:441][  0]LogTextLocalizationResource: LocRes '../../../Engine/Content/Localization/PropertyNames/fr/PropertyNames.locres' could not be opened for reading!
[2020.06.04-09.25.11:441][  0]LogTextLocalizationResource: LocRes '../../../Engine/Content/Localization/Engine/fr/Engine.locres' could not be opened for reading!
[2020.06.04-09.25.11:442][  0]LogInit: Setting process to per monitor DPI aware
[2020.06.04-09.25.11:488][  0]LogSlate: New Slate User Created.  User Index 0, Is Virtual User: 0
[2020.06.04-09.25.11:488][  0]LogSlate: Slate User Registered.  User Index 0, Is Virtual User: 0
[2020.06.04-09.25.11:663][  0]LogHMD: Failed to initialize OpenVR with code 110
[2020.06.04-09.25.11:663][  0]LogD3D11RHI: D3D11 min allowed feature level: 11_0
[2020.06.04-09.25.11:663][  0]LogD3D11RHI: D3D11 max allowed feature level: 11_0
[2020.06.04-09.25.11:663][  0]LogD3D11RHI: D3D11 adapters:
[2020.06.04-09.25.11:757][  0]LogD3D11RHI:    0. 'NVIDIA GeForce GTX 770' (Feature Level 11_0)
[2020.06.04-09.25.11:757][  0]LogD3D11RHI:       2007/0/6116 MB DedicatedVideo/DedicatedSystem/SharedSystem, Outputs:2, VendorId:0x10de
[2020.06.04-09.25.11:760][  0]LogD3D11RHI:    1. 'Microsoft Basic Render Driver' (Feature Level 11_0)
[2020.06.04-09.25.11:760][  0]LogD3D11RHI:       0/0/6116 MB DedicatedVideo/DedicatedSystem/SharedSystem, Outputs:0, VendorId:0x1414
[2020.06.04-09.25.11:760][  0]LogD3D11RHI: Chosen D3D11 Adapter: 0
[2020.06.04-09.25.11:771][  0]LogD3D11RHI: Creating new Direct3DDevice
[2020.06.04-09.25.11:771][  0]LogD3D11RHI:     GPU DeviceId: 0x1184 (for the marketing name, search the web for "GPU Device Id")
[2020.06.04-09.25.11:771][  0]LogWindows: EnumDisplayDevices:
[2020.06.04-09.25.11:771][  0]LogWindows:    0. 'NVIDIA GeForce GTX 770' (P:1 D:1)
[2020.06.04-09.25.11:771][  0]LogWindows:    1. 'NVIDIA GeForce GTX 770' (P:0 D:1)
[2020.06.04-09.25.11:772][  0]LogWindows:    2. 'NVIDIA GeForce GTX 770' (P:0 D:0)
[2020.06.04-09.25.11:772][  0]LogWindows:    3. 'NVIDIA GeForce GTX 770' (P:0 D:0)
[2020.06.04-09.25.11:772][  0]LogWindows: DebugString: FoundDriverCount:4 
[2020.06.04-09.25.11:772][  0]LogD3D11RHI:     Adapter Name: NVIDIA GeForce GTX 770
[2020.06.04-09.25.11:772][  0]LogD3D11RHI:   Driver Version: 432.00 (internal:26.21.14.3200, unified:432.00)
[2020.06.04-09.25.11:772][  0]LogD3D11RHI:      Driver Date: 7-24-2019
[2020.06.04-09.25.11:772][  0]LogRHI: Texture pool is 1404 MB (70% of 2007 MB)
[2020.06.04-09.25.11:831][  0]LogD3D11RHI: RHI does not have support for 64 bit atomics
[2020.06.04-09.25.11:832][  0]LogD3D11RHI: [Aftermath] Enabled and primed
[2020.06.04-09.25.11:832][  0]LogD3D11RHI: Async texture creation enabled
[2020.06.04-09.25.11:907][  0]LogD3D11RHI: GPU Timing Frequency: 1000.000000 (Debug: 2 2)
[2020.06.04-09.25.12:280][  0]LogTargetPlatformManager: Display: Loaded TargetPlatform 'AllDesktop'
[2020.06.04-09.25.12:310][  0]LogTargetPlatformManager: Display: Loaded TargetPlatform 'Android'
[2020.06.04-09.25.12:310][  0]LogTargetPlatformManager: Display: Loaded TargetPlatform 'Android_ASTC'
[2020.06.04-09.25.12:310][  0]LogTargetPlatformManager: Display: Loaded TargetPlatform 'Android_DXT'
[2020.06.04-09.25.12:310][  0]LogTargetPlatformManager: Display: Loaded TargetPlatform 'Android_ETC2'
[2020.06.04-09.25.12:310][  0]LogTargetPlatformManager: Display: Loaded TargetPlatform 'AndroidClient'
[2020.06.04-09.25.12:310][  0]LogTargetPlatformManager: Display: Loaded TargetPlatform 'Android_ASTCClient'
[2020.06.04-09.25.12:310][  0]LogTargetPlatformManager: Display: Loaded TargetPlatform 'Android_DXTClient'
[2020.06.04-09.25.12:310][  0]LogTargetPlatformManager: Display: Loaded TargetPlatform 'Android_ETC2Client'
[2020.06.04-09.25.12:310][  0]LogTargetPlatformManager: Display: Loaded TargetPlatform 'Android_Multi'
[2020.06.04-09.25.12:310][  0]LogTargetPlatformManager: Display: Loaded TargetPlatform 'Android_MultiClient'
[2020.06.04-09.25.12:344][  0]LogTargetPlatformManager: Display: Loaded TargetPlatform 'IOSClient'
[2020.06.04-09.25.12:344][  0]LogTargetPlatformManager: Display: Loaded TargetPlatform 'IOS'
[2020.06.04-09.25.12:359][  0]LogTargetPlatformManager: Display: Loaded TargetPlatform 'Linux'
[2020.06.04-09.25.12:372][  0]LogTargetPlatformManager: Display: Loaded TargetPlatform 'LinuxNoEditor'
[2020.06.04-09.25.12:385][  0]LogTargetPlatformManager: Display: Loaded TargetPlatform 'LinuxClient'
[2020.06.04-09.25.12:398][  0]LogTargetPlatformManager: Display: Loaded TargetPlatform 'LinuxServer'
[2020.06.04-09.25.12:410][  0]LogTargetPlatformManager: Display: Loaded TargetPlatform 'LinuxAArch64NoEditor'
[2020.06.04-09.25.12:423][  0]LogTargetPlatformManager: Display: Loaded TargetPlatform 'LinuxAArch64Client'
[2020.06.04-09.25.12:436][  0]LogTargetPlatformManager: Display: Loaded TargetPlatform 'LinuxAArch64Server'
[2020.06.04-09.25.12:471][  0]LogTargetPlatformManager: Display: Loaded TargetPlatform 'Lumin'
[2020.06.04-09.25.12:471][  0]LogTargetPlatformManager: Display: Loaded TargetPlatform 'LuminClient'
[2020.06.04-09.25.12:493][  0]LogTargetPlatformManager: Display: Loaded TargetPlatform 'TVOSClient'
[2020.06.04-09.25.12:493][  0]LogTargetPlatformManager: Display: Loaded TargetPlatform 'TVOS'
[2020.06.04-09.25.12:508][  0]LogTargetPlatformManager: Display: Loaded TargetPlatform 'WindowsNoEditor'
[2020.06.04-09.25.12:521][  0]LogTargetPlatformManager: Display: Loaded TargetPlatform 'Windows'
[2020.06.04-09.25.12:533][  0]LogTargetPlatformManager: Display: Loaded TargetPlatform 'WindowsClient'
[2020.06.04-09.25.12:548][  0]LogTargetPlatformManager: Display: Loaded TargetPlatform 'WindowsServer'
[2020.06.04-09.25.12:548][  0]LogTargetPlatformManager: Display: Building Assets For Windows
[2020.06.04-09.25.12:557][  0]LogAudioDebug: Display: Lib vorbis DLL was dynamically loaded.
[2020.06.04-09.25.12:631][  0]LogShaderCompilers: Guid format shader working directory is -29 characters bigger than the processId version (C:/Projects/UE4/ZombieShooter/Cleaning-floor-retribution/ZombieShooterAnyCode/Intermediate/Shaders/WorkingDirectory/23224/).
[2020.06.04-09.25.12:631][  0]LogShaderCompilers: Cleaned the shader compiler working directory 'C:/Users/Soraksis/AppData/Local/Temp/UnrealShaderWorkingDir/41D9DF40495CD6147E5C6E93B3641A9E/'.
[2020.06.04-09.25.12:632][  0]LogXGEController: Cannot use XGE Controller as Incredibuild is not installed on this machine.
[2020.06.04-09.25.12:632][  0]LogShaderCompilers: Cannot use XGE Shader Compiler as Incredibuild is not installed on this machine.
[2020.06.04-09.25.12:632][  0]LogShaderCompilers: Display: Using Local Shader Compiler.
[2020.06.04-09.25.13:968][  0]LogDerivedDataCache: Display: Max Cache Size: 512 MB
[2020.06.04-09.25.14:091][  0]LogDerivedDataCache: Loaded boot cache 0.12s 104MB C:/Users/Soraksis/AppData/Local/UnrealEngine/4.25/DerivedDataCache/Boot.ddc.
[2020.06.04-09.25.14:091][  0]LogDerivedDataCache: Display: Loaded Boot cache: C:/Users/Soraksis/AppData/Local/UnrealEngine/4.25/DerivedDataCache/Boot.ddc
[2020.06.04-09.25.14:091][  0]LogDerivedDataCache: FDerivedDataBackendGraph:  Pak pak cache file C:/Projects/UE4/ZombieShooter/Cleaning-floor-retribution/ZombieShooterAnyCode/DerivedDataCache/DDC.ddp not found, will not use a pak cache.
[2020.06.04-09.25.14:091][  0]LogDerivedDataCache: Unable to find inner node Pak for hierarchical cache Hierarchy.
[2020.06.04-09.25.14:091][  0]LogDerivedDataCache: FDerivedDataBackendGraph:  CompressedPak pak cache file C:/Projects/UE4/ZombieShooter/Cleaning-floor-retribution/ZombieShooterAnyCode/DerivedDataCache/Compressed.ddp not found, will not use a pak cache.
[2020.06.04-09.25.14:091][  0]LogDerivedDataCache: Unable to find inner node CompressedPak for hierarchical cache Hierarchy.
[2020.06.04-09.25.14:104][  0]LogDerivedDataCache: Display: Pak cache opened for reading ../../../Engine/DerivedDataCache/Compressed.ddp.
[2020.06.04-09.25.14:104][  0]LogDerivedDataCache: FDerivedDataBackendGraph:  EnterprisePak pak cache file ../../../Enterprise/DerivedDataCache/Compressed.ddp not found, will not use a pak cache.
[2020.06.04-09.25.14:104][  0]LogDerivedDataCache: Unable to find inner node EnterprisePak for hierarchical cache Hierarchy.
[2020.06.04-09.25.14:106][  0]LogDerivedDataCache: Using Local data cache path C:/Users/Soraksis/AppData/Local/UnrealEngine/Common/DerivedDataCache: Writable
[2020.06.04-09.25.14:106][  0]LogDerivedDataCache: Shared data cache path not found in *engine.ini, will not use an Shared cache.
[2020.06.04-09.25.14:106][  0]LogDerivedDataCache: Unable to find inner node Shared for hierarchical cache Hierarchy.
[2020.06.04-09.25.14:199][  0]LogSlate: Using FreeType 2.10.0
[2020.06.04-09.25.14:200][  0]LogSlate: SlateFontServices - WITH_FREETYPE: 1, WITH_HARFBUZZ: 1
[2020.06.04-09.25.14:233][  0]LogAssetRegistry: FAssetRegistry took 0.0039 seconds to start up
[2020.06.04-09.25.14:584][  0]LogInit: Selected Device Profile: [Windows]
[2020.06.04-09.25.14:803][  0]LogMeshReduction: Using QuadricMeshReduction for automatic static mesh reduction
[2020.06.04-09.25.14:803][  0]LogMeshReduction: Using SimplygonMeshReduction for automatic skeletal mesh reduction
[2020.06.04-09.25.14:803][  0]LogMeshReduction: Using ProxyLODMeshReduction for automatic mesh merging
[2020.06.04-09.25.14:803][  0]LogMeshReduction: No distributed automatic mesh merging module available
[2020.06.04-09.25.14:803][  0]LogMeshMerging: No distributed automatic mesh merging module available
[2020.06.04-09.25.14:826][  0]LogNetVersion: ZombieShooterAnyCode 1.0.0, NetCL: 13144385, EngineNetVer: 14, GameNetVer: 0 (Checksum: 619428851)
[2020.06.04-09.25.15:528][  0]LogAISub: UAISubsystem::UAISubsystem AISubsystem (00000174F9D1B2C0), frame # 0
[2020.06.04-09.25.15:528][  0]LogAISub: UAISubsystem::UAISubsystem AIPerceptionSystem (00000174F9CD5440), frame # 0
[2020.06.04-09.25.15:530][  0]LogAISub: UAISubsystem::UAISubsystem EnvQueryManager (00000174F9D5CA00), frame # 0
[2020.06.04-09.25.16:708][  0]LogPackageLocalizationCache: Processed 19 localized package path(s) for 1 prioritized culture(s) in 1.169474 seconds
[2020.06.04-09.25.16:715][  0]LogUObjectArray: 15917 objects as part of root set at end of initial load.
[2020.06.04-09.25.16:715][  0]LogUObjectAllocator: 3965568 out of 0 bytes used by permanent object pool.
[2020.06.04-09.25.16:715][  0]LogUObjectArray: CloseDisregardForGC: 0/0 objects in disregard for GC pool
[2020.06.04-09.25.17:474][  0]LogTcpMessaging: Initializing TcpMessaging bridge
[2020.06.04-09.25.17:480][  0]LogUdpMessaging: Initializing bridge on interface 0.0.0.0:0 to multicast group 230.0.0.1:6666.
[2020.06.04-09.25.17:872][  0]SourceControl: Source control is disabled
[2020.06.04-09.25.17:872][  0]SourceControl: Source control is disabled
[2020.06.04-09.25.17:877][  0]SourceControl: Source control is disabled
[2020.06.04-09.25.17:881][  0]SourceControl: Source control is disabled
[2020.06.04-09.25.17:891][  0]SourceControl: Source control is disabled
[2020.06.04-09.25.18:241][  0]LogAndroidPermission: UAndroidPermissionCallbackProxy::GetInstance
[2020.06.04-09.25.18:269][  0]LogAudioCaptureCore: Display: No Audio Capture implementations found. Audio input will be silent.
[2020.06.04-09.25.18:269][  0]LogAudioCaptureCore: Display: No Audio Capture implementations found. Audio input will be silent.
[2020.06.04-09.25.18:336][  0]LogOcInput: OculusInput pre-init called
[2020.06.04-09.25.18:349][  0]LogWindows: Failed to load 'OVRPlugin.dll' (GetLastError=126)
[2020.06.04-09.25.18:349][  0]LogWindows: File 'OVRPlugin.dll' does not exist
[2020.06.04-09.25.18:465][  0]LogEngine: Initializing Engine...
[2020.06.04-09.25.18:466][  0]LogHMD: Failed to initialize OpenVR with code 110
[2020.06.04-09.25.18:466][  0]LogMagicLeap: Warning: VR disabled because ZI is not enabled.  To enable, in the editor, Edit -> Project Settings -> Plugins -> Magic Leap Plugin -> Enable Zero Iteration
[2020.06.04-09.25.18:468][  0]LogStats: UGameplayTagsManager::InitializeManager -  0.000 s
[2020.06.04-09.25.18:645][  0]LogInit: Initializing FReadOnlyCVARCache
[2020.06.04-09.25.18:655][  0]LogAIModule: Creating AISystem for world Untitled
[2020.06.04-09.25.18:655][  0]LogAISub: UAISubsystem::UAISubsystem EnvQueryManager (00000174FF6CD600), frame # 0
[2020.06.04-09.25.18:655][  0]LogAISub: UAISubsystem::UAISubsystem AIPerceptionSystem (00000174FF714900), frame # 0
[2020.06.04-09.25.18:681][  0]LogAudioMixer: Display: Audio Mixer Platform Settings:
[2020.06.04-09.25.18:681][  0]LogAudioMixer: Display: 	Sample Rate:						  48000
[2020.06.04-09.25.18:681][  0]LogAudioMixer: Display: 	Callback Buffer Frame Size Requested: 1024
[2020.06.04-09.25.18:681][  0]LogAudioMixer: Display: 	Callback Buffer Frame Size To Use:	  1024
[2020.06.04-09.25.18:681][  0]LogAudioMixer: Display: 	Number of buffers to queue:			  2
[2020.06.04-09.25.18:681][  0]LogAudioMixer: Display: 	Max Channels (voices):				  32
[2020.06.04-09.25.18:681][  0]LogAudioMixer: Display: 	Number of Async Source Workers:		  0
[2020.06.04-09.25.18:681][  0]LogAudio: Display: AudioDevice MaxSources: 32
[2020.06.04-09.25.18:681][  0]LogAudio: Display: Using built-in audio occlusion.
[2020.06.04-09.25.18:681][  0]LogAudioMixer: Display: Initializing audio mixer.
[2020.06.04-09.25.18:703][  0]LogAudioMixer: Display: 0: FrontLeft
[2020.06.04-09.25.18:703][  0]LogAudioMixer: Display: 1: FrontRight
[2020.06.04-09.25.18:782][  0]LogAudioMixer: Display: Using Audio Device Haut-parleurs (8- USB Audio Device)
[2020.06.04-09.25.18:787][  0]LogAudioMixer: Display: Initializing Sound Submixes...
[2020.06.04-09.25.18:790][  0]LogAudioMixer: Display: Creating Master Submix 'MasterSubmixDefault'
[2020.06.04-09.25.18:790][  0]LogAudioMixer: Display: Creating Master Submix 'MasterReverbSubmixDefault'
[2020.06.04-09.25.18:791][  0]LogAudioMixer: Display: Creating Master Submix 'MasterEQSubmixDefault'
[2020.06.04-09.25.18:793][  0]LogInit: FAudioDevice initialized.
[2020.06.04-09.25.18:793][  0]LogNetVersion: Set ProjectVersion to 1.0.0.0. Version Checksum will be recalculated on next use.
[2020.06.04-09.25.20:915][  0]LogDerivedDataCache: Saved boot cache 2.12s 104MB C:/Users/Soraksis/AppData/Local/UnrealEngine/4.25/DerivedDataCache/Boot.ddc.
[2020.06.04-09.25.20:933][  0]LogInit: Texture streaming: Enabled
[2020.06.04-09.25.20:969][  0]LogEngineSessionManager: EngineSessionManager initialized
[2020.06.04-09.25.20:970][  0]LogEditorSessionSummary: Verbose: Initializing EditorSessionSummaryWriter for editor session tracking
[2020.06.04-09.25.20:973][  0]LogEditorSessionSummary: EditorSessionSummaryWriter initialized
[2020.06.04-09.25.21:070][  0]LogInit: Transaction tracking system initialized
[2020.06.04-09.25.21:097][  0]BlueprintLog: New page: Editor Load
[2020.06.04-09.25.21:340][  0]LocalizationService: Localization service is disabled
[2020.06.04-09.25.21:655][  0]LogCook: Display: Max memory allowance for cook 16384mb min free memory 0mb
[2020.06.04-09.25.21:655][  0]LogCook: Display: Mobile HDR setting 1
[2020.06.04-09.25.21:831][  0]LogFileCache: Scanning file cache for directory 'C:/Projects/UE4/ZombieShooter/Cleaning-floor-retribution/ZombieShooterAnyCode/Content/' took 0.01s
[2020.06.04-09.25.22:079][  0]SourceControl: Source control is disabled
[2020.06.04-09.25.22:079][  0]LogUnrealEdMisc: Loading editor; pre map load, took 15.283
[2020.06.04-09.25.22:079][  0]Cmd: MAP LOAD FILE="C:/Projects/UE4/ZombieShooter/Cleaning-floor-retribution/ZombieShooterAnyCode/Content/Scene/TestLevel.umap" TEMPLATE=0 SHOWPROGRESS=1 FEATURELEVEL=3
[2020.06.04-09.25.22:080][  0]LightingResults: New page: Lighting Build
[2020.06.04-09.25.22:080][  0]LogWorld: UWorld::CleanupWorld for Untitled, bSessionEnded=true, bCleanupResources=true
[2020.06.04-09.25.22:081][  0]LogSlate: InvalidateAllWidgets triggered.  All widgets were invalidated
[2020.06.04-09.25.22:081][  0]MapCheck: New page: Map Check
[2020.06.04-09.25.22:081][  0]LightingResults: New page: Lighting Build
[2020.06.04-09.25.22:127][  0]LogAISub: UAISubsystem::~UAISubsystem EnvQueryManager (00000174FF6CD600), frame # 0
[2020.06.04-09.25.22:127][  0]LogAISub: UAISubsystem::~UAISubsystem AIPerceptionSystem (00000174FF714900), frame # 0
[2020.06.04-09.25.22:128][  0]LogUObjectHash: Compacting FUObjectHashTables data took   1.24ms
[2020.06.04-09.25.29:481][  0]LogAIModule: Creating AISystem for world TestLevel
[2020.06.04-09.25.29:482][  0]LogAISub: UAISubsystem::UAISubsystem EnvQueryManager (0000017488954200), frame # 0
[2020.06.04-09.25.29:482][  0]LogAISub: UAISubsystem::UAISubsystem AIPerceptionSystem (000001748F02CCC0), frame # 0
[2020.06.04-09.25.29:581][  0]LogEditorServer: Finished looking for orphan Actors (0.000 secs)
[2020.06.04-09.25.29:642][  0]LogUObjectHash: Compacting FUObjectHashTables data took   1.37ms
[2020.06.04-09.25.29:642][  0]Cmd: MAP CHECKDEP NOCLEARLOG
[2020.06.04-09.25.29:643][  0]MapCheck: Map check complete: 0 Error(s), 0 Warning(s), took 0,184ms to complete.
[2020.06.04-09.25.29:643][  0]LogFileHelpers: Loading map 'TestLevel' took 7.564
[2020.06.04-09.25.29:837][  0]LogUnrealEdMisc: Total Editor Startup Time, took 23.041
[2020.06.04-09.25.30:562][  0]LogSlate: Updating window title bar state: overlay mode, drag disabled, window buttons hidden, title bar hidden
[2020.06.04-09.25.30:607][  0]LogSlate: Updating window title bar state: overlay mode, drag disabled, window buttons hidden, title bar hidden
[2020.06.04-09.25.30:633][  0]LogSlate: Updating window title bar state: overlay mode, drag disabled, window buttons hidden, title bar hidden
[2020.06.04-09.25.30:660][  0]LogSlate: Updating window title bar state: overlay mode, drag disabled, window buttons hidden, title bar hidden
[2020.06.04-09.25.30:805][  0]LogCollectionManager: Loaded 0 collections in 0.067642 seconds
[2020.06.04-09.25.31:029][  0]LogFileCache: Scanning file cache for directory 'C:/Projects/UE4/ZombieShooter/Cleaning-floor-retribution/ZombieShooterAnyCode/Saved/Collections/' took 0.00s
[2020.06.04-09.25.31:029][  0]LogFileCache: Scanning file cache for directory 'C:/Projects/UE4/ZombieShooter/Cleaning-floor-retribution/ZombieShooterAnyCode/Content/Developers/Soraksis/Collections/' took 0.00s
[2020.06.04-09.25.31:029][  0]LogFileCache: Scanning file cache for directory 'C:/Projects/UE4/ZombieShooter/Cleaning-floor-retribution/ZombieShooterAnyCode/Content/Collections/' took 0.00s
[2020.06.04-09.25.31:029][  0]LogContentBrowser: Native class hierarchy populated in 0.0491 seconds. Added 3427 classes and 822 folders.
[2020.06.04-09.25.31:155][  0]LogContentBrowser: Native class hierarchy updated for 'WidgetCarousel' in 0.0012 seconds. Added 0 classes and 0 folders.
[2020.06.04-09.25.33:072][  0]LogContentBrowser: Native class hierarchy updated for 'AddContentDialog' in 0.0008 seconds. Added 0 classes and 0 folders.
[2020.06.04-09.25.33:093][  0]LogContentBrowser: Native class hierarchy updated for 'SceneOutliner' in 0.0005 seconds. Added 2 classes and 0 folders.
[2020.06.04-09.25.33:638][  0]LogSlate: Took 0.000262 seconds to synchronously load lazily loaded font '../../../Engine/Content/Slate/Fonts/Roboto-Regular.ttf' (155K)
[2020.06.04-09.25.33:641][  0]LogSlate: Took 0.000206 seconds to synchronously load lazily loaded font '../../../Engine/Content/Slate/Fonts/Roboto-Bold.ttf' (160K)
[2020.06.04-09.25.33:667][  0]LogSlate: Took 0.019774 seconds to synchronously load lazily loaded font '../../../Engine/Content/Editor/Slate/Fonts/FontAwesome.ttf' (139K)
[2020.06.04-09.25.34:046][  0]LogRenderer: Reallocating scene render targets to support 944x572 Format 10 NumSamples 1 (Frame:1).
[2020.06.04-09.25.34:413][  0]LogContentBrowser: Native class hierarchy updated for 'HierarchicalLODOutliner' in 0.0005 seconds. Added 0 classes and 0 folders.
[2020.06.04-09.25.34:413][  0]LogLoad: (Engine Initialization) Total time: 27.62 seconds
[2020.06.04-09.25.34:413][  0]LogLoad: (Engine Initialization) Total Blueprint compile time: 0.00 seconds
[2020.06.04-09.25.34:481][  0]LogContentStreaming: Texture pool size now 1000 MB
[2020.06.04-09.25.34:940][  0]LogSlate: Took 0.436984 seconds to synchronously load lazily loaded font '../../../Engine/Content/Slate/Fonts/DroidSansFallback.ttf' (3848K)
[2020.06.04-09.25.35:094][  0]LogSlate: Took 0.033249 seconds to synchronously load lazily loaded font '../../../Engine/Content/Slate/Fonts/Roboto-Light.ttf' (167K)
[2020.06.04-09.25.35:181][  1]LogAssetRegistry: Asset discovery search completed in 20.9493 seconds
[2020.06.04-09.25.35:187][  1]LogCollectionManager: Fixed up redirectors for 0 collections in 0.000004 seconds (updated 0 objects)
[2020.06.04-09.25.35:512][  6]LogSlate: Took 0.000384 seconds to synchronously load lazily loaded font '../../../Engine/Content/Slate/Fonts/Roboto-Light.ttf' (167K)
[2020.06.04-09.27.39:730][474]LogTemp: Repeating last play command: Selected Viewport
[2020.06.04-09.27.39:757][474]LogPlayLevel: PlayLevel: No blueprints needed recompiling
[2020.06.04-09.27.39:839][474]PIE: New page: PIE session: TestLevel (4 juin 2020 à 13:27:39)
[2020.06.04-09.27.39:841][474]LogOnline: OSS: Creating online subsystem instance for: NULL
[2020.06.04-09.27.39:842][474]LogOnline: OSS: TryLoadSubsystemAndSetDefault: Loaded subsystem for module [NULL]
[2020.06.04-09.27.39:842][474]LogPlayLevel: Creating play world package: /Game/Scene/UEDPIE_0_TestLevel
[2020.06.04-09.27.39:847][474]LogPlayLevel: PIE: StaticDuplicateObject took: (0.004760s)
[2020.06.04-09.27.39:849][474]LogAIModule: Creating AISystem for world TestLevel
[2020.06.04-09.27.39:849][474]LogAISub: UAISubsystem::UAISubsystem EnvQueryManager (00000174B2EBBE00), frame # 9474
[2020.06.04-09.27.39:849][474]LogAISub: UAISubsystem::UAISubsystem AIPerceptionSystem (000001748EFDC7C0), frame # 9474
[2020.06.04-09.27.39:850][474]LogPlayLevel: PIE: World Init took: (0.002173s)
[2020.06.04-09.27.39:850][474]LogPlayLevel: PIE: Created PIE world by copying editor world from /Game/Scene/TestLevel.TestLevel to /Game/Scene/UEDPIE_0_TestLevel.TestLevel (0.007196s)
[2020.06.04-09.27.39:879][474]LogUObjectHash: Compacting FUObjectHashTables data took   1.09ms
[2020.06.04-09.27.39:881][474]LogAudioMixer: Display: Audio Mixer Platform Settings:
[2020.06.04-09.27.39:881][474]LogAudioMixer: Display: 	Sample Rate:						  48000
[2020.06.04-09.27.39:881][474]LogAudioMixer: Display: 	Callback Buffer Frame Size Requested: 1024
[2020.06.04-09.27.39:881][474]LogAudioMixer: Display: 	Callback Buffer Frame Size To Use:	  1024
[2020.06.04-09.27.39:881][474]LogAudioMixer: Display: 	Number of buffers to queue:			  2
[2020.06.04-09.27.39:881][474]LogAudioMixer: Display: 	Max Channels (voices):				  32
[2020.06.04-09.27.39:881][474]LogAudioMixer: Display: 	Number of Async Source Workers:		  0
[2020.06.04-09.27.39:881][474]LogAudio: Display: AudioDevice MaxSources: 32
[2020.06.04-09.27.39:882][474]LogAudio: Display: Using built-in audio occlusion.
[2020.06.04-09.27.39:882][474]LogAudioMixer: Display: Initializing audio mixer.
[2020.06.04-09.27.39:894][474]LogAudioMixer: Display: 0: FrontLeft
[2020.06.04-09.27.39:894][474]LogAudioMixer: Display: 1: FrontRight
[2020.06.04-09.27.39:929][474]LogAudioMixer: Display: Using Audio Device Haut-parleurs (8- USB Audio Device)
[2020.06.04-09.27.39:929][474]LogAudioMixer: Display: Initializing Sound Submixes...
[2020.06.04-09.27.39:929][474]LogAudioMixer: Display: Creating Master Submix 'MasterSubmixDefault'
[2020.06.04-09.27.39:929][474]LogAudioMixer: Display: Creating Master Submix 'MasterReverbSubmixDefault'
[2020.06.04-09.27.39:930][474]LogAudioMixer: Display: Creating Master Submix 'MasterEQSubmixDefault'
[2020.06.04-09.27.39:953][474]LogInit: FAudioDevice initialized.
[2020.06.04-09.27.40:085][474]LogLoad: Game class is 'ThirdPersonGameMode_C'
[2020.06.04-09.27.40:088][474]LogWorld: Bringing World /Game/Scene/UEDPIE_0_TestLevel.TestLevel up for play (max tick rate 0) at 2020.06.04-11.27.40
[2020.06.04-09.27.40:088][474]LogWorld: Bringing up level for play took: 0.002051
[2020.06.04-09.27.40:089][474]LogOnline: OSS: Creating online subsystem instance for: :Context_3
[2020.06.04-09.27.40:130][474]LogContentBrowser: Native class hierarchy updated for 'MovieSceneCapture' in 0.0007 seconds. Added 20 classes and 0 folders.
[2020.06.04-09.27.40:131][474]PIE: Server logged in
[2020.06.04-09.27.40:133][474]PIE: Play in editor total start time 0,376 seconds.
[2020.06.04-09.27.47:298][304]LogBlueprintUserMessages: [Ennemy_2] Hello
[2020.06.04-09.27.50:257][659]LogAudioMixer: Display: No commands were queued while flushing the source manager.
[2020.06.04-09.27.50:258][659]LogAudioMixer: Display: Flush succeeded in the source manager command queue (1).
[2020.06.04-09.27.50:279][659]LogAudioMixer: Display: Flush succeeded the source manager command queue (2).
[2020.06.04-09.27.50:280][659]LogSlate: Updating window title bar state: overlay mode, drag disabled, window buttons hidden, title bar hidden
[2020.06.04-09.27.50:280][659]LogWorld: BeginTearingDown for /Game/Scene/UEDPIE_0_TestLevel
[2020.06.04-09.27.50:280][659]LogAudioMixer: Display: No commands were queued while flushing the source manager.
[2020.06.04-09.27.50:281][659]LogWorld: UWorld::CleanupWorld for TestLevel, bSessionEnded=true, bCleanupResources=true
[2020.06.04-09.27.50:281][659]LogSlate: InvalidateAllWidgets triggered.  All widgets were invalidated
[2020.06.04-09.27.50:293][659]LogPlayLevel: Display: Shutting down PIE online subsystems
[2020.06.04-09.27.50:295][659]LogSlate: InvalidateAllWidgets triggered.  All widgets were invalidated
[2020.06.04-09.27.50:322][659]LogAudioMixer: Display: No commands were queued while flushing the source manager.
[2020.06.04-09.27.50:348][659]LogSlate: Updating window title bar state: overlay mode, drag disabled, window buttons hidden, title bar hidden
[2020.06.04-09.27.50:349][659]LogAISub: UAISubsystem::~UAISubsystem AIPerceptionSystem (000001748EFDC7C0), frame # 10659
[2020.06.04-09.27.50:349][659]LogAISub: UAISubsystem::~UAISubsystem EnvQueryManager (00000174B2EBBE00), frame # 10659
[2020.06.04-09.27.50:350][659]LogUObjectHash: Compacting FUObjectHashTables data took   1.19ms
[2020.06.04-09.27.50:393][660]LogPlayLevel: Display: Destroying online subsystem :Context_3
[2020.06.04-09.27.52:513][847]LogAssetEditorSubsystem: Opening Asset editor for Blueprint /Game/Actor/ThirdPersonController.ThirdPersonController
[2020.06.04-09.27.53:822][847]LogContentBrowser: Native class hierarchy updated for 'BlueprintGraph' in 0.0025 seconds. Added 125 classes and 0 folders.
[2020.06.04-09.27.57:143][847]LogSlate: Took 0.000262 seconds to synchronously load lazily loaded font '../../../Engine/Content/Slate/Fonts/Roboto-BoldCondensed.ttf' (158K)
[2020.06.04-09.27.57:516][848]LogSlate: Took 0.033283 seconds to synchronously load lazily loaded font '../../../Engine/Content/Slate/Fonts/Roboto-Italic.ttf' (157K)
[2020.06.04-09.28.02:535][114]LogRenderer: Reallocating scene render targets to support 968x692 Format 10 NumSamples 1 (Frame:1).
[2020.06.04-09.31.20:396][514]LogAssetEditorSubsystem: Opening Asset editor for Blueprint /Game/Blueprints/Dash.Dash
[2020.06.04-09.33.29:948][549]LogTemp: Repeating last play command: Selected Viewport
[2020.06.04-09.33.29:975][549]LogPlayLevel: PlayLevel: No blueprints needed recompiling
[2020.06.04-09.33.29:975][549]PIE: New page: PIE session: TestLevel (4 juin 2020 à 13:33:29)
[2020.06.04-09.33.29:975][549]LogPlayLevel: Creating play world package: /Game/Scene/UEDPIE_0_TestLevel
[2020.06.04-09.33.29:981][549]LogPlayLevel: PIE: StaticDuplicateObject took: (0.005276s)
[2020.06.04-09.33.29:982][549]LogAIModule: Creating AISystem for world TestLevel
[2020.06.04-09.33.29:982][549]LogAISub: UAISubsystem::UAISubsystem EnvQueryManager (0000017507893E00), frame # 39549
[2020.06.04-09.33.29:982][549]LogAISub: UAISubsystem::UAISubsystem AIPerceptionSystem (000001750789BB00), frame # 39549
[2020.06.04-09.33.29:982][549]LogPlayLevel: PIE: World Init took: (0.001779s)
[2020.06.04-09.33.29:982][549]LogPlayLevel: PIE: Created PIE world by copying editor world from /Game/Scene/TestLevel.TestLevel to /Game/Scene/UEDPIE_0_TestLevel.TestLevel (0.007191s)
[2020.06.04-09.33.30:049][549]LogUObjectHash: Compacting FUObjectHashTables data took   3.89ms
[2020.06.04-09.33.30:050][549]LogAudioMixer: Display: Audio Mixer Platform Settings:
[2020.06.04-09.33.30:050][549]LogAudioMixer: Display: 	Sample Rate:						  48000
[2020.06.04-09.33.30:051][549]LogAudioMixer: Display: 	Callback Buffer Frame Size Requested: 1024
[2020.06.04-09.33.30:051][549]LogAudioMixer: Display: 	Callback Buffer Frame Size To Use:	  1024
[2020.06.04-09.33.30:051][549]LogAudioMixer: Display: 	Number of buffers to queue:			  2
[2020.06.04-09.33.30:051][549]LogAudioMixer: Display: 	Max Channels (voices):				  32
[2020.06.04-09.33.30:051][549]LogAudioMixer: Display: 	Number of Async Source Workers:		  0
[2020.06.04-09.33.30:051][549]LogAudio: Display: AudioDevice MaxSources: 32
[2020.06.04-09.33.30:051][549]LogAudio: Display: Using built-in audio occlusion.
[2020.06.04-09.33.30:051][549]LogAudioMixer: Display: Initializing audio mixer.
[2020.06.04-09.33.30:061][549]LogAudioMixer: Display: 0: FrontLeft
[2020.06.04-09.33.30:061][549]LogAudioMixer: Display: 1: FrontRight
[2020.06.04-09.33.30:094][549]LogAudioMixer: Display: Using Audio Device Haut-parleurs (8- USB Audio Device)
[2020.06.04-09.33.30:094][549]LogAudioMixer: Display: Initializing Sound Submixes...
[2020.06.04-09.33.30:094][549]LogAudioMixer: Display: Creating Master Submix 'MasterSubmixDefault'
[2020.06.04-09.33.30:094][549]LogAudioMixer: Display: Creating Master Submix 'MasterReverbSubmixDefault'
[2020.06.04-09.33.30:095][549]LogAudioMixer: Display: Creating Master Submix 'MasterEQSubmixDefault'
[2020.06.04-09.33.30:118][549]LogInit: FAudioDevice initialized.
[2020.06.04-09.33.30:131][549]LogLoad: Game class is 'ThirdPersonGameMode_C'
[2020.06.04-09.33.30:133][549]LogWorld: Bringing World /Game/Scene/UEDPIE_0_TestLevel.TestLevel up for play (max tick rate 0) at 2020.06.04-11.33.30
[2020.06.04-09.33.30:134][549]LogWorld: Bringing up level for play took: 0.001770
[2020.06.04-09.33.30:134][549]LogOnline: OSS: Creating online subsystem instance for: :Context_6
[2020.06.04-09.33.30:136][549]PIE: Server logged in
[2020.06.04-09.33.30:137][549]PIE: Play in editor total start time 0,163 seconds.
[2020.06.04-09.33.33:757][880]LogBlueprintUserMessages: [Ennemy_2] Hello
[2020.06.04-09.33.44:500][864]LogAudioMixer: Display: No commands were queued while flushing the source manager.
[2020.06.04-09.33.44:517][864]LogAudioMixer: Display: Flush succeeded in the source manager command queue (1).
[2020.06.04-09.33.44:546][864]LogAudioMixer: Display: Flush succeeded the source manager command queue (2).
[2020.06.04-09.33.44:547][864]LogSlate: Updating window title bar state: overlay mode, drag disabled, window buttons hidden, title bar hidden
[2020.06.04-09.33.44:547][864]LogWorld: BeginTearingDown for /Game/Scene/UEDPIE_0_TestLevel
[2020.06.04-09.33.44:547][864]LogAudioMixer: Display: No commands were queued while flushing the source manager.
[2020.06.04-09.33.44:547][864]LogWorld: UWorld::CleanupWorld for TestLevel, bSessionEnded=true, bCleanupResources=true
[2020.06.04-09.33.44:548][864]LogSlate: InvalidateAllWidgets triggered.  All widgets were invalidated
[2020.06.04-09.33.44:555][864]LogPlayLevel: Display: Shutting down PIE online subsystems
[2020.06.04-09.33.44:560][864]LogSlate: InvalidateAllWidgets triggered.  All widgets were invalidated
[2020.06.04-09.33.44:596][864]LogAudioMixer: Display: No commands were queued while flushing the source manager.
[2020.06.04-09.33.44:622][864]LogSlate: Updating window title bar state: overlay mode, drag disabled, window buttons hidden, title bar hidden
[2020.06.04-09.33.44:623][864]LogAISub: UAISubsystem::~UAISubsystem EnvQueryManager (0000017507893E00), frame # 40864
[2020.06.04-09.33.44:623][864]LogAISub: UAISubsystem::~UAISubsystem AIPerceptionSystem (000001750789BB00), frame # 40864
[2020.06.04-09.33.44:627][864]LogUObjectHash: Compacting FUObjectHashTables data took   3.59ms
[2020.06.04-09.33.44:676][865]LogPlayLevel: Display: Destroying online subsystem :Context_6
[2020.06.04-09.34.32:566][836]BlueprintLog: New page: Compile ThirdPersonController
[2020.06.04-09.34.32:699][836]LogUObjectHash: Compacting FUObjectHashTables data took   4.54ms
[2020.06.04-09.34.32:803][836]LogSlate: Took 0.025766 seconds to synchronously load lazily loaded font '../../../Engine/Content/Slate/Fonts/DroidSansMono.ttf' (77K)
[2020.06.04-09.34.33:230][857]Cmd: OBJ SAVEPACKAGE PACKAGE="/Game/Actor/ThirdPersonController" FILE="C:/Projects/UE4/ZombieShooter/Cleaning-floor-retribution/ZombieShooterAnyCode/Content/Actor/ThirdPersonController.uasset" SILENT=true
[2020.06.04-09.34.33:477][857]LogSavePackage: Moving 'C:/Projects/UE4/ZombieShooter/Cleaning-floor-retribution/ZombieShooterAnyCode/Saved/ThirdPersonControllerA898651346A3B5AC36B4B794552824A2.tmp' to 'C:/Projects/UE4/ZombieShooter/Cleaning-floor-retribution/ZombieShooterAnyCode/Content/Actor/ThirdPersonController.uasset'
[2020.06.04-09.34.33:500][857]AssetCheck: New page: Asset Save: ThirdPersonController
[2020.06.04-09.34.33:500][857]LogContentValidation: Display: Validating Blueprint /Game/Actor/ThirdPersonController.ThirdPersonController
[2020.06.04-09.35.59:695][443]LogUObjectHash: Compacting FUObjectHashTables data took   4.38ms
[2020.06.04-09.35.59:839][443]LogSavePackage: Moving 'C:/Projects/UE4/ZombieShooter/Cleaning-floor-retribution/ZombieShooterAnyCode/Saved/TestLevel_Auto1E74B42E84C80C5F42A7E74A50731D490.tmp' to 'C:/Projects/UE4/ZombieShooter/Cleaning-floor-retribution/ZombieShooterAnyCode/Saved/Autosaves/Game/Scene/TestLevel_Auto1.umap'
[2020.06.04-09.35.59:846][443]LogFileHelpers: Editor autosave (incl. sublevels) for '/Game/Scene/TestLevel' took 0.215
[2020.06.04-09.35.59:846][443]LogFileHelpers: Editor autosave (incl. sublevels) for all levels took 0.215
[2020.06.04-09.35.59:846][443]OBJ SavePackage: Generating thumbnails for [1] asset(s) in package [/Game/Actor/ThirdPersonController] ([1] browsable assets)...
[2020.06.04-09.35.59:878][443]OBJ SavePackage:     Rendered thumbnail for [Blueprint /Game/Actor/ThirdPersonController.ThirdPersonController]
[2020.06.04-09.35.59:878][443]OBJ SavePackage: Finished generating thumbnails for package [/Game/Actor/ThirdPersonController]
[2020.06.04-09.35.59:983][443]LogSavePackage: Moving 'C:/Projects/UE4/ZombieShooter/Cleaning-floor-retribution/ZombieShooterAnyCode/Saved/ThirdPersonController_Auto1959313D344F822D12F43ADBFD972622B.tmp' to 'C:/Projects/UE4/ZombieShooter/Cleaning-floor-retribution/ZombieShooterAnyCode/Saved/Autosaves/Game/Actor/ThirdPersonController_Auto1.uasset'
[2020.06.04-09.36.00:065][443]LogFileHelpers: Auto-saving content packages took 0.219
[2020.06.04-09.37.06:358][781]BlueprintLog: New page: Compile ThirdPersonController
[2020.06.04-09.37.06:492][781]LogUObjectHash: Compacting FUObjectHashTables data took   3.39ms
[2020.06.04-09.37.07:254][821]Cmd: OBJ SAVEPACKAGE PACKAGE="/Game/Actor/ThirdPersonController" FILE="C:/Projects/UE4/ZombieShooter/Cleaning-floor-retribution/ZombieShooterAnyCode/Content/Actor/ThirdPersonController.uasset" SILENT=true
[2020.06.04-09.37.07:358][821]LogSavePackage: Moving 'C:/Projects/UE4/ZombieShooter/Cleaning-floor-retribution/ZombieShooterAnyCode/Saved/ThirdPersonController99EF3F8B449AC781B5E9239C2A039FAB.tmp' to 'C:/Projects/UE4/ZombieShooter/Cleaning-floor-retribution/ZombieShooterAnyCode/Content/Actor/ThirdPersonController.uasset'
[2020.06.04-09.37.07:377][821]AssetCheck: New page: Asset Save: ThirdPersonController
[2020.06.04-09.37.07:377][821]LogContentValidation: Display: Validating Blueprint /Game/Actor/ThirdPersonController.ThirdPersonController
[2020.06.04-09.37.39:759][539]BlueprintLog: New page: Compile ThirdPersonController
[2020.06.04-09.37.39:889][539]LogUObjectHash: Compacting FUObjectHashTables data took   4.67ms
[2020.06.04-09.37.40:454][570]Cmd: OBJ SAVEPACKAGE PACKAGE="/Game/Actor/ThirdPersonController" FILE="C:/Projects/UE4/ZombieShooter/Cleaning-floor-retribution/ZombieShooterAnyCode/Content/Actor/ThirdPersonController.uasset" SILENT=true
[2020.06.04-09.37.40:561][570]LogSavePackage: Moving 'C:/Projects/UE4/ZombieShooter/Cleaning-floor-retribution/ZombieShooterAnyCode/Saved/ThirdPersonControllerA9D553C4417DC356C9D832A062259A23.tmp' to 'C:/Projects/UE4/ZombieShooter/Cleaning-floor-retribution/ZombieShooterAnyCode/Content/Actor/ThirdPersonController.uasset'
[2020.06.04-09.37.40:575][570]AssetCheck: New page: Asset Save: ThirdPersonController
[2020.06.04-09.37.40:576][570]LogContentValidation: Display: Validating Blueprint /Game/Actor/ThirdPersonController.ThirdPersonController
[2020.06.04-09.44.12:663][414]BlueprintLog: New page: Compile ThirdPersonController
[2020.06.04-09.44.12:789][414]LogUObjectHash: Compacting FUObjectHashTables data took   4.56ms
[2020.06.04-09.46.00:454][ 71]LogUObjectHash: Compacting FUObjectHashTables data took   4.29ms
[2020.06.04-09.46.00:543][ 71]LogSavePackage: Moving 'C:/Projects/UE4/ZombieShooter/Cleaning-floor-retribution/ZombieShooterAnyCode/Saved/TestLevel_Auto2370E18704156F106944810A4947A85B6.tmp' to 'C:/Projects/UE4/ZombieShooter/Cleaning-floor-retribution/ZombieShooterAnyCode/Saved/Autosaves/Game/Scene/TestLevel_Auto2.umap'
[2020.06.04-09.46.00:603][ 71]LogFileHelpers: Editor autosave (incl. sublevels) for '/Game/Scene/TestLevel' took 0.208
[2020.06.04-09.46.00:603][ 71]LogFileHelpers: Editor autosave (incl. sublevels) for all levels took 0.208
[2020.06.04-09.46.00:604][ 71]OBJ SavePackage: Generating thumbnails for [1] asset(s) in package [/Game/Actor/ThirdPersonController] ([1] browsable assets)...
[2020.06.04-09.46.00:638][ 71]OBJ SavePackage:     Rendered thumbnail for [Blueprint /Game/Actor/ThirdPersonController.ThirdPersonController]
[2020.06.04-09.46.00:638][ 71]OBJ SavePackage: Finished generating thumbnails for package [/Game/Actor/ThirdPersonController]
[2020.06.04-09.46.01:518][ 71]LogSavePackage: Moving 'C:/Projects/UE4/ZombieShooter/Cleaning-floor-retribution/ZombieShooterAnyCode/Saved/ThirdPersonController_Auto2C55635B1401295D9F79A72AACECCF63A.tmp' to 'C:/Projects/UE4/ZombieShooter/Cleaning-floor-retribution/ZombieShooterAnyCode/Saved/Autosaves/Game/Actor/ThirdPersonController_Auto2.uasset'
[2020.06.04-09.46.01:630][ 71]LogFileHelpers: Auto-saving content packages took 1.027
