Log file open, 06/15/20 17:27:01
LogInit: Display: Running engine for game: ZombieShooterAnyCode
LogPlatformFile: Not using cached read wrapper
LogTaskGraph: Started task graph with 5 named threads and 23 total threads with 3 sets of task threads.
LogStats: Stats thread started at 3.179931
LogD3D11RHI: Loaded GFSDK_Aftermath_Lib.x64.dll
LogICUInternationalization: ICU TimeZone Detection - Raw Offset: +1:00, Platform Override: ''
LogPluginManager: Mounting plugin Paper2D
LogPluginManager: Mounting plugin AISupport
LogPluginManager: Mounting plugin LightPropagationVolume
LogPluginManager: Mounting plugin CameraShakePreviewer
LogPluginManager: Mounting plugin ActorLayerUtilities
LogPluginManager: Mounting plugin AnimationSharing
LogPluginManager: Mounting plugin CLionSourceCodeAccess
LogPluginManager: Mounting plugin CodeLiteSourceCodeAccess
LogPluginManager: Mounting plugin GitSourceControl
LogPluginManager: Mounting plugin KDevelopSourceCodeAccess
LogPluginManager: Mounting plugin NullSourceCodeAccess
LogPluginManager: Mounting plugin PerforceSourceControl
LogPluginManager: Mounting plugin PlasticSourceControl
LogPluginManager: Mounting plugin RiderSourceCodeAccess
LogPluginManager: Mounting plugin SubversionSourceControl
LogPluginManager: Mounting plugin UObjectPlugin
LogPluginManager: Mounting plugin VisualStudioCodeSourceCodeAccess
LogPluginManager: Mounting plugin VisualStudioSourceCodeAccess
LogPluginManager: Mounting plugin XCodeSourceCodeAccess
LogPluginManager: Mounting plugin AssetManagerEditor
LogPluginManager: Mounting plugin CryptoKeys
LogPluginManager: Mounting plugin CurveEditorTools
LogPluginManager: Mounting plugin DataValidation
LogPluginManager: Mounting plugin EditorScriptingUtilities
LogPluginManager: Mounting plugin FacialAnimation
LogPluginManager: Mounting plugin GameplayTagsEditor
LogPluginManager: Mounting plugin GeometryMode
LogPluginManager: Mounting plugin MacGraphicsSwitching
LogPluginManager: Mounting plugin MaterialAnalyzer
LogPluginManager: Mounting plugin MobileLauncherProfileWizard
LogPluginManager: Mounting plugin PluginBrowser
LogPluginManager: Mounting plugin SpeedTreeImporter
LogPluginManager: Mounting plugin DatasmithContent
LogPluginManager: Mounting plugin VariantManagerContent
LogPluginManager: Mounting plugin AlembicImporter
LogPluginManager: Mounting plugin AutomationUtils
LogPluginManager: Mounting plugin BackChannel
LogPluginManager: Mounting plugin ChaosCloth
LogPluginManager: Mounting plugin ChaosClothEditor
LogPluginManager: Mounting plugin ChaosEditor
LogPluginManager: Mounting plugin ChaosNiagara
LogPluginManager: Mounting plugin ChaosSolverPlugin
LogPluginManager: Mounting plugin CharacterAI
LogPluginManager: Mounting plugin GeometryCache
LogPluginManager: Mounting plugin GeometryCollectionPlugin
LogPluginManager: Mounting plugin GeometryProcessing
LogPluginManager: Mounting plugin PlanarCut
LogPluginManager: Mounting plugin PlatformCrypto
LogPluginManager: Mounting plugin ProxyLODPlugin
LogPluginManager: Mounting plugin SkeletalReduction
LogPluginManager: Mounting plugin Niagara
LogPluginManager: Mounting plugin MagicLeap
LogPluginManager: Mounting plugin MagicLeapLightEstimation
LogPluginManager: Mounting plugin MagicLeapMedia
LogPluginManager: Mounting plugin MagicLeapPassableWorld
LogPluginManager: Mounting plugin MLSDK
LogPluginManager: Mounting plugin AndroidMedia
LogPluginManager: Mounting plugin AvfMedia
LogPluginManager: Mounting plugin ImgMedia
LogPluginManager: Mounting plugin MediaCompositing
LogPluginManager: Mounting plugin MediaPlayerEditor
LogPluginManager: Mounting plugin WebMMedia
LogPluginManager: Mounting plugin WmfMedia
LogPluginManager: Mounting plugin MeshPainting
LogPluginManager: Mounting plugin TcpMessaging
LogPluginManager: Mounting plugin UdpMessaging
LogPluginManager: Mounting plugin ActorSequence
LogPluginManager: Mounting plugin LevelSequenceEditor
LogPluginManager: Mounting plugin MatineeToLevelSequence
LogPluginManager: Mounting plugin MovieRenderPipeline
LogPluginManager: Mounting plugin TemplateSequence
LogPluginManager: Mounting plugin NetcodeUnitTest
LogPluginManager: Mounting plugin NUTUnrealEngine4
LogPluginManager: Mounting plugin OnlineSubsystemGooglePlay
LogPluginManager: Mounting plugin OnlineSubsystemIOS
LogPluginManager: Mounting plugin OnlineSubsystem
LogPluginManager: Mounting plugin OnlineSubsystemNull
LogPluginManager: Mounting plugin OnlineSubsystemUtils
LogPluginManager: Mounting plugin LauncherChunkInstaller
LogPluginManager: Mounting plugin AndroidDeviceProfileSelector
LogPluginManager: Mounting plugin AndroidMoviePlayer
LogPluginManager: Mounting plugin AndroidPermission
LogPluginManager: Mounting plugin AppleImageUtils
LogPluginManager: Mounting plugin AppleMoviePlayer
LogPluginManager: Mounting plugin ArchVisCharacter
LogPluginManager: Mounting plugin AssetTags
LogPluginManager: Mounting plugin AudioCapture
LogPluginManager: Mounting plugin CableComponent
LogPluginManager: Mounting plugin CustomMeshComponent
LogPluginManager: Mounting plugin EditableMesh
LogPluginManager: Mounting plugin ExampleDeviceProfileSelector
LogPluginManager: Mounting plugin GoogleCloudMessaging
LogPluginManager: Mounting plugin GooglePAD
LogPluginManager: Mounting plugin IOSDeviceProfileSelector
LogPluginManager: Mounting plugin LinuxDeviceProfileSelector
LogPluginManager: Mounting plugin LocationServicesBPLibrary
LogPluginManager: Mounting plugin MobilePatchingUtils
LogPluginManager: Mounting plugin OculusVR
LogPluginManager: Mounting plugin PhysXVehicles
LogPluginManager: Mounting plugin PostSplashScreen
LogPluginManager: Mounting plugin ProceduralMeshComponent
LogPluginManager: Mounting plugin RuntimePhysXCooking
LogPluginManager: Mounting plugin SignificanceManager
LogPluginManager: Mounting plugin SoundFields
LogPluginManager: Mounting plugin SteamVR
LogPluginManager: Mounting plugin Synthesis
LogPluginManager: Mounting plugin WebMMoviePlayer
LogPluginManager: Mounting plugin WindowsMoviePlayer
LogPluginManager: Mounting plugin ScreenshotTools
LogInit: Using libcurl 7.55.1-DEV
LogInit:  - built for x86_64-pc-win32
LogInit:  - supports SSL with OpenSSL/1.1.1
LogInit:  - supports HTTP deflate (compression) using libz 1.2.8
LogInit:  - other features:
LogInit:      CURL_VERSION_SSL
LogInit:      CURL_VERSION_LIBZ
LogInit:      CURL_VERSION_IPV6
LogInit:      CURL_VERSION_ASYNCHDNS
LogInit:      CURL_VERSION_LARGEFILE
LogInit:      CURL_VERSION_IDN
LogInit:  CurlRequestOptions (configurable via config and command line):
LogInit:  - bVerifyPeer = true  - Libcurl will verify peer certificate
LogInit:  - bUseHttpProxy = false  - Libcurl will NOT use HTTP proxy
LogInit:  - bDontReuseConnections = false  - Libcurl will reuse connections
LogInit:  - MaxHostConnections = 16  - Libcurl will limit the number of connections to a host
LogInit:  - LocalHostAddr = Default
LogInit:  - BufferSize = 65536
LogOnline: OSS: Creating online subsystem instance for: NULL
LogInit: WinSock: version 1.1 (2.2), MaxSocks=32767, MaxUdp=65467
LogOnline: OSS: TryLoadSubsystemAndSetDefault: Loaded subsystem for module [NULL]
LogInit: Build: ++UE4+Release-4.25-CL-13594126
LogInit: Engine Version: 4.25.1-13594126+++UE4+Release-4.25
LogInit: Compatible Engine Version: 4.25.0-13144385+++UE4+Release-4.25
LogInit: Net CL: 13144385
LogInit: OS: Windows 10 (Release 1809) (), CPU: AMD FX(tm)-8350 Eight-Core Processor           , GPU: NVIDIA GeForce GTX 770
LogInit: Compiled (64-bit): Jun  2 2020 02:10:36
LogInit: Compiled with Visual C++: 19.24.28315.00
LogInit: Build Configuration: Development
LogInit: Branch Name: ++UE4+Release-4.25
LogInit: Command Line: 
LogInit: Base Directory: F:/Unreal engine/UE_4.25/Engine/Binaries/Win64/
LogInit: Allocator: TBB
LogInit: Installed Engine Build: 1
LogDevObjectVersion: Number of dev versions registered: 26
LogDevObjectVersion:   Dev-Blueprints (B0D832E4-1F89-4F0D-ACCF-7EB736FD4AA2): 10
LogDevObjectVersion:   Dev-Build (E1C64328-A22C-4D53-A36C-8E866417BD8C): 0
LogDevObjectVersion:   Dev-Core (375EC13C-06E4-48FB-B500-84F0262A717E): 4
LogDevObjectVersion:   Dev-Editor (E4B068ED-F494-42E9-A231-DA0B2E46BB41): 38
LogDevObjectVersion:   Dev-Framework (CFFC743F-43B0-4480-9391-14DF171D2073): 37
LogDevObjectVersion:   Dev-Mobile (B02B49B5-BB20-44E9-A304-32B752E40360): 2
LogDevObjectVersion:   Dev-Networking (A4E4105C-59A1-49B5-A7C5-40C4547EDFEE): 0
LogDevObjectVersion:   Dev-Online (39C831C9-5AE6-47DC-9A44-9C173E1C8E7C): 0
LogDevObjectVersion:   Dev-Physics (78F01B33-EBEA-4F98-B9B4-84EACCB95AA2): 4
LogDevObjectVersion:   Dev-Platform (6631380F-2D4D-43E0-8009-CF276956A95A): 0
LogDevObjectVersion:   Dev-Rendering (12F88B9F-8875-4AFC-A67C-D90C383ABD29): 43
LogDevObjectVersion:   Dev-Sequencer (7B5AE74C-D270-4C10-A958-57980B212A5A): 12
LogDevObjectVersion:   Dev-VR (D7296918-1DD6-4BDD-9DE2-64A83CC13884): 3
LogDevObjectVersion:   Dev-LoadTimes (C2A15278-BFE7-4AFE-6C17-90FF531DF755): 1
LogDevObjectVersion:   Private-Geometry (6EACA3D4-40EC-4CC1-B786-8BED09428FC5): 3
LogDevObjectVersion:   Dev-AnimPhys (29E575DD-E0A3-4627-9D10-D276232CDCEA): 17
LogDevObjectVersion:   Dev-Anim (AF43A65D-7FD3-4947-9873-3E8ED9C1BB05): 7
LogDevObjectVersion:   Dev-ReflectionCapture (6B266CEC-1EC7-4B8F-A30B-E4D90942FC07): 1
LogDevObjectVersion:   Dev-Automation (0DF73D61-A23F-47EA-B727-89E90C41499A): 1
LogDevObjectVersion:   FortniteMain (601D1886-AC64-4F84-AA16-D3DE0DEAC7D6): 31
LogDevObjectVersion:   Dev-Enterprise (9DFFBCD6-494F-0158-E221-12823C92A888): 10
LogDevObjectVersion:   Dev-Niagara (F2AED0AC-9AFE-416F-8664-AA7FFA26D6FC): 1
LogDevObjectVersion:   Dev-Destruction (174F1F0B-B4C6-45A5-B13F-2EE8D0FB917D): 10
LogDevObjectVersion:   Dev-Physics-Ext (35F94A83-E258-406C-A318-09F59610247C): 37
LogDevObjectVersion:   Dev-PhysicsMaterial-Chaos (B68FC16E-8B1B-42E2-B453-215C058844FE): 1
LogDevObjectVersion:   Dev-CineCamera (B2E18506-4273-CFC2-A54E-F4BB758BBA07): 1
LogInit: Presizing for max 25165824 objects, including 0 objects not considered by GC, pre-allocating 0 bytes for permanent pool.
LogConfig: Applying CVar settings from Section [/Script/Engine.StreamingSettings] File [C:/Projects/UE4/ZombieShooter/Cleaning-floor-retribution/ZombieShooterAnyCode/Saved/Config/Windows/Engine.ini]
LogConfig: Setting CVar [[s.MinBulkDataSizeForAsyncLoading:131072]]
LogConfig: Setting CVar [[s.AsyncLoadingThreadEnabled:0]]
LogConfig: Setting CVar [[s.EventDrivenLoaderEnabled:1]]
LogConfig: Setting CVar [[s.WarnIfTimeLimitExceeded:0]]
LogConfig: Setting CVar [[s.TimeLimitExceededMultiplier:1.5]]
LogConfig: Setting CVar [[s.TimeLimitExceededMinTime:0.005]]
LogConfig: Setting CVar [[s.UseBackgroundLevelStreaming:1]]
LogConfig: Setting CVar [[s.PriorityAsyncLoadingExtraTime:15.0]]
LogConfig: Setting CVar [[s.LevelStreamingActorsUpdateTimeLimit:5.0]]
LogConfig: Setting CVar [[s.PriorityLevelStreamingActorsUpdateExtraTime:5.0]]
LogConfig: Setting CVar [[s.LevelStreamingComponentsRegistrationGranularity:10]]
LogConfig: Setting CVar [[s.UnregisterComponentsTimeLimit:1.0]]
LogConfig: Setting CVar [[s.LevelStreamingComponentsUnregistrationGranularity:5]]
LogConfig: Setting CVar [[s.FlushStreamingOnExit:1]]
LogInit: Object subsystem initialized
LogConfig: Setting CVar [[con.DebugEarlyDefault:1]]
LogConfig: Setting CVar [[r.setres:1280x720]]
[2020.06.15-15.27.02:374][  0]LogConfig: Setting CVar [[r.VSync:0]]
[2020.06.15-15.27.02:374][  0]LogConfig: Setting CVar [[r.RHICmdBypass:0]]
[2020.06.15-15.27.02:374][  0]LogConfig: Applying CVar settings from Section [/Script/Engine.RendererSettings] File [C:/Projects/UE4/ZombieShooter/Cleaning-floor-retribution/ZombieShooterAnyCode/Saved/Config/Windows/Engine.ini]
[2020.06.15-15.27.02:374][  0]LogConfig: Setting CVar [[r.GPUCrashDebugging:0]]
[2020.06.15-15.27.02:374][  0]LogConfig: Applying CVar settings from Section [/Script/Engine.RendererOverrideSettings] File [C:/Projects/UE4/ZombieShooter/Cleaning-floor-retribution/ZombieShooterAnyCode/Saved/Config/Windows/Engine.ini]
[2020.06.15-15.27.02:374][  0]LogConfig: Applying CVar settings from Section [/Script/Engine.StreamingSettings] File [C:/Projects/UE4/ZombieShooter/Cleaning-floor-retribution/ZombieShooterAnyCode/Saved/Config/Windows/Engine.ini]
[2020.06.15-15.27.02:374][  0]LogConfig: Setting CVar [[s.MinBulkDataSizeForAsyncLoading:131072]]
[2020.06.15-15.27.02:374][  0]LogConfig: Setting CVar [[s.AsyncLoadingThreadEnabled:0]]
[2020.06.15-15.27.02:374][  0]LogConfig: Setting CVar [[s.EventDrivenLoaderEnabled:1]]
[2020.06.15-15.27.02:374][  0]LogConfig: Setting CVar [[s.WarnIfTimeLimitExceeded:0]]
[2020.06.15-15.27.02:374][  0]LogConfig: Setting CVar [[s.TimeLimitExceededMultiplier:1.5]]
[2020.06.15-15.27.02:374][  0]LogConfig: Setting CVar [[s.TimeLimitExceededMinTime:0.005]]
[2020.06.15-15.27.02:374][  0]LogConfig: Setting CVar [[s.UseBackgroundLevelStreaming:1]]
[2020.06.15-15.27.02:374][  0]LogConfig: Setting CVar [[s.PriorityAsyncLoadingExtraTime:15.0]]
[2020.06.15-15.27.02:374][  0]LogConfig: Setting CVar [[s.LevelStreamingActorsUpdateTimeLimit:5.0]]
[2020.06.15-15.27.02:374][  0]LogConfig: Setting CVar [[s.PriorityLevelStreamingActorsUpdateExtraTime:5.0]]
[2020.06.15-15.27.02:374][  0]LogConfig: Setting CVar [[s.LevelStreamingComponentsRegistrationGranularity:10]]
[2020.06.15-15.27.02:374][  0]LogConfig: Setting CVar [[s.UnregisterComponentsTimeLimit:1.0]]
[2020.06.15-15.27.02:374][  0]LogConfig: Setting CVar [[s.LevelStreamingComponentsUnregistrationGranularity:5]]
[2020.06.15-15.27.02:374][  0]LogConfig: Setting CVar [[s.FlushStreamingOnExit:1]]
[2020.06.15-15.27.02:374][  0]LogConfig: Applying CVar settings from Section [/Script/Engine.GarbageCollectionSettings] File [C:/Projects/UE4/ZombieShooter/Cleaning-floor-retribution/ZombieShooterAnyCode/Saved/Config/Windows/Engine.ini]
[2020.06.15-15.27.02:374][  0]LogConfig: Setting CVar [[gc.MaxObjectsNotConsideredByGC:1]]
[2020.06.15-15.27.02:374][  0]LogConfig: Setting CVar [[gc.SizeOfPermanentObjectPool:0]]
[2020.06.15-15.27.02:374][  0]LogConfig: Setting CVar [[gc.FlushStreamingOnGC:0]]
[2020.06.15-15.27.02:374][  0]LogConfig: Setting CVar [[gc.NumRetriesBeforeForcingGC:10]]
[2020.06.15-15.27.02:374][  0]LogConfig: Setting CVar [[gc.AllowParallelGC:1]]
[2020.06.15-15.27.02:375][  0]LogConfig: Setting CVar [[gc.TimeBetweenPurgingPendingKillObjects:61.1]]
[2020.06.15-15.27.02:375][  0]LogConfig: Setting CVar [[gc.MaxObjectsInEditor:25165824]]
[2020.06.15-15.27.02:375][  0]LogConfig: Setting CVar [[gc.IncrementalBeginDestroyEnabled:1]]
[2020.06.15-15.27.02:375][  0]LogConfig: Setting CVar [[gc.CreateGCClusters:1]]
[2020.06.15-15.27.02:375][  0]LogConfig: Setting CVar [[gc.MinGCClusterSize:5]]
[2020.06.15-15.27.02:375][  0]LogConfig: Setting CVar [[gc.ActorClusteringEnabled:0]]
[2020.06.15-15.27.02:375][  0]LogConfig: Setting CVar [[gc.BlueprintClusteringEnabled:0]]
[2020.06.15-15.27.02:375][  0]LogConfig: Setting CVar [[gc.UseDisregardForGCOnDedicatedServers:0]]
[2020.06.15-15.27.02:375][  0]LogConfig: Applying CVar settings from Section [/Script/Engine.NetworkSettings] File [C:/Projects/UE4/ZombieShooter/Cleaning-floor-retribution/ZombieShooterAnyCode/Saved/Config/Windows/Engine.ini]
[2020.06.15-15.27.02:375][  0]LogConfig: Applying CVar settings from Section [/Script/UnrealEd.CookerSettings] File [C:/Projects/UE4/ZombieShooter/Cleaning-floor-retribution/ZombieShooterAnyCode/Saved/Config/Windows/Engine.ini]
[2020.06.15-15.27.02:383][  0]LogConfig: Applying CVar settings from Section [ViewDistanceQuality@3] File [C:/Projects/UE4/ZombieShooter/Cleaning-floor-retribution/ZombieShooterAnyCode/Saved/Config/Windows/Scalability.ini]
[2020.06.15-15.27.02:383][  0]LogConfig: Setting CVar [[r.SkeletalMeshLODBias:0]]
[2020.06.15-15.27.02:383][  0]LogConfig: Setting CVar [[r.ViewDistanceScale:1.0]]
[2020.06.15-15.27.02:383][  0]LogConfig: Applying CVar settings from Section [AntiAliasingQuality@3] File [C:/Projects/UE4/ZombieShooter/Cleaning-floor-retribution/ZombieShooterAnyCode/Saved/Config/Windows/Scalability.ini]
[2020.06.15-15.27.02:383][  0]LogConfig: Setting CVar [[r.PostProcessAAQuality:4]]
[2020.06.15-15.27.02:383][  0]LogConfig: Applying CVar settings from Section [ShadowQuality@3] File [C:/Projects/UE4/ZombieShooter/Cleaning-floor-retribution/ZombieShooterAnyCode/Saved/Config/Windows/Scalability.ini]
[2020.06.15-15.27.02:383][  0]LogConfig: Setting CVar [[r.LightFunctionQuality:1]]
[2020.06.15-15.27.02:383][  0]LogConfig: Setting CVar [[r.ShadowQuality:5]]
[2020.06.15-15.27.02:383][  0]LogConfig: Setting CVar [[r.Shadow.CSM.MaxCascades:10]]
[2020.06.15-15.27.02:383][  0]LogConfig: Setting CVar [[r.Shadow.MaxResolution:2048]]
[2020.06.15-15.27.02:383][  0]LogConfig: Setting CVar [[r.Shadow.MaxCSMResolution:2048]]
[2020.06.15-15.27.02:383][  0]LogConfig: Setting CVar [[r.Shadow.RadiusThreshold:0.01]]
[2020.06.15-15.27.02:383][  0]LogConfig: Setting CVar [[r.Shadow.DistanceScale:1.0]]
[2020.06.15-15.27.02:383][  0]LogConfig: Setting CVar [[r.Shadow.CSM.TransitionScale:1.0]]
[2020.06.15-15.27.02:383][  0]LogConfig: Setting CVar [[r.Shadow.PreShadowResolutionFactor:1.0]]
[2020.06.15-15.27.02:383][  0]LogConfig: Setting CVar [[r.DistanceFieldShadowing:1]]
[2020.06.15-15.27.02:383][  0]LogConfig: Setting CVar [[r.DistanceFieldAO:1]]
[2020.06.15-15.27.02:383][  0]LogConfig: Setting CVar [[r.AOQuality:2]]
[2020.06.15-15.27.02:383][  0]LogConfig: Setting CVar [[r.VolumetricFog:1]]
[2020.06.15-15.27.02:383][  0]LogConfig: Setting CVar [[r.VolumetricFog.GridPixelSize:8]]
[2020.06.15-15.27.02:383][  0]LogConfig: Setting CVar [[r.VolumetricFog.GridSizeZ:128]]
[2020.06.15-15.27.02:383][  0]LogConfig: Setting CVar [[r.VolumetricFog.HistoryMissSupersampleCount:4]]
[2020.06.15-15.27.02:383][  0]LogConfig: Setting CVar [[r.LightMaxDrawDistanceScale:1]]
[2020.06.15-15.27.02:383][  0]LogConfig: Setting CVar [[r.CapsuleShadows:1]]
[2020.06.15-15.27.02:383][  0]LogConfig: Applying CVar settings from Section [PostProcessQuality@3] File [C:/Projects/UE4/ZombieShooter/Cleaning-floor-retribution/ZombieShooterAnyCode/Saved/Config/Windows/Scalability.ini]
[2020.06.15-15.27.02:383][  0]LogConfig: Setting CVar [[r.MotionBlurQuality:4]]
[2020.06.15-15.27.02:383][  0]LogConfig: Setting CVar [[r.AmbientOcclusionMipLevelFactor:0.4]]
[2020.06.15-15.27.02:383][  0]LogConfig: Setting CVar [[r.AmbientOcclusionMaxQuality:100]]
[2020.06.15-15.27.02:384][  0]LogConfig: Setting CVar [[r.AmbientOcclusionLevels:-1]]
[2020.06.15-15.27.02:384][  0]LogConfig: Setting CVar [[r.AmbientOcclusionRadiusScale:1.0]]
[2020.06.15-15.27.02:384][  0]LogConfig: Setting CVar [[r.DepthOfFieldQuality:2]]
[2020.06.15-15.27.02:384][  0]LogConfig: Setting CVar [[r.RenderTargetPoolMin:400]]
[2020.06.15-15.27.02:384][  0]LogConfig: Setting CVar [[r.LensFlareQuality:2]]
[2020.06.15-15.27.02:384][  0]LogConfig: Setting CVar [[r.SceneColorFringeQuality:1]]
[2020.06.15-15.27.02:384][  0]LogConfig: Setting CVar [[r.EyeAdaptationQuality:2]]
[2020.06.15-15.27.02:384][  0]LogConfig: Setting CVar [[r.BloomQuality:5]]
[2020.06.15-15.27.02:384][  0]LogConfig: Setting CVar [[r.FastBlurThreshold:100]]
[2020.06.15-15.27.02:384][  0]LogConfig: Setting CVar [[r.Upscale.Quality:3]]
[2020.06.15-15.27.02:384][  0]LogConfig: Setting CVar [[r.Tonemapper.GrainQuantization:1]]
[2020.06.15-15.27.02:384][  0]LogConfig: Setting CVar [[r.LightShaftQuality:1]]
[2020.06.15-15.27.02:384][  0]LogConfig: Setting CVar [[r.Filter.SizeScale:1]]
[2020.06.15-15.27.02:384][  0]LogConfig: Setting CVar [[r.Tonemapper.Quality:5]]
[2020.06.15-15.27.02:384][  0]LogConfig: Setting CVar [[r.DOF.Gather.AccumulatorQuality:1        ; higher gathering accumulator quality]]
[2020.06.15-15.27.02:384][  0]LogConfig: Setting CVar [[r.DOF.Gather.PostfilterMethod:1          ; Median3x3 postfilering method]]
[2020.06.15-15.27.02:384][  0]LogConfig: Setting CVar [[r.DOF.Gather.EnableBokehSettings:0       ; no bokeh simulation when gathering]]
[2020.06.15-15.27.02:384][  0]LogConfig: Setting CVar [[r.DOF.Gather.RingCount:4                 ; medium number of samples when gathering]]
[2020.06.15-15.27.02:384][  0]LogConfig: Setting CVar [[r.DOF.Scatter.ForegroundCompositing:1    ; additive foreground scattering]]
[2020.06.15-15.27.02:384][  0]LogConfig: Setting CVar [[r.DOF.Scatter.BackgroundCompositing:2    ; additive background scattering]]
[2020.06.15-15.27.02:384][  0]LogConfig: Setting CVar [[r.DOF.Scatter.EnableBokehSettings:1      ; bokeh simulation when scattering]]
[2020.06.15-15.27.02:384][  0]LogConfig: Setting CVar [[r.DOF.Scatter.MaxSpriteRatio:0.1         ; only a maximum of 10% of scattered bokeh]]
[2020.06.15-15.27.02:384][  0]LogConfig: Setting CVar [[r.DOF.Recombine.Quality:1                ; cheap slight out of focus]]
[2020.06.15-15.27.02:384][  0]LogConfig: Setting CVar [[r.DOF.Recombine.EnableBokehSettings:0    ; no bokeh simulation on slight out of focus]]
[2020.06.15-15.27.02:384][  0]LogConfig: Setting CVar [[r.DOF.TemporalAAQuality:1                ; more stable temporal accumulation]]
[2020.06.15-15.27.02:384][  0]LogConfig: Setting CVar [[r.DOF.Kernel.MaxForegroundRadius:0.025]]
[2020.06.15-15.27.02:384][  0]LogConfig: Setting CVar [[r.DOF.Kernel.MaxBackgroundRadius:0.025]]
[2020.06.15-15.27.02:384][  0]LogConfig: Applying CVar settings from Section [TextureQuality@3] File [C:/Projects/UE4/ZombieShooter/Cleaning-floor-retribution/ZombieShooterAnyCode/Saved/Config/Windows/Scalability.ini]
[2020.06.15-15.27.02:384][  0]LogConfig: Setting CVar [[r.Streaming.MipBias:0]]
[2020.06.15-15.27.02:384][  0]LogConfig: Setting CVar [[r.Streaming.AmortizeCPUToGPUCopy:0]]
[2020.06.15-15.27.02:384][  0]LogConfig: Setting CVar [[r.Streaming.MaxNumTexturesToStreamPerFrame:0]]
[2020.06.15-15.27.02:384][  0]LogConfig: Setting CVar [[r.Streaming.Boost:1]]
[2020.06.15-15.27.02:384][  0]LogConfig: Setting CVar [[r.MaxAnisotropy:8]]
[2020.06.15-15.27.02:384][  0]LogConfig: Setting CVar [[r.VT.MaxAnisotropy:8]]
[2020.06.15-15.27.02:384][  0]LogConfig: Setting CVar [[r.Streaming.LimitPoolSizeToVRAM:0]]
[2020.06.15-15.27.02:384][  0]LogConfig: Setting CVar [[r.Streaming.PoolSize:1000]]
[2020.06.15-15.27.02:384][  0]LogConfig: Setting CVar [[r.Streaming.MaxEffectiveScreenSize:0]]
[2020.06.15-15.27.02:384][  0]LogConfig: Applying CVar settings from Section [EffectsQuality@3] File [C:/Projects/UE4/ZombieShooter/Cleaning-floor-retribution/ZombieShooterAnyCode/Saved/Config/Windows/Scalability.ini]
[2020.06.15-15.27.02:384][  0]LogConfig: Setting CVar [[r.TranslucencyLightingVolumeDim:64]]
[2020.06.15-15.27.02:384][  0]LogConfig: Setting CVar [[r.RefractionQuality:2]]
[2020.06.15-15.27.02:384][  0]LogConfig: Setting CVar [[r.SSR.Quality:3]]
[2020.06.15-15.27.02:384][  0]LogConfig: Setting CVar [[r.SSR.HalfResSceneColor:0]]
[2020.06.15-15.27.02:384][  0]LogConfig: Setting CVar [[r.SceneColorFormat:4]]
[2020.06.15-15.27.02:384][  0]LogConfig: Setting CVar [[r.DetailMode:2]]
[2020.06.15-15.27.02:384][  0]LogConfig: Setting CVar [[r.TranslucencyVolumeBlur:1]]
[2020.06.15-15.27.02:384][  0]LogConfig: Setting CVar [[r.MaterialQualityLevel:1 ; High quality]]
[2020.06.15-15.27.02:384][  0]LogConfig: Setting CVar [[r.SSS.Scale:1]]
[2020.06.15-15.27.02:384][  0]LogConfig: Setting CVar [[r.SSS.SampleSet:2]]
[2020.06.15-15.27.02:385][  0]LogConfig: Setting CVar [[r.SSS.Quality:1]]
[2020.06.15-15.27.02:385][  0]LogConfig: Setting CVar [[r.SSS.HalfRes:0]]
[2020.06.15-15.27.02:385][  0]LogConfig: Setting CVar [[r.SSGI.Quality:3]]
[2020.06.15-15.27.02:385][  0]LogConfig: Setting CVar [[r.EmitterSpawnRateScale:1.0]]
[2020.06.15-15.27.02:385][  0]LogConfig: Setting CVar [[r.ParticleLightQuality:2]]
[2020.06.15-15.27.02:385][  0]LogConfig: Setting CVar [[r.SkyAtmosphere.AerialPerspectiveLUT.FastApplyOnOpaque:1 ; Always have FastSkyLUT 1 in this case to avoid wrong sky]]
[2020.06.15-15.27.02:385][  0]LogConfig: Setting CVar [[r.SkyAtmosphere.AerialPerspectiveLUT.SampleCountPerSlice:1]]
[2020.06.15-15.27.02:385][  0]LogConfig: Setting CVar [[r.SkyAtmosphere.AerialPerspectiveLUT.DepthResolution:16.0]]
[2020.06.15-15.27.02:385][  0]LogConfig: Setting CVar [[r.SkyAtmosphere.FastSkyLUT:1]]
[2020.06.15-15.27.02:385][  0]LogConfig: Setting CVar [[r.SkyAtmosphere.FastSkyLUT.SampleCountMin:4.0]]
[2020.06.15-15.27.02:385][  0]LogConfig: Setting CVar [[r.SkyAtmosphere.FastSkyLUT.SampleCountMax:32.0]]
[2020.06.15-15.27.02:385][  0]LogConfig: Setting CVar [[r.SkyAtmosphere.SampleCountMin:4.0]]
[2020.06.15-15.27.02:385][  0]LogConfig: Setting CVar [[r.SkyAtmosphere.SampleCountMax:32.0]]
[2020.06.15-15.27.02:385][  0]LogConfig: Setting CVar [[r.SkyAtmosphere.TransmittanceLUT.UseSmallFormat:0]]
[2020.06.15-15.27.02:385][  0]LogConfig: Setting CVar [[r.SkyAtmosphere.TransmittanceLUT.SampleCount:10.0]]
[2020.06.15-15.27.02:385][  0]LogConfig: Setting CVar [[r.SkyAtmosphere.MultiScatteringLUT.SampleCount:15.0]]
[2020.06.15-15.27.02:385][  0]LogConfig: Applying CVar settings from Section [FoliageQuality@3] File [C:/Projects/UE4/ZombieShooter/Cleaning-floor-retribution/ZombieShooterAnyCode/Saved/Config/Windows/Scalability.ini]
[2020.06.15-15.27.02:385][  0]LogConfig: Setting CVar [[foliage.DensityScale:1.0]]
[2020.06.15-15.27.02:385][  0]LogConfig: Setting CVar [[grass.DensityScale:1.0]]
[2020.06.15-15.27.02:385][  0]LogConfig: Applying CVar settings from Section [ShadingQuality@3] File [C:/Projects/UE4/ZombieShooter/Cleaning-floor-retribution/ZombieShooterAnyCode/Saved/Config/Windows/Scalability.ini]
[2020.06.15-15.27.02:385][  0]LogConfig: Setting CVar [[r.HairStrands.SkyLighting.SampleCount:16]]
[2020.06.15-15.27.02:385][  0]LogConfig: Setting CVar [[r.HairStrands.SkyLighting.JitterIntegration:0]]
[2020.06.15-15.27.02:385][  0]LogConfig: Setting CVar [[r.HairStrands.SkyAO.SampleCount:16]]
[2020.06.15-15.27.02:385][  0]LogConfig: Setting CVar [[r.HairStrands.DeepShadow.SuperSampling:0]]
[2020.06.15-15.27.02:385][  0]LogConfig: Setting CVar [[r.HairStrands.VisibilityPPLL:0]]
[2020.06.15-15.27.02:385][  0]LogConfig: Setting CVar [[r.HairStrands.RasterizationScale:0.5]]
[2020.06.15-15.27.02:385][  0]LogConfig: Setting CVar [[r.HairStrands.VelocityRasterizationScale:1]]
[2020.06.15-15.27.02:385][  0]LogInit: Selected Device Profile: [Windows]
[2020.06.15-15.27.02:385][  0]LogInit: Applying CVar settings loaded from the selected device profile: [Windows]
[2020.06.15-15.27.02:385][  0]LogHAL: Display: Platform has ~ 12 GB [12828168192 / 17179869184 / 12], which maps to Larger [LargestMinGB=32, LargerMinGB=12, DefaultMinGB=8, SmallerMinGB=6, SmallestMinGB=0)
[2020.06.15-15.27.02:385][  0]LogInit: Going up to parent DeviceProfile []
[2020.06.15-15.27.02:385][  0]LogConfig: Applying CVar settings from Section [ViewDistanceQuality@3] File [C:/Projects/UE4/ZombieShooter/Cleaning-floor-retribution/ZombieShooterAnyCode/Saved/Config/Windows/Scalability.ini]
[2020.06.15-15.27.02:385][  0]LogConfig: Setting CVar [[r.SkeletalMeshLODBias:0]]
[2020.06.15-15.27.02:385][  0]LogConfig: Setting CVar [[r.ViewDistanceScale:1.0]]
[2020.06.15-15.27.02:385][  0]LogConfig: Applying CVar settings from Section [AntiAliasingQuality@3] File [C:/Projects/UE4/ZombieShooter/Cleaning-floor-retribution/ZombieShooterAnyCode/Saved/Config/Windows/Scalability.ini]
[2020.06.15-15.27.02:385][  0]LogConfig: Setting CVar [[r.PostProcessAAQuality:4]]
[2020.06.15-15.27.02:385][  0]LogConfig: Applying CVar settings from Section [ShadowQuality@3] File [C:/Projects/UE4/ZombieShooter/Cleaning-floor-retribution/ZombieShooterAnyCode/Saved/Config/Windows/Scalability.ini]
[2020.06.15-15.27.02:385][  0]LogConfig: Setting CVar [[r.LightFunctionQuality:1]]
[2020.06.15-15.27.02:385][  0]LogConfig: Setting CVar [[r.ShadowQuality:5]]
[2020.06.15-15.27.02:385][  0]LogConfig: Setting CVar [[r.Shadow.CSM.MaxCascades:10]]
[2020.06.15-15.27.02:385][  0]LogConfig: Setting CVar [[r.Shadow.MaxResolution:2048]]
[2020.06.15-15.27.02:385][  0]LogConfig: Setting CVar [[r.Shadow.MaxCSMResolution:2048]]
[2020.06.15-15.27.02:385][  0]LogConfig: Setting CVar [[r.Shadow.RadiusThreshold:0.01]]
[2020.06.15-15.27.02:385][  0]LogConfig: Setting CVar [[r.Shadow.DistanceScale:1.0]]
[2020.06.15-15.27.02:386][  0]LogConfig: Setting CVar [[r.Shadow.CSM.TransitionScale:1.0]]
[2020.06.15-15.27.02:386][  0]LogConfig: Setting CVar [[r.Shadow.PreShadowResolutionFactor:1.0]]
[2020.06.15-15.27.02:386][  0]LogConfig: Setting CVar [[r.DistanceFieldShadowing:1]]
[2020.06.15-15.27.02:386][  0]LogConfig: Setting CVar [[r.DistanceFieldAO:1]]
[2020.06.15-15.27.02:386][  0]LogConfig: Setting CVar [[r.AOQuality:2]]
[2020.06.15-15.27.02:386][  0]LogConfig: Setting CVar [[r.VolumetricFog:1]]
[2020.06.15-15.27.02:386][  0]LogConfig: Setting CVar [[r.VolumetricFog.GridPixelSize:8]]
[2020.06.15-15.27.02:386][  0]LogConfig: Setting CVar [[r.VolumetricFog.GridSizeZ:128]]
[2020.06.15-15.27.02:386][  0]LogConfig: Setting CVar [[r.VolumetricFog.HistoryMissSupersampleCount:4]]
[2020.06.15-15.27.02:386][  0]LogConfig: Setting CVar [[r.LightMaxDrawDistanceScale:1]]
[2020.06.15-15.27.02:386][  0]LogConfig: Setting CVar [[r.CapsuleShadows:1]]
[2020.06.15-15.27.02:386][  0]LogConfig: Applying CVar settings from Section [PostProcessQuality@3] File [C:/Projects/UE4/ZombieShooter/Cleaning-floor-retribution/ZombieShooterAnyCode/Saved/Config/Windows/Scalability.ini]
[2020.06.15-15.27.02:386][  0]LogConfig: Setting CVar [[r.MotionBlurQuality:4]]
[2020.06.15-15.27.02:386][  0]LogConfig: Setting CVar [[r.AmbientOcclusionMipLevelFactor:0.4]]
[2020.06.15-15.27.02:386][  0]LogConfig: Setting CVar [[r.AmbientOcclusionMaxQuality:100]]
[2020.06.15-15.27.02:386][  0]LogConfig: Setting CVar [[r.AmbientOcclusionLevels:-1]]
[2020.06.15-15.27.02:386][  0]LogConfig: Setting CVar [[r.AmbientOcclusionRadiusScale:1.0]]
[2020.06.15-15.27.02:386][  0]LogConfig: Setting CVar [[r.DepthOfFieldQuality:2]]
[2020.06.15-15.27.02:386][  0]LogConfig: Setting CVar [[r.RenderTargetPoolMin:400]]
[2020.06.15-15.27.02:386][  0]LogConfig: Setting CVar [[r.LensFlareQuality:2]]
[2020.06.15-15.27.02:386][  0]LogConfig: Setting CVar [[r.SceneColorFringeQuality:1]]
[2020.06.15-15.27.02:386][  0]LogConfig: Setting CVar [[r.EyeAdaptationQuality:2]]
[2020.06.15-15.27.02:386][  0]LogConfig: Setting CVar [[r.BloomQuality:5]]
[2020.06.15-15.27.02:386][  0]LogConfig: Setting CVar [[r.FastBlurThreshold:100]]
[2020.06.15-15.27.02:386][  0]LogConfig: Setting CVar [[r.Upscale.Quality:3]]
[2020.06.15-15.27.02:386][  0]LogConfig: Setting CVar [[r.Tonemapper.GrainQuantization:1]]
[2020.06.15-15.27.02:386][  0]LogConfig: Setting CVar [[r.LightShaftQuality:1]]
[2020.06.15-15.27.02:386][  0]LogConfig: Setting CVar [[r.Filter.SizeScale:1]]
[2020.06.15-15.27.02:386][  0]LogConfig: Setting CVar [[r.Tonemapper.Quality:5]]
[2020.06.15-15.27.02:386][  0]LogConfig: Setting CVar [[r.DOF.Gather.AccumulatorQuality:1        ; higher gathering accumulator quality]]
[2020.06.15-15.27.02:386][  0]LogConfig: Setting CVar [[r.DOF.Gather.PostfilterMethod:1          ; Median3x3 postfilering method]]
[2020.06.15-15.27.02:386][  0]LogConfig: Setting CVar [[r.DOF.Gather.EnableBokehSettings:0       ; no bokeh simulation when gathering]]
[2020.06.15-15.27.02:386][  0]LogConfig: Setting CVar [[r.DOF.Gather.RingCount:4                 ; medium number of samples when gathering]]
[2020.06.15-15.27.02:386][  0]LogConfig: Setting CVar [[r.DOF.Scatter.ForegroundCompositing:1    ; additive foreground scattering]]
[2020.06.15-15.27.02:386][  0]LogConfig: Setting CVar [[r.DOF.Scatter.BackgroundCompositing:2    ; additive background scattering]]
[2020.06.15-15.27.02:386][  0]LogConfig: Setting CVar [[r.DOF.Scatter.EnableBokehSettings:1      ; bokeh simulation when scattering]]
[2020.06.15-15.27.02:386][  0]LogConfig: Setting CVar [[r.DOF.Scatter.MaxSpriteRatio:0.1         ; only a maximum of 10% of scattered bokeh]]
[2020.06.15-15.27.02:386][  0]LogConfig: Setting CVar [[r.DOF.Recombine.Quality:1                ; cheap slight out of focus]]
[2020.06.15-15.27.02:386][  0]LogConfig: Setting CVar [[r.DOF.Recombine.EnableBokehSettings:0    ; no bokeh simulation on slight out of focus]]
[2020.06.15-15.27.02:386][  0]LogConfig: Setting CVar [[r.DOF.TemporalAAQuality:1                ; more stable temporal accumulation]]
[2020.06.15-15.27.02:386][  0]LogConfig: Setting CVar [[r.DOF.Kernel.MaxForegroundRadius:0.025]]
[2020.06.15-15.27.02:386][  0]LogConfig: Setting CVar [[r.DOF.Kernel.MaxBackgroundRadius:0.025]]
[2020.06.15-15.27.02:386][  0]LogConfig: Applying CVar settings from Section [TextureQuality@3] File [C:/Projects/UE4/ZombieShooter/Cleaning-floor-retribution/ZombieShooterAnyCode/Saved/Config/Windows/Scalability.ini]
[2020.06.15-15.27.02:386][  0]LogConfig: Setting CVar [[r.Streaming.MipBias:0]]
[2020.06.15-15.27.02:386][  0]LogConfig: Setting CVar [[r.Streaming.AmortizeCPUToGPUCopy:0]]
[2020.06.15-15.27.02:386][  0]LogConfig: Setting CVar [[r.Streaming.MaxNumTexturesToStreamPerFrame:0]]
[2020.06.15-15.27.02:386][  0]LogConfig: Setting CVar [[r.Streaming.Boost:1]]
[2020.06.15-15.27.02:386][  0]LogConfig: Setting CVar [[r.MaxAnisotropy:8]]
[2020.06.15-15.27.02:386][  0]LogConfig: Setting CVar [[r.VT.MaxAnisotropy:8]]
[2020.06.15-15.27.02:386][  0]LogConfig: Setting CVar [[r.Streaming.LimitPoolSizeToVRAM:0]]
[2020.06.15-15.27.02:386][  0]LogConfig: Setting CVar [[r.Streaming.PoolSize:1000]]
[2020.06.15-15.27.02:386][  0]LogConfig: Setting CVar [[r.Streaming.MaxEffectiveScreenSize:0]]
[2020.06.15-15.27.02:386][  0]LogConfig: Applying CVar settings from Section [EffectsQuality@3] File [C:/Projects/UE4/ZombieShooter/Cleaning-floor-retribution/ZombieShooterAnyCode/Saved/Config/Windows/Scalability.ini]
[2020.06.15-15.27.02:386][  0]LogConfig: Setting CVar [[r.TranslucencyLightingVolumeDim:64]]
[2020.06.15-15.27.02:386][  0]LogConfig: Setting CVar [[r.RefractionQuality:2]]
[2020.06.15-15.27.02:387][  0]LogConfig: Setting CVar [[r.SSR.Quality:3]]
[2020.06.15-15.27.02:387][  0]LogConfig: Setting CVar [[r.SSR.HalfResSceneColor:0]]
[2020.06.15-15.27.02:387][  0]LogConfig: Setting CVar [[r.SceneColorFormat:4]]
[2020.06.15-15.27.02:387][  0]LogConfig: Setting CVar [[r.DetailMode:2]]
[2020.06.15-15.27.02:387][  0]LogConfig: Setting CVar [[r.TranslucencyVolumeBlur:1]]
[2020.06.15-15.27.02:387][  0]LogConfig: Setting CVar [[r.MaterialQualityLevel:1 ; High quality]]
[2020.06.15-15.27.02:387][  0]LogConfig: Setting CVar [[r.SSS.Scale:1]]
[2020.06.15-15.27.02:387][  0]LogConfig: Setting CVar [[r.SSS.SampleSet:2]]
[2020.06.15-15.27.02:387][  0]LogConfig: Setting CVar [[r.SSS.Quality:1]]
[2020.06.15-15.27.02:387][  0]LogConfig: Setting CVar [[r.SSS.HalfRes:0]]
[2020.06.15-15.27.02:387][  0]LogConfig: Setting CVar [[r.SSGI.Quality:3]]
[2020.06.15-15.27.02:387][  0]LogConfig: Setting CVar [[r.EmitterSpawnRateScale:1.0]]
[2020.06.15-15.27.02:387][  0]LogConfig: Setting CVar [[r.ParticleLightQuality:2]]
[2020.06.15-15.27.02:387][  0]LogConfig: Setting CVar [[r.SkyAtmosphere.AerialPerspectiveLUT.FastApplyOnOpaque:1 ; Always have FastSkyLUT 1 in this case to avoid wrong sky]]
[2020.06.15-15.27.02:387][  0]LogConfig: Setting CVar [[r.SkyAtmosphere.AerialPerspectiveLUT.SampleCountPerSlice:1]]
[2020.06.15-15.27.02:387][  0]LogConfig: Setting CVar [[r.SkyAtmosphere.AerialPerspectiveLUT.DepthResolution:16.0]]
[2020.06.15-15.27.02:387][  0]LogConfig: Setting CVar [[r.SkyAtmosphere.FastSkyLUT:1]]
[2020.06.15-15.27.02:387][  0]LogConfig: Setting CVar [[r.SkyAtmosphere.FastSkyLUT.SampleCountMin:4.0]]
[2020.06.15-15.27.02:387][  0]LogConfig: Setting CVar [[r.SkyAtmosphere.FastSkyLUT.SampleCountMax:32.0]]
[2020.06.15-15.27.02:387][  0]LogConfig: Setting CVar [[r.SkyAtmosphere.SampleCountMin:4.0]]
[2020.06.15-15.27.02:387][  0]LogConfig: Setting CVar [[r.SkyAtmosphere.SampleCountMax:32.0]]
[2020.06.15-15.27.02:387][  0]LogConfig: Setting CVar [[r.SkyAtmosphere.TransmittanceLUT.UseSmallFormat:0]]
[2020.06.15-15.27.02:387][  0]LogConfig: Setting CVar [[r.SkyAtmosphere.TransmittanceLUT.SampleCount:10.0]]
[2020.06.15-15.27.02:387][  0]LogConfig: Setting CVar [[r.SkyAtmosphere.MultiScatteringLUT.SampleCount:15.0]]
[2020.06.15-15.27.02:387][  0]LogConfig: Applying CVar settings from Section [FoliageQuality@3] File [C:/Projects/UE4/ZombieShooter/Cleaning-floor-retribution/ZombieShooterAnyCode/Saved/Config/Windows/Scalability.ini]
[2020.06.15-15.27.02:387][  0]LogConfig: Setting CVar [[foliage.DensityScale:1.0]]
[2020.06.15-15.27.02:387][  0]LogConfig: Setting CVar [[grass.DensityScale:1.0]]
[2020.06.15-15.27.02:387][  0]LogConfig: Applying CVar settings from Section [ShadingQuality@3] File [C:/Projects/UE4/ZombieShooter/Cleaning-floor-retribution/ZombieShooterAnyCode/Saved/Config/Windows/Scalability.ini]
[2020.06.15-15.27.02:387][  0]LogConfig: Setting CVar [[r.HairStrands.SkyLighting.SampleCount:16]]
[2020.06.15-15.27.02:387][  0]LogConfig: Setting CVar [[r.HairStrands.SkyLighting.JitterIntegration:0]]
[2020.06.15-15.27.02:387][  0]LogConfig: Setting CVar [[r.HairStrands.SkyAO.SampleCount:16]]
[2020.06.15-15.27.02:387][  0]LogConfig: Setting CVar [[r.HairStrands.DeepShadow.SuperSampling:0]]
[2020.06.15-15.27.02:387][  0]LogConfig: Setting CVar [[r.HairStrands.VisibilityPPLL:0]]
[2020.06.15-15.27.02:387][  0]LogConfig: Setting CVar [[r.HairStrands.RasterizationScale:0.5]]
[2020.06.15-15.27.02:387][  0]LogConfig: Setting CVar [[r.HairStrands.VelocityRasterizationScale:1]]
[2020.06.15-15.27.02:387][  0]LogConfig: Applying CVar settings from Section [Startup] File [../../../Engine/Config/ConsoleVariables.ini]
[2020.06.15-15.27.02:387][  0]LogConfig: Setting CVar [[net.UseAdaptiveNetUpdateFrequency:0]]
[2020.06.15-15.27.02:387][  0]LogConfig: Setting CVar [[p.chaos.AllowCreatePhysxBodies:1]]
[2020.06.15-15.27.02:387][  0]LogConfig: Setting CVar [[fx.SkipVectorVMBackendOptimizations:1]]
[2020.06.15-15.27.02:387][  0]LogConfig: Applying CVar settings from Section [ConsoleVariables] File [C:/Projects/UE4/ZombieShooter/Cleaning-floor-retribution/ZombieShooterAnyCode/Saved/Config/Windows/Engine.ini]
[2020.06.15-15.27.02:388][  0]LogInit: Computer: STREAM-MACHINE
[2020.06.15-15.27.02:388][  0]LogInit: User: Soraksis
[2020.06.15-15.27.02:388][  0]LogInit: CPU Page size=4096, Cores=4
[2020.06.15-15.27.02:388][  0]LogInit: High frequency timer resolution =10.000000 MHz
[2020.06.15-15.27.02:388][  0]LogMemory: Memory total: Physical=11.9GB (12GB approx)
[2020.06.15-15.27.02:388][  0]LogMemory: Platform Memory Stats for Windows
[2020.06.15-15.27.02:388][  0]LogMemory: Process Physical Memory: 115.48 MB used, 115.48 MB peak
[2020.06.15-15.27.02:388][  0]LogMemory: Process Virtual Memory: 101.14 MB used, 101.14 MB peak
[2020.06.15-15.27.02:388][  0]LogMemory: Physical Memory: 3849.95 MB used,  8383.95 MB free, 12233.89 MB total
[2020.06.15-15.27.02:388][  0]LogMemory: Virtual Memory: 5163.67 MB used,  134212568.00 MB free, 134217728.00 MB total
[2020.06.15-15.27.02:396][  0]LogWindows: WindowsPlatformFeatures enabled
[2020.06.15-15.27.02:443][  0]LogInit: Physics initialised using underlying interface: PhysX
[2020.06.15-15.27.02:444][  0]LogInit: Using OS detected language (fr-FR).
[2020.06.15-15.27.02:444][  0]LogInit: Using OS detected locale (fr-FR).
[2020.06.15-15.27.02:448][  0]LogTextLocalizationManager: No specific localization for 'fr-FR' exists, so the 'fr' localization will be used.
[2020.06.15-15.27.02:448][  0]LogTextLocalizationResource: LocRes '../../../Engine/Content/Localization/Editor/fr/Editor.locres' could not be opened for reading!
[2020.06.15-15.27.02:448][  0]LogTextLocalizationResource: LocRes '../../../Engine/Content/Localization/EditorTutorials/fr/EditorTutorials.locres' could not be opened for reading!
[2020.06.15-15.27.02:448][  0]LogTextLocalizationResource: LocRes '../../../Engine/Content/Localization/Keywords/fr/Keywords.locres' could not be opened for reading!
[2020.06.15-15.27.02:448][  0]LogTextLocalizationResource: LocRes '../../../Engine/Content/Localization/Category/fr/Category.locres' could not be opened for reading!
[2020.06.15-15.27.02:448][  0]LogTextLocalizationResource: LocRes '../../../Engine/Content/Localization/ToolTips/fr/ToolTips.locres' could not be opened for reading!
[2020.06.15-15.27.02:448][  0]LogTextLocalizationResource: LocRes '../../../Engine/Content/Localization/PropertyNames/fr/PropertyNames.locres' could not be opened for reading!
[2020.06.15-15.27.02:449][  0]LogTextLocalizationResource: LocRes '../../../Engine/Content/Localization/Engine/fr/Engine.locres' could not be opened for reading!
[2020.06.15-15.27.02:449][  0]LogInit: Setting process to per monitor DPI aware
[2020.06.15-15.27.02:498][  0]LogSlate: New Slate User Created.  User Index 0, Is Virtual User: 0
[2020.06.15-15.27.02:498][  0]LogSlate: Slate User Registered.  User Index 0, Is Virtual User: 0
[2020.06.15-15.27.02:680][  0]LogHMD: Failed to initialize OpenVR with code 110
[2020.06.15-15.27.02:680][  0]LogD3D11RHI: D3D11 min allowed feature level: 11_0
[2020.06.15-15.27.02:680][  0]LogD3D11RHI: D3D11 max allowed feature level: 11_0
[2020.06.15-15.27.02:680][  0]LogD3D11RHI: D3D11 adapters:
[2020.06.15-15.27.02:760][  0]LogD3D11RHI:    0. 'NVIDIA GeForce GTX 770' (Feature Level 11_0)
[2020.06.15-15.27.02:760][  0]LogD3D11RHI:       2007/0/6116 MB DedicatedVideo/DedicatedSystem/SharedSystem, Outputs:2, VendorId:0x10de
[2020.06.15-15.27.02:763][  0]LogD3D11RHI:    1. 'Microsoft Basic Render Driver' (Feature Level 11_0)
[2020.06.15-15.27.02:763][  0]LogD3D11RHI:       0/0/6116 MB DedicatedVideo/DedicatedSystem/SharedSystem, Outputs:0, VendorId:0x1414
[2020.06.15-15.27.02:763][  0]LogD3D11RHI: Chosen D3D11 Adapter: 0
[2020.06.15-15.27.02:773][  0]LogD3D11RHI: Creating new Direct3DDevice
[2020.06.15-15.27.02:773][  0]LogD3D11RHI:     GPU DeviceId: 0x1184 (for the marketing name, search the web for "GPU Device Id")
[2020.06.15-15.27.02:773][  0]LogWindows: EnumDisplayDevices:
[2020.06.15-15.27.02:773][  0]LogWindows:    0. 'NVIDIA GeForce GTX 770' (P:0 D:1)
[2020.06.15-15.27.02:774][  0]LogWindows:    1. 'NVIDIA GeForce GTX 770' (P:1 D:1)
[2020.06.15-15.27.02:774][  0]LogWindows:    2. 'NVIDIA GeForce GTX 770' (P:0 D:0)
[2020.06.15-15.27.02:775][  0]LogWindows:    3. 'NVIDIA GeForce GTX 770' (P:0 D:0)
[2020.06.15-15.27.02:775][  0]LogWindows: DebugString: FoundDriverCount:4 
[2020.06.15-15.27.02:775][  0]LogD3D11RHI:     Adapter Name: NVIDIA GeForce GTX 770
[2020.06.15-15.27.02:775][  0]LogD3D11RHI:   Driver Version: 432.00 (internal:26.21.14.3200, unified:432.00)
[2020.06.15-15.27.02:775][  0]LogD3D11RHI:      Driver Date: 7-24-2019
[2020.06.15-15.27.02:775][  0]LogRHI: Texture pool is 1404 MB (70% of 2007 MB)
[2020.06.15-15.27.02:835][  0]LogD3D11RHI: RHI does not have support for 64 bit atomics
[2020.06.15-15.27.02:837][  0]LogD3D11RHI: [Aftermath] Enabled and primed
[2020.06.15-15.27.02:837][  0]LogD3D11RHI: Async texture creation enabled
[2020.06.15-15.27.02:952][  0]LogD3D11RHI: GPU Timing Frequency: 1000.000000 (Debug: 2 1)
[2020.06.15-15.27.04:097][  0]LogTargetPlatformManager: Display: Loaded TargetPlatform 'AllDesktop'
[2020.06.15-15.27.04:128][  0]LogTargetPlatformManager: Display: Loaded TargetPlatform 'Android'
[2020.06.15-15.27.04:128][  0]LogTargetPlatformManager: Display: Loaded TargetPlatform 'Android_ASTC'
[2020.06.15-15.27.04:128][  0]LogTargetPlatformManager: Display: Loaded TargetPlatform 'Android_DXT'
[2020.06.15-15.27.04:128][  0]LogTargetPlatformManager: Display: Loaded TargetPlatform 'Android_ETC2'
[2020.06.15-15.27.04:128][  0]LogTargetPlatformManager: Display: Loaded TargetPlatform 'AndroidClient'
[2020.06.15-15.27.04:128][  0]LogTargetPlatformManager: Display: Loaded TargetPlatform 'Android_ASTCClient'
[2020.06.15-15.27.04:128][  0]LogTargetPlatformManager: Display: Loaded TargetPlatform 'Android_DXTClient'
[2020.06.15-15.27.04:128][  0]LogTargetPlatformManager: Display: Loaded TargetPlatform 'Android_ETC2Client'
[2020.06.15-15.27.04:128][  0]LogTargetPlatformManager: Display: Loaded TargetPlatform 'Android_Multi'
[2020.06.15-15.27.04:128][  0]LogTargetPlatformManager: Display: Loaded TargetPlatform 'Android_MultiClient'
[2020.06.15-15.27.04:162][  0]LogTargetPlatformManager: Display: Loaded TargetPlatform 'IOSClient'
[2020.06.15-15.27.04:163][  0]LogTargetPlatformManager: Display: Loaded TargetPlatform 'IOS'
[2020.06.15-15.27.04:177][  0]LogTargetPlatformManager: Display: Loaded TargetPlatform 'Linux'
[2020.06.15-15.27.04:191][  0]LogTargetPlatformManager: Display: Loaded TargetPlatform 'LinuxNoEditor'
[2020.06.15-15.27.04:204][  0]LogTargetPlatformManager: Display: Loaded TargetPlatform 'LinuxClient'
[2020.06.15-15.27.04:216][  0]LogTargetPlatformManager: Display: Loaded TargetPlatform 'LinuxServer'
[2020.06.15-15.27.04:229][  0]LogTargetPlatformManager: Display: Loaded TargetPlatform 'LinuxAArch64NoEditor'
[2020.06.15-15.27.04:242][  0]LogTargetPlatformManager: Display: Loaded TargetPlatform 'LinuxAArch64Client'
[2020.06.15-15.27.04:255][  0]LogTargetPlatformManager: Display: Loaded TargetPlatform 'LinuxAArch64Server'
[2020.06.15-15.27.04:293][  0]LogTargetPlatformManager: Display: Loaded TargetPlatform 'Lumin'
[2020.06.15-15.27.04:293][  0]LogTargetPlatformManager: Display: Loaded TargetPlatform 'LuminClient'
[2020.06.15-15.27.04:317][  0]LogTargetPlatformManager: Display: Loaded TargetPlatform 'TVOSClient'
[2020.06.15-15.27.04:317][  0]LogTargetPlatformManager: Display: Loaded TargetPlatform 'TVOS'
[2020.06.15-15.27.04:332][  0]LogTargetPlatformManager: Display: Loaded TargetPlatform 'WindowsNoEditor'
[2020.06.15-15.27.04:349][  0]LogTargetPlatformManager: Display: Loaded TargetPlatform 'Windows'
[2020.06.15-15.27.04:367][  0]LogTargetPlatformManager: Display: Loaded TargetPlatform 'WindowsClient'
[2020.06.15-15.27.04:382][  0]LogTargetPlatformManager: Display: Loaded TargetPlatform 'WindowsServer'
[2020.06.15-15.27.04:382][  0]LogTargetPlatformManager: Display: Building Assets For Windows
[2020.06.15-15.27.04:394][  0]LogAudioDebug: Display: Lib vorbis DLL was dynamically loaded.
[2020.06.15-15.27.04:484][  0]LogShaderCompilers: Guid format shader working directory is -28 characters bigger than the processId version (C:/Projects/UE4/ZombieShooter/Cleaning-floor-retribution/ZombieShooterAnyCode/Intermediate/Shaders/WorkingDirectory/4860/).
[2020.06.15-15.27.04:485][  0]LogShaderCompilers: Cleaned the shader compiler working directory 'C:/Users/Soraksis/AppData/Local/Temp/UnrealShaderWorkingDir/1E79F2F94DEF4CD9F9B44E9958B7D49C/'.
[2020.06.15-15.27.04:485][  0]LogXGEController: Cleaning working directory: C:/Users/Soraksis/AppData/Local/Temp/UnrealXGEWorkingDir/
[2020.06.15-15.27.04:485][  0]LogXGEController: Cannot use XGE Controller as Incredibuild is not installed on this machine.
[2020.06.15-15.27.04:485][  0]LogShaderCompilers: Cannot use XGE Shader Compiler as Incredibuild is not installed on this machine.
[2020.06.15-15.27.04:485][  0]LogShaderCompilers: Display: Using Local Shader Compiler.
[2020.06.15-15.27.05:792][  0]LogDerivedDataCache: Display: Max Cache Size: 512 MB
[2020.06.15-15.27.05:884][  0]LogDerivedDataCache: Loaded boot cache 0.09s 75MB C:/Users/Soraksis/AppData/Local/UnrealEngine/4.25/DerivedDataCache/Boot.ddc.
[2020.06.15-15.27.05:884][  0]LogDerivedDataCache: Display: Loaded Boot cache: C:/Users/Soraksis/AppData/Local/UnrealEngine/4.25/DerivedDataCache/Boot.ddc
[2020.06.15-15.27.05:885][  0]LogDerivedDataCache: FDerivedDataBackendGraph:  Pak pak cache file C:/Projects/UE4/ZombieShooter/Cleaning-floor-retribution/ZombieShooterAnyCode/DerivedDataCache/DDC.ddp not found, will not use a pak cache.
[2020.06.15-15.27.05:885][  0]LogDerivedDataCache: Unable to find inner node Pak for hierarchical cache Hierarchy.
[2020.06.15-15.27.05:885][  0]LogDerivedDataCache: FDerivedDataBackendGraph:  CompressedPak pak cache file C:/Projects/UE4/ZombieShooter/Cleaning-floor-retribution/ZombieShooterAnyCode/DerivedDataCache/Compressed.ddp not found, will not use a pak cache.
[2020.06.15-15.27.05:885][  0]LogDerivedDataCache: Unable to find inner node CompressedPak for hierarchical cache Hierarchy.
[2020.06.15-15.27.05:898][  0]LogDerivedDataCache: Display: Pak cache opened for reading ../../../Engine/DerivedDataCache/Compressed.ddp.
[2020.06.15-15.27.05:898][  0]LogDerivedDataCache: FDerivedDataBackendGraph:  EnterprisePak pak cache file ../../../Enterprise/DerivedDataCache/Compressed.ddp not found, will not use a pak cache.
[2020.06.15-15.27.05:898][  0]LogDerivedDataCache: Unable to find inner node EnterprisePak for hierarchical cache Hierarchy.
[2020.06.15-15.27.05:900][  0]LogDerivedDataCache: Using Local data cache path C:/Users/Soraksis/AppData/Local/UnrealEngine/Common/DerivedDataCache: Writable
[2020.06.15-15.27.05:900][  0]LogDerivedDataCache: Shared data cache path not found in *engine.ini, will not use an Shared cache.
[2020.06.15-15.27.05:900][  0]LogDerivedDataCache: Unable to find inner node Shared for hierarchical cache Hierarchy.
[2020.06.15-15.27.05:978][  0]LogSlate: Using FreeType 2.10.0
[2020.06.15-15.27.05:978][  0]LogSlate: SlateFontServices - WITH_FREETYPE: 1, WITH_HARFBUZZ: 1
[2020.06.15-15.27.06:010][  0]LogAssetRegistry: FAssetRegistry took 0.0034 seconds to start up
[2020.06.15-15.27.06:357][  0]LogInit: Selected Device Profile: [Windows]
[2020.06.15-15.27.06:522][  0]LogMeshReduction: Using QuadricMeshReduction for automatic static mesh reduction
[2020.06.15-15.27.06:522][  0]LogMeshReduction: Using SimplygonMeshReduction for automatic skeletal mesh reduction
[2020.06.15-15.27.06:522][  0]LogMeshReduction: Using ProxyLODMeshReduction for automatic mesh merging
[2020.06.15-15.27.06:522][  0]LogMeshReduction: No distributed automatic mesh merging module available
[2020.06.15-15.27.06:522][  0]LogMeshMerging: No distributed automatic mesh merging module available
[2020.06.15-15.27.06:550][  0]LogNetVersion: ZombieShooterAnyCode 1.0.0, NetCL: 13144385, EngineNetVer: 14, GameNetVer: 0 (Checksum: 619428851)
[2020.06.15-15.27.07:174][  0]LogAISub: UAISubsystem::UAISubsystem AISubsystem (000001D9FF382640), frame # 0
[2020.06.15-15.27.07:174][  0]LogAISub: UAISubsystem::UAISubsystem AIPerceptionSystem (000001D9FF30DE40), frame # 0
[2020.06.15-15.27.07:176][  0]LogAISub: UAISubsystem::UAISubsystem EnvQueryManager (000001D9FF369E00), frame # 0
[2020.06.15-15.27.07:269][  0]LogPackageLocalizationCache: Processed 19 localized package path(s) for 1 prioritized culture(s) in 0.083126 seconds
[2020.06.15-15.27.07:275][  0]LogUObjectArray: 15917 objects as part of root set at end of initial load.
[2020.06.15-15.27.07:276][  0]LogUObjectAllocator: 3965568 out of 0 bytes used by permanent object pool.
[2020.06.15-15.27.07:276][  0]LogUObjectArray: CloseDisregardForGC: 0/0 objects in disregard for GC pool
[2020.06.15-15.27.07:761][  0]LogTcpMessaging: Initializing TcpMessaging bridge
[2020.06.15-15.27.07:769][  0]LogUdpMessaging: Initializing bridge on interface 0.0.0.0:0 to multicast group 230.0.0.1:6666.
[2020.06.15-15.27.08:289][  0]SourceControl: Source control is disabled
[2020.06.15-15.27.08:289][  0]SourceControl: Source control is disabled
[2020.06.15-15.27.08:295][  0]SourceControl: Source control is disabled
[2020.06.15-15.27.08:300][  0]SourceControl: Source control is disabled
[2020.06.15-15.27.08:312][  0]SourceControl: Source control is disabled
[2020.06.15-15.27.08:680][  0]LogAndroidPermission: UAndroidPermissionCallbackProxy::GetInstance
[2020.06.15-15.27.08:709][  0]LogAudioCaptureCore: Display: No Audio Capture implementations found. Audio input will be silent.
[2020.06.15-15.27.08:709][  0]LogAudioCaptureCore: Display: No Audio Capture implementations found. Audio input will be silent.
[2020.06.15-15.27.08:780][  0]LogOcInput: OculusInput pre-init called
[2020.06.15-15.27.08:794][  0]LogWindows: Failed to load 'OVRPlugin.dll' (GetLastError=126)
[2020.06.15-15.27.08:794][  0]LogWindows: File 'OVRPlugin.dll' does not exist
[2020.06.15-15.27.08:880][  0]LogEngine: Initializing Engine...
[2020.06.15-15.27.08:882][  0]LogHMD: Failed to initialize OpenVR with code 110
[2020.06.15-15.27.08:882][  0]LogMagicLeap: Warning: VR disabled because ZI is not enabled.  To enable, in the editor, Edit -> Project Settings -> Plugins -> Magic Leap Plugin -> Enable Zero Iteration
[2020.06.15-15.27.08:883][  0]LogStats: UGameplayTagsManager::InitializeManager -  0.000 s
[2020.06.15-15.27.09:064][  0]LogInit: Initializing FReadOnlyCVARCache
[2020.06.15-15.27.09:075][  0]LogAIModule: Creating AISystem for world Untitled
[2020.06.15-15.27.09:075][  0]LogAISub: UAISubsystem::UAISubsystem EnvQueryManager (000001D9891F0600), frame # 0
[2020.06.15-15.27.09:075][  0]LogAISub: UAISubsystem::UAISubsystem AIPerceptionSystem (000001D9891FD300), frame # 0
[2020.06.15-15.27.09:102][  0]LogAudioMixer: Display: Audio Mixer Platform Settings:
[2020.06.15-15.27.09:103][  0]LogAudioMixer: Display: 	Sample Rate:						  48000
[2020.06.15-15.27.09:103][  0]LogAudioMixer: Display: 	Callback Buffer Frame Size Requested: 1024
[2020.06.15-15.27.09:103][  0]LogAudioMixer: Display: 	Callback Buffer Frame Size To Use:	  1024
[2020.06.15-15.27.09:103][  0]LogAudioMixer: Display: 	Number of buffers to queue:			  2
[2020.06.15-15.27.09:103][  0]LogAudioMixer: Display: 	Max Channels (voices):				  32
[2020.06.15-15.27.09:103][  0]LogAudioMixer: Display: 	Number of Async Source Workers:		  0
[2020.06.15-15.27.09:103][  0]LogAudio: Display: AudioDevice MaxSources: 32
[2020.06.15-15.27.09:103][  0]LogAudio: Display: Using built-in audio occlusion.
[2020.06.15-15.27.09:103][  0]LogAudioMixer: Display: Initializing audio mixer.
[2020.06.15-15.27.09:130][  0]LogAudioMixer: Display: 0: FrontLeft
[2020.06.15-15.27.09:130][  0]LogAudioMixer: Display: 1: FrontRight
[2020.06.15-15.27.09:196][  0]LogAudioMixer: Display: Using Audio Device Haut-parleurs (Périphérique High Definition Audio)
[2020.06.15-15.27.09:201][  0]LogAudioMixer: Display: Initializing Sound Submixes...
[2020.06.15-15.27.09:204][  0]LogAudioMixer: Display: Creating Master Submix 'MasterSubmixDefault'
[2020.06.15-15.27.09:204][  0]LogAudioMixer: Display: Creating Master Submix 'MasterReverbSubmixDefault'
[2020.06.15-15.27.09:206][  0]LogAudioMixer: Display: Creating Master Submix 'MasterEQSubmixDefault'
[2020.06.15-15.27.09:207][  0]LogInit: FAudioDevice initialized.
[2020.06.15-15.27.09:207][  0]LogNetVersion: Set ProjectVersion to 1.0.0.0. Version Checksum will be recalculated on next use.
[2020.06.15-15.27.11:843][  0]LogDerivedDataCache: Saved boot cache 2.64s 75MB C:/Users/Soraksis/AppData/Local/UnrealEngine/4.25/DerivedDataCache/Boot.ddc.
[2020.06.15-15.27.11:856][  0]LogInit: Texture streaming: Enabled
[2020.06.15-15.27.11:879][  0]LogEngineSessionManager: EngineSessionManager initialized
[2020.06.15-15.27.11:879][  0]LogEditorSessionSummary: Verbose: Initializing EditorSessionSummaryWriter for editor session tracking
[2020.06.15-15.27.11:882][  0]LogEditorSessionSummary: EditorSessionSummaryWriter initialized
[2020.06.15-15.27.12:189][  0]LogInit: Transaction tracking system initialized
[2020.06.15-15.27.12:221][  0]BlueprintLog: New page: Editor Load
[2020.06.15-15.27.12:513][  0]LocalizationService: Localization service is disabled
[2020.06.15-15.27.13:124][  0]LogCook: Display: Max memory allowance for cook 16384mb min free memory 0mb
[2020.06.15-15.27.13:124][  0]LogCook: Display: Mobile HDR setting 1
[2020.06.15-15.27.13:299][  0]LogFileCache: Scanning file cache for directory 'C:/Projects/UE4/ZombieShooter/Cleaning-floor-retribution/ZombieShooterAnyCode/Content/' took 0.06s
[2020.06.15-15.27.13:541][  0]SourceControl: Source control is disabled
[2020.06.15-15.27.13:541][  0]LogUnrealEdMisc: Loading editor; pre map load, took 17.314
[2020.06.15-15.27.13:541][  0]Cmd: MAP LOAD FILE="C:/Projects/UE4/ZombieShooter/Cleaning-floor-retribution/ZombieShooterAnyCode/Content/Scene/TestLevel.umap" TEMPLATE=0 SHOWPROGRESS=1 FEATURELEVEL=3
[2020.06.15-15.27.13:541][  0]LightingResults: New page: Lighting Build
[2020.06.15-15.27.13:542][  0]LogWorld: UWorld::CleanupWorld for Untitled, bSessionEnded=true, bCleanupResources=true
[2020.06.15-15.27.13:542][  0]LogSlate: InvalidateAllWidgets triggered.  All widgets were invalidated
[2020.06.15-15.27.13:542][  0]MapCheck: New page: Map Check
[2020.06.15-15.27.13:542][  0]LightingResults: New page: Lighting Build
[2020.06.15-15.27.13:582][  0]LogAISub: UAISubsystem::~UAISubsystem EnvQueryManager (000001D9891F0600), frame # 0
[2020.06.15-15.27.13:582][  0]LogAISub: UAISubsystem::~UAISubsystem AIPerceptionSystem (000001D9891FD300), frame # 0
[2020.06.15-15.27.13:583][  0]LogUObjectHash: Compacting FUObjectHashTables data took   1.17ms
[2020.06.15-15.27.47:907][  0]LogAIModule: Creating AISystem for world TestLevel
[2020.06.15-15.27.47:907][  0]LogAISub: UAISubsystem::UAISubsystem EnvQueryManager (000001D99ADAC400), frame # 0
[2020.06.15-15.27.47:907][  0]LogAISub: UAISubsystem::UAISubsystem AIPerceptionSystem (000001D99AE08E00), frame # 0
[2020.06.15-15.27.47:942][  0]LogEditorServer: Finished looking for orphan Actors (0.000 secs)
[2020.06.15-15.27.47:997][  0]LogUObjectHash: Compacting FUObjectHashTables data took   1.59ms
[2020.06.15-15.27.47:997][  0]Cmd: MAP CHECKDEP NOCLEARLOG
[2020.06.15-15.27.47:997][  0]MapCheck: Map check complete: 0 Error(s), 0 Warning(s), took 0,174ms to complete.
[2020.06.15-15.27.47:997][  0]LogFileHelpers: Loading map 'TestLevel' took 34.456
[2020.06.15-15.27.48:000][  0]LogUnrealEdMisc: Total Editor Startup Time, took 51.773
[2020.06.15-15.27.48:806][  0]LogSlate: Updating window title bar state: overlay mode, drag disabled, window buttons hidden, title bar hidden
[2020.06.15-15.27.48:816][  0]LogSlate: Updating window title bar state: overlay mode, drag disabled, window buttons hidden, title bar hidden
[2020.06.15-15.27.48:826][  0]LogSlate: Updating window title bar state: overlay mode, drag disabled, window buttons hidden, title bar hidden
[2020.06.15-15.27.48:836][  0]LogSlate: Updating window title bar state: overlay mode, drag disabled, window buttons hidden, title bar hidden
[2020.06.15-15.27.48:851][  0]LogCollectionManager: Loaded 0 collections in 0.001250 seconds
[2020.06.15-15.27.48:871][  0]LogFileCache: Scanning file cache for directory 'C:/Projects/UE4/ZombieShooter/Cleaning-floor-retribution/ZombieShooterAnyCode/Saved/Collections/' took 0.00s
[2020.06.15-15.27.48:871][  0]LogFileCache: Scanning file cache for directory 'C:/Projects/UE4/ZombieShooter/Cleaning-floor-retribution/ZombieShooterAnyCode/Content/Developers/Soraksis/Collections/' took 0.00s
[2020.06.15-15.27.48:872][  0]LogFileCache: Scanning file cache for directory 'C:/Projects/UE4/ZombieShooter/Cleaning-floor-retribution/ZombieShooterAnyCode/Content/Collections/' took 0.00s
[2020.06.15-15.27.48:872][  0]LogContentBrowser: Native class hierarchy populated in 0.0150 seconds. Added 3428 classes and 823 folders.
[2020.06.15-15.27.48:879][  0]LogContentBrowser: Native class hierarchy updated for 'WidgetCarousel' in 0.0005 seconds. Added 0 classes and 0 folders.
[2020.06.15-15.27.49:347][  0]LogContentBrowser: Native class hierarchy updated for 'AddContentDialog' in 0.0005 seconds. Added 0 classes and 0 folders.
[2020.06.15-15.27.49:349][  0]LogContentBrowser: Native class hierarchy updated for 'SceneOutliner' in 0.0004 seconds. Added 2 classes and 0 folders.
[2020.06.15-15.27.49:476][  0]LogSlate: Took 0.000211 seconds to synchronously load lazily loaded font '../../../Engine/Content/Slate/Fonts/Roboto-Regular.ttf' (155K)
[2020.06.15-15.27.49:479][  0]LogSlate: Took 0.000326 seconds to synchronously load lazily loaded font '../../../Engine/Content/Slate/Fonts/Roboto-Bold.ttf' (160K)
[2020.06.15-15.27.49:495][  0]LogSlate: Took 0.009199 seconds to synchronously load lazily loaded font '../../../Engine/Content/Editor/Slate/Fonts/FontAwesome.ttf' (139K)
[2020.06.15-15.27.49:703][  0]LogRenderer: Reallocating scene render targets to support 1304x572 Format 10 NumSamples 1 (Frame:1).
[2020.06.15-15.27.49:784][  0]LogSlate: Took 0.009372 seconds to synchronously load lazily loaded font '../../../Engine/Content/Slate/Fonts/Roboto-Light.ttf' (167K)
[2020.06.15-15.27.49:839][  0]LogContentBrowser: Native class hierarchy updated for 'HierarchicalLODOutliner' in 0.0005 seconds. Added 0 classes and 0 folders.
[2020.06.15-15.27.49:839][  0]LogLoad: (Engine Initialization) Total time: 53.61 seconds
[2020.06.15-15.27.49:839][  0]LogLoad: (Engine Initialization) Total Blueprint compile time: 0.00 seconds
[2020.06.15-15.27.50:089][  0]LogContentStreaming: Texture pool size now 1000 MB
[2020.06.15-15.27.50:113][  0]LogSlate: Took 0.020873 seconds to synchronously load lazily loaded font '../../../Engine/Content/Slate/Fonts/DroidSansFallback.ttf' (3848K)
[2020.06.15-15.27.50:165][  1]LogAssetRegistry: Asset discovery search completed in 44.1569 seconds
[2020.06.15-15.27.50:172][  1]LogCollectionManager: Fixed up redirectors for 0 collections in 0.000004 seconds (updated 0 objects)
[2020.06.15-15.27.50:887][ 70]LogSlate: Took 0.000222 seconds to synchronously load lazily loaded font '../../../Engine/Content/Slate/Fonts/Roboto-Light.ttf' (167K)
[2020.06.15-15.30.47:301][123]LogAssetEditorSubsystem: Opening Asset editor for StaticMesh /Game/Graph/Model/Weapon/soldier_78_gun_fbx_Cylinder_6.soldier_78_gun_fbx_Cylinder_6
[2020.06.15-15.30.47:874][123]LogWorld: UWorld::CleanupWorld for World_2, bSessionEnded=true, bCleanupResources=true
[2020.06.15-15.30.47:874][123]LogSlate: InvalidateAllWidgets triggered.  All widgets were invalidated
[2020.06.15-15.30.48:230][123]LogAssetEditorSubsystem: Opening Asset editor for ParticleSystem /Game/InfinityBladeEffects/Effects/FX_Cines/P_Gate_Sparks_01.P_Gate_Sparks_01
[2020.06.15-15.30.48:296][123]LogContentBrowser: Native class hierarchy updated for 'Cascade' in 0.0006 seconds. Added 2 classes and 2 folders.
[2020.06.15-15.30.48:530][123]LogAssetEditorSubsystem: Opening Asset editor for Blueprint /Game/Actor/ThirdPersonController.ThirdPersonController
[2020.06.15-15.30.49:209][123]LogContentBrowser: Native class hierarchy updated for 'BlueprintGraph' in 0.0014 seconds. Added 125 classes and 0 folders.
[2020.06.15-15.30.50:646][123]LogAssetEditorSubsystem: Opening Asset editor for Blueprint /Game/Projectiles.Projectiles
[2020.06.15-15.30.51:230][123]LogAssetEditorSubsystem: Opening Asset editor for AnimBlueprint /Game/Graph/Animations/AnimationsBlueprint/AkaiAnimation.AkaiAnimation
[2020.06.15-15.30.51:289][123]LogContentBrowser: Native class hierarchy updated for 'SkeletonEditor' in 0.0006 seconds. Added 1 classes and 2 folders.
[2020.06.15-15.30.51:297][123]LogActorComponent: RegisterComponentWithWorld: (/Engine/Transient.World_8:PersistentLevel.AnimationEditorPreviewActor_0.DebugSkelMeshComponent_0) Already registered. Aborting.
[2020.06.15-15.30.51:297][123]LogScript: Warning: Accessed None trying to read property CallFunc_TryGetPawnOwner_ReturnValue
	AkaiAnimation_C /Engine/Transient.World_8:PersistentLevel.AnimationEditorPreviewActor_0.DebugSkelMeshComponent_0.AkaiAnimation_C_0
	Function /Game/Graph/Animations/AnimationsBlueprint/AkaiAnimation.AkaiAnimation_C:ExecuteUbergraph_AkaiAnimation:0387
[2020.06.15-15.30.51:297][123]LogScript: Warning: Accessed None trying to read property CallFunc_TryGetPawnOwner_ReturnValue
	AkaiAnimation_C /Engine/Transient.World_8:PersistentLevel.AnimationEditorPreviewActor_0.DebugSkelMeshComponent_0.AkaiAnimation_C_0
	Function /Game/Graph/Animations/AnimationsBlueprint/AkaiAnimation.AkaiAnimation_C:ExecuteUbergraph_AkaiAnimation:029B
[2020.06.15-15.30.51:299][123]LogContentBrowser: Native class hierarchy updated for 'PinnedCommandList' in 0.0006 seconds. Added 1 classes and 0 folders.
[2020.06.15-15.30.51:766][123]LogSkeletalMesh: USkeletalMeshComponent::InitArticulated : Bodies already created (/Engine/Transient.World_8:PersistentLevel.AnimationEditorPreviewActor_0.DebugSkelMeshComponent_0) - call TermArticulated first.
[2020.06.15-15.30.52:179][123]LogAssetEditorSubsystem: Opening Asset editor for Blueprint /Game/Rifle.Rifle
[2020.06.15-15.30.53:279][123]LogScript: Warning: Accessed None trying to read property CallFunc_TryGetPawnOwner_ReturnValue
	AkaiAnimation_C /Engine/Transient.World_8:PersistentLevel.AnimationEditorPreviewActor_0.DebugSkelMeshComponent_0.AkaiAnimation_C_0
	Function /Game/Graph/Animations/AnimationsBlueprint/AkaiAnimation.AkaiAnimation_C:ExecuteUbergraph_AkaiAnimation:0387
[2020.06.15-15.30.53:279][123]LogScript: Warning: Accessed None trying to read property CallFunc_TryGetPawnOwner_ReturnValue
	AkaiAnimation_C /Engine/Transient.World_8:PersistentLevel.AnimationEditorPreviewActor_0.DebugSkelMeshComponent_0.AkaiAnimation_C_0
	Function /Game/Graph/Animations/AnimationsBlueprint/AkaiAnimation.AkaiAnimation_C:ExecuteUbergraph_AkaiAnimation:029B
[2020.06.15-15.30.53:436][123]LogSlate: Took 0.000227 seconds to synchronously load lazily loaded font '../../../Engine/Content/Slate/Fonts/Roboto-BoldCondensed.ttf' (158K)
[2020.06.15-15.30.53:592][123]LogContentBrowser: Verbose: The majority of assets in the view are of type: AnimSequence
[2020.06.15-15.30.53:698][124]LogScript: Warning: Accessed None trying to read property CallFunc_TryGetPawnOwner_ReturnValue
	AkaiAnimation_C /Engine/Transient.World_13:PersistentLevel.SkeletalMeshActor_0.SkeletalMeshComponent0.AkaiAnimation_C_0
	Function /Game/Graph/Animations/AnimationsBlueprint/AkaiAnimation.AkaiAnimation_C:ExecuteUbergraph_AkaiAnimation:0387
[2020.06.15-15.30.53:698][124]LogScript: Warning: Accessed None trying to read property CallFunc_TryGetPawnOwner_ReturnValue
	AkaiAnimation_C /Engine/Transient.World_13:PersistentLevel.SkeletalMeshActor_0.SkeletalMeshComponent0.AkaiAnimation_C_0
	Function /Game/Graph/Animations/AnimationsBlueprint/AkaiAnimation.AkaiAnimation_C:ExecuteUbergraph_AkaiAnimation:029B
[2020.06.15-15.30.53:710][124]LogSlate: Took 0.008252 seconds to synchronously load lazily loaded font '../../../Engine/Content/Slate/Fonts/Roboto-Italic.ttf' (157K)
[2020.06.15-15.30.53:762][125]LogScript: Warning: Accessed None trying to read property CallFunc_TryGetPawnOwner_ReturnValue
	AkaiAnimation_C /Engine/Transient.World_8:PersistentLevel.AnimationEditorPreviewActor_0.DebugSkelMeshComponent_0.AkaiAnimation_C_0
	Function /Game/Graph/Animations/AnimationsBlueprint/AkaiAnimation.AkaiAnimation_C:ExecuteUbergraph_AkaiAnimation:0387
[2020.06.15-15.30.53:762][125]LogScript: Warning: Accessed None trying to read property CallFunc_TryGetPawnOwner_ReturnValue
	AkaiAnimation_C /Engine/Transient.World_8:PersistentLevel.AnimationEditorPreviewActor_0.DebugSkelMeshComponent_0.AkaiAnimation_C_0
	Function /Game/Graph/Animations/AnimationsBlueprint/AkaiAnimation.AkaiAnimation_C:ExecuteUbergraph_AkaiAnimation:029B
[2020.06.15-15.30.53:818][126]LogScript: Warning: Accessed None trying to read property CallFunc_TryGetPawnOwner_ReturnValue
	AkaiAnimation_C /Engine/Transient.World_8:PersistentLevel.AnimationEditorPreviewActor_0.DebugSkelMeshComponent_0.AkaiAnimation_C_0
	Function /Game/Graph/Animations/AnimationsBlueprint/AkaiAnimation.AkaiAnimation_C:ExecuteUbergraph_AkaiAnimation:0387
[2020.06.15-15.30.53:819][126]LogScript: Warning: Accessed None trying to read property CallFunc_TryGetPawnOwner_ReturnValue
	AkaiAnimation_C /Engine/Transient.World_8:PersistentLevel.AnimationEditorPreviewActor_0.DebugSkelMeshComponent_0.AkaiAnimation_C_0
	Function /Game/Graph/Animations/AnimationsBlueprint/AkaiAnimation.AkaiAnimation_C:ExecuteUbergraph_AkaiAnimation:029B
[2020.06.15-15.30.53:854][127]LogScript: Warning: Accessed None trying to read property CallFunc_TryGetPawnOwner_ReturnValue
	AkaiAnimation_C /Engine/Transient.World_8:PersistentLevel.AnimationEditorPreviewActor_0.DebugSkelMeshComponent_0.AkaiAnimation_C_0
	Function /Game/Graph/Animations/AnimationsBlueprint/AkaiAnimation.AkaiAnimation_C:ExecuteUbergraph_AkaiAnimation:0387
[2020.06.15-15.30.53:854][127]LogScript: Warning: Accessed None trying to read property CallFunc_TryGetPawnOwner_ReturnValue
	AkaiAnimation_C /Engine/Transient.World_8:PersistentLevel.AnimationEditorPreviewActor_0.DebugSkelMeshComponent_0.AkaiAnimation_C_0
	Function /Game/Graph/Animations/AnimationsBlueprint/AkaiAnimation.AkaiAnimation_C:ExecuteUbergraph_AkaiAnimation:029B
[2020.06.15-15.30.53:883][128]LogScript: Warning: Accessed None trying to read property CallFunc_TryGetPawnOwner_ReturnValue
	AkaiAnimation_C /Engine/Transient.World_8:PersistentLevel.AnimationEditorPreviewActor_0.DebugSkelMeshComponent_0.AkaiAnimation_C_0
	Function /Game/Graph/Animations/AnimationsBlueprint/AkaiAnimation.AkaiAnimation_C:ExecuteUbergraph_AkaiAnimation:0387
[2020.06.15-15.30.53:883][128]LogScript: Warning: Accessed None trying to read property CallFunc_TryGetPawnOwner_ReturnValue
	AkaiAnimation_C /Engine/Transient.World_8:PersistentLevel.AnimationEditorPreviewActor_0.DebugSkelMeshComponent_0.AkaiAnimation_C_0
	Function /Game/Graph/Animations/AnimationsBlueprint/AkaiAnimation.AkaiAnimation_C:ExecuteUbergraph_AkaiAnimation:029B
[2020.06.15-15.30.53:899][129]LogScript: Warning: Accessed None trying to read property CallFunc_TryGetPawnOwner_ReturnValue
	AkaiAnimation_C /Engine/Transient.World_8:PersistentLevel.AnimationEditorPreviewActor_0.DebugSkelMeshComponent_0.AkaiAnimation_C_0
	Function /Game/Graph/Animations/AnimationsBlueprint/AkaiAnimation.AkaiAnimation_C:ExecuteUbergraph_AkaiAnimation:0387
[2020.06.15-15.30.53:900][129]LogScript: Warning: Accessed None trying to read property CallFunc_TryGetPawnOwner_ReturnValue
	AkaiAnimation_C /Engine/Transient.World_8:PersistentLevel.AnimationEditorPreviewActor_0.DebugSkelMeshComponent_0.AkaiAnimation_C_0
	Function /Game/Graph/Animations/AnimationsBlueprint/AkaiAnimation.AkaiAnimation_C:ExecuteUbergraph_AkaiAnimation:029B
[2020.06.15-15.30.53:916][130]LogScript: Warning: Accessed None trying to read property CallFunc_TryGetPawnOwner_ReturnValue
	AkaiAnimation_C /Engine/Transient.World_8:PersistentLevel.AnimationEditorPreviewActor_0.DebugSkelMeshComponent_0.AkaiAnimation_C_0
	Function /Game/Graph/Animations/AnimationsBlueprint/AkaiAnimation.AkaiAnimation_C:ExecuteUbergraph_AkaiAnimation:0387
[2020.06.15-15.35.50:801][190]LogAudioMixer: Warning: Changing default audio render device to new device: {0.0.0.00000000}.{07288969-9546-4dbc-8e74-6f50051c11a6}.
[2020.06.15-15.35.50:801][190]LogTemp: Resetting audio stream to device id 
[2020.06.15-15.35.50:838][190]LogAudioMixer: Display: 0: FrontLeft
[2020.06.15-15.35.50:838][190]LogAudioMixer: Display: 1: FrontRight
[2020.06.15-15.41.45:094][699]BlueprintLog: New page: Compile Rifle
[2020.06.15-15.41.45:368][699]LogUObjectHash: Compacting FUObjectHashTables data took   7.37ms
[2020.06.15-15.41.45:397][699]LogActorComponent: RegisterComponentWithWorld: (/Game/Scene/TestLevel.TestLevel:PersistentLevel.DESTROYED_Rifle_C_CHILDACTOR_3.Rifle) Trying to register component with IsPendingKill() == true. Aborting.
[2020.06.15-15.41.45:421][699]LogActorComponent: RegisterComponentWithWorld: (/Engine/Transient.World_5:PersistentLevel.DESTROYED_Rifle_C_CHILDACTOR_1.Rifle) Trying to register component with IsPendingKill() == true. Aborting.
[2020.06.15-15.41.45:542][699]LogActorComponent: RegisterComponentWithWorld: (/Game/Scene/TestLevel.TestLevel:PersistentLevel.DESTROYED_Rifle_C_CHILDACTOR_7.Rifle) Trying to register component with IsPendingKill() == true. Aborting.
[2020.06.15-15.41.45:560][699]LogActorComponent: RegisterComponentWithWorld: (/Engine/Transient.World_5:PersistentLevel.DESTROYED_Rifle_C_CHILDACTOR_5.Rifle) Trying to register component with IsPendingKill() == true. Aborting.
[2020.06.15-15.41.45:672][699]LogSlate: Took 0.009546 seconds to synchronously load lazily loaded font '../../../Engine/Content/Slate/Fonts/DroidSansMono.ttf' (77K)
[2020.06.15-15.41.45:910][710]Cmd: OBJ SAVEPACKAGE PACKAGE="/Game/Rifle" FILE="C:/Projects/UE4/ZombieShooter/Cleaning-floor-retribution/ZombieShooterAnyCode/Content/Rifle.uasset" SILENT=true
[2020.06.15-15.41.46:085][710]LogSavePackage: Moving 'C:/Projects/UE4/ZombieShooter/Cleaning-floor-retribution/ZombieShooterAnyCode/Saved/RifleFC1617AB40573AF167B5AE80190DAA51.tmp' to 'C:/Projects/UE4/ZombieShooter/Cleaning-floor-retribution/ZombieShooterAnyCode/Content/Rifle.uasset'
[2020.06.15-15.41.46:105][710]AssetCheck: New page: Asset Save: Rifle
[2020.06.15-15.41.46:105][710]LogContentValidation: Display: Validating Blueprint /Game/Rifle.Rifle
[2020.06.15-15.42.24:174][266]LogUObjectHash: Compacting FUObjectHashTables data took   6.60ms
[2020.06.15-15.42.24:346][266]LogSavePackage: Moving 'C:/Projects/UE4/ZombieShooter/Cleaning-floor-retribution/ZombieShooterAnyCode/Saved/TestLevel_Auto17EC1000243DE863FA92CC09CBD19E088.tmp' to 'C:/Projects/UE4/ZombieShooter/Cleaning-floor-retribution/ZombieShooterAnyCode/Saved/Autosaves/Game/Scene/TestLevel_Auto1.umap'
[2020.06.15-15.42.24:353][266]LogFileHelpers: Editor autosave (incl. sublevels) for '/Game/Scene/TestLevel' took 0.262
[2020.06.15-15.42.24:353][266]LogFileHelpers: Editor autosave (incl. sublevels) for all levels took 0.262
[2020.06.15-15.42.58:936][453]LogTemp: Repeating last play command: Selected Viewport
[2020.06.15-15.42.58:967][453]LogPlayLevel: PlayLevel: No blueprints needed recompiling
[2020.06.15-15.42.58:967][453]PIE: New page: PIE session: TestLevel (15 juin 2020 à 19:42:58)
[2020.06.15-15.42.58:969][453]LogOnline: OSS: Creating online subsystem instance for: NULL
[2020.06.15-15.42.58:970][453]LogOnline: OSS: TryLoadSubsystemAndSetDefault: Loaded subsystem for module [NULL]
[2020.06.15-15.42.58:970][453]LogPlayLevel: Creating play world package: /Game/Scene/UEDPIE_0_TestLevel
[2020.06.15-15.42.58:979][453]LogPlayLevel: PIE: StaticDuplicateObject took: (0.008942s)
[2020.06.15-15.42.58:981][453]LogAIModule: Creating AISystem for world TestLevel
[2020.06.15-15.42.58:981][453]LogAISub: UAISubsystem::UAISubsystem EnvQueryManager (000001DA5C9FCA00), frame # 21453
[2020.06.15-15.42.58:981][453]LogAISub: UAISubsystem::UAISubsystem AIPerceptionSystem (000001D9B2C4EAC0), frame # 21453
[2020.06.15-15.42.58:981][453]LogPlayLevel: PIE: World Init took: (0.001516s)
[2020.06.15-15.42.58:981][453]LogPlayLevel: PIE: Created PIE world by copying editor world from /Game/Scene/TestLevel.TestLevel to /Game/Scene/UEDPIE_0_TestLevel.TestLevel (0.010596s)
[2020.06.15-15.42.59:028][453]LogUObjectHash: Compacting FUObjectHashTables data took   4.55ms
[2020.06.15-15.42.59:032][453]LogAudioMixer: Display: Audio Mixer Platform Settings:
[2020.06.15-15.42.59:032][453]LogAudioMixer: Display: 	Sample Rate:						  48000
[2020.06.15-15.42.59:032][453]LogAudioMixer: Display: 	Callback Buffer Frame Size Requested: 1024
[2020.06.15-15.42.59:032][453]LogAudioMixer: Display: 	Callback Buffer Frame Size To Use:	  1024
[2020.06.15-15.42.59:032][453]LogAudioMixer: Display: 	Number of buffers to queue:			  2
[2020.06.15-15.42.59:032][453]LogAudioMixer: Display: 	Max Channels (voices):				  32
[2020.06.15-15.42.59:032][453]LogAudioMixer: Display: 	Number of Async Source Workers:		  0
[2020.06.15-15.42.59:032][453]LogAudio: Display: AudioDevice MaxSources: 32
[2020.06.15-15.42.59:033][453]LogAudio: Display: Using built-in audio occlusion.
[2020.06.15-15.42.59:033][453]LogAudioMixer: Display: Initializing audio mixer.
[2020.06.15-15.42.59:046][453]LogAudioMixer: Display: 0: FrontLeft
[2020.06.15-15.42.59:046][453]LogAudioMixer: Display: 1: FrontRight
[2020.06.15-15.42.59:080][453]LogAudioMixer: Display: Using Audio Device Haut-parleurs (5- USB Audio Device)
[2020.06.15-15.42.59:081][453]LogAudioMixer: Display: Initializing Sound Submixes...
[2020.06.15-15.42.59:081][453]LogAudioMixer: Display: Creating Master Submix 'MasterSubmixDefault'
[2020.06.15-15.42.59:081][453]LogAudioMixer: Display: Creating Master Submix 'MasterReverbSubmixDefault'
[2020.06.15-15.42.59:082][453]LogAudioMixer: Display: Creating Master Submix 'MasterEQSubmixDefault'
[2020.06.15-15.42.59:105][453]LogInit: FAudioDevice initialized.
[2020.06.15-15.42.59:162][453]LogLoad: Game class is 'ThirdPersonGameMode_C'
[2020.06.15-15.42.59:167][453]LogWorld: Bringing World /Game/Scene/UEDPIE_0_TestLevel.TestLevel up for play (max tick rate 0) at 2020.06.15-17.42.59
[2020.06.15-15.42.59:167][453]LogWorld: Bringing up level for play took: 0.004340
[2020.06.15-15.42.59:167][453]LogOnline: OSS: Creating online subsystem instance for: :Context_16
[2020.06.15-15.42.59:190][453]LogContentBrowser: Native class hierarchy updated for 'MovieSceneCapture' in 0.0007 seconds. Added 20 classes and 0 folders.
[2020.06.15-15.42.59:193][453]PIE: Server logged in
[2020.06.15-15.42.59:195][453]PIE: Play in editor total start time 0,229 seconds.
[2020.06.15-15.43.07:345][943]LogSlate: Updating window title bar state: overlay mode, drag disabled, window buttons hidden, title bar hidden
[2020.06.15-15.43.07:345][943]LogWorld: BeginTearingDown for /Game/Scene/UEDPIE_0_TestLevel
[2020.06.15-15.43.07:346][943]LogWorld: UWorld::CleanupWorld for TestLevel, bSessionEnded=true, bCleanupResources=true
[2020.06.15-15.43.07:348][943]LogSlate: InvalidateAllWidgets triggered.  All widgets were invalidated
[2020.06.15-15.43.07:359][943]LogPlayLevel: Display: Shutting down PIE online subsystems
[2020.06.15-15.43.07:366][943]LogSlate: InvalidateAllWidgets triggered.  All widgets were invalidated
[2020.06.15-15.43.07:448][943]LogSlate: Updating window title bar state: overlay mode, drag disabled, window buttons hidden, title bar hidden
[2020.06.15-15.43.07:494][943]LogAISub: UAISubsystem::~UAISubsystem AIPerceptionSystem (000001D9B2C4EAC0), frame # 21943
[2020.06.15-15.43.07:494][943]LogAISub: UAISubsystem::~UAISubsystem EnvQueryManager (000001DA5C9FCA00), frame # 21943
[2020.06.15-15.43.07:549][943]LogUObjectHash: Compacting FUObjectHashTables data took   7.75ms
[2020.06.15-15.43.07:636][944]LogPlayLevel: Display: Destroying online subsystem :Context_16
[2020.06.15-15.43.34:034][929]BlueprintLog: New page: Compile Rifle
[2020.06.15-15.43.34:296][929]LogUObjectHash: Compacting FUObjectHashTables data took   7.10ms
[2020.06.15-15.43.34:333][929]LogActorComponent: RegisterComponentWithWorld: (/Game/Scene/TestLevel.TestLevel:PersistentLevel.DESTROYED_Rifle_C_CHILDACTOR_11.Rifle) Trying to register component with IsPendingKill() == true. Aborting.
[2020.06.15-15.43.34:351][929]LogActorComponent: RegisterComponentWithWorld: (/Engine/Transient.World_5:PersistentLevel.DESTROYED_Rifle_C_CHILDACTOR_9.Rifle) Trying to register component with IsPendingKill() == true. Aborting.
[2020.06.15-15.43.34:482][929]LogActorComponent: RegisterComponentWithWorld: (/Game/Scene/TestLevel.TestLevel:PersistentLevel.DESTROYED_Rifle_C_CHILDACTOR_15.Rifle) Trying to register component with IsPendingKill() == true. Aborting.
[2020.06.15-15.43.34:502][929]LogActorComponent: RegisterComponentWithWorld: (/Engine/Transient.World_5:PersistentLevel.DESTROYED_Rifle_C_CHILDACTOR_13.Rifle) Trying to register component with IsPendingKill() == true. Aborting.
[2020.06.15-15.43.34:706][933]Cmd: OBJ SAVEPACKAGE PACKAGE="/Game/Rifle" FILE="C:/Projects/UE4/ZombieShooter/Cleaning-floor-retribution/ZombieShooterAnyCode/Content/Rifle.uasset" SILENT=true
[2020.06.15-15.43.34:868][933]LogSavePackage: Moving 'C:/Projects/UE4/ZombieShooter/Cleaning-floor-retribution/ZombieShooterAnyCode/Saved/RifleE4345551405E9AFC1645ADB4F64AA753.tmp' to 'C:/Projects/UE4/ZombieShooter/Cleaning-floor-retribution/ZombieShooterAnyCode/Content/Rifle.uasset'
[2020.06.15-15.43.34:884][933]AssetCheck: New page: Asset Save: Rifle
[2020.06.15-15.43.34:884][933]LogContentValidation: Display: Validating Blueprint /Game/Rifle.Rifle
