Log file open, 05/29/20 15:52:40
LogInit: Display: Running engine for game: ZombieShooterAnyCode
LogPlatformFile: Not using cached read wrapper
LogTaskGraph: Started task graph with 5 named threads and 23 total threads with 3 sets of task threads.
LogStats: Stats thread started at 0.174737
LogD3D11RHI: Loaded GFSDK_Aftermath_Lib.x64.dll
LogICUInternationalization: ICU TimeZone Detection - Raw Offset: +1:00, Platform Override: ''
LogPluginManager: Mounting plugin Paper2D
LogPluginManager: Mounting plugin AISupport
LogPluginManager: Mounting plugin LightPropagationVolume
LogPluginManager: Mounting plugin CameraShakePreviewer
LogPluginManager: Mounting plugin ActorLayerUtilities
LogPluginManager: Mounting plugin AnimationSharing
LogPluginManager: Mounting plugin CLionSourceCodeAccess
LogPluginManager: Mounting plugin CodeLiteSourceCodeAccess
LogPluginManager: Mounting plugin GitSourceControl
LogPluginManager: Mounting plugin KDevelopSourceCodeAccess
LogPluginManager: Mounting plugin NullSourceCodeAccess
LogPluginManager: Mounting plugin PerforceSourceControl
LogPluginManager: Mounting plugin PlasticSourceControl
LogPluginManager: Mounting plugin RiderSourceCodeAccess
LogPluginManager: Mounting plugin SubversionSourceControl
LogPluginManager: Mounting plugin UObjectPlugin
LogPluginManager: Mounting plugin VisualStudioCodeSourceCodeAccess
LogPluginManager: Mounting plugin VisualStudioSourceCodeAccess
LogPluginManager: Mounting plugin XCodeSourceCodeAccess
LogPluginManager: Mounting plugin AssetManagerEditor
LogPluginManager: Mounting plugin CryptoKeys
LogPluginManager: Mounting plugin CurveEditorTools
LogPluginManager: Mounting plugin DataValidation
LogPluginManager: Mounting plugin EditorScriptingUtilities
LogPluginManager: Mounting plugin FacialAnimation
LogPluginManager: Mounting plugin GameplayTagsEditor
LogPluginManager: Mounting plugin GeometryMode
LogPluginManager: Mounting plugin MacGraphicsSwitching
LogPluginManager: Mounting plugin MaterialAnalyzer
LogPluginManager: Mounting plugin MobileLauncherProfileWizard
LogPluginManager: Mounting plugin PluginBrowser
LogPluginManager: Mounting plugin SpeedTreeImporter
LogPluginManager: Mounting plugin DatasmithContent
LogPluginManager: Mounting plugin VariantManagerContent
LogPluginManager: Mounting plugin AlembicImporter
LogPluginManager: Mounting plugin AutomationUtils
LogPluginManager: Mounting plugin BackChannel
LogPluginManager: Mounting plugin ChaosCloth
LogPluginManager: Mounting plugin ChaosClothEditor
LogPluginManager: Mounting plugin ChaosEditor
LogPluginManager: Mounting plugin ChaosNiagara
LogPluginManager: Mounting plugin ChaosSolverPlugin
LogPluginManager: Mounting plugin CharacterAI
LogPluginManager: Mounting plugin GeometryCache
LogPluginManager: Mounting plugin GeometryCollectionPlugin
LogPluginManager: Mounting plugin GeometryProcessing
LogPluginManager: Mounting plugin PlanarCut
LogPluginManager: Mounting plugin PlatformCrypto
LogPluginManager: Mounting plugin ProxyLODPlugin
LogPluginManager: Mounting plugin SkeletalReduction
LogPluginManager: Mounting plugin Niagara
LogPluginManager: Mounting plugin MagicLeap
LogPluginManager: Mounting plugin MagicLeapLightEstimation
LogPluginManager: Mounting plugin MagicLeapMedia
LogPluginManager: Mounting plugin MagicLeapPassableWorld
LogPluginManager: Mounting plugin MLSDK
LogPluginManager: Mounting plugin AndroidMedia
LogPluginManager: Mounting plugin AvfMedia
LogPluginManager: Mounting plugin ImgMedia
LogPluginManager: Mounting plugin MediaCompositing
LogPluginManager: Mounting plugin MediaPlayerEditor
LogPluginManager: Mounting plugin WebMMedia
LogPluginManager: Mounting plugin WmfMedia
LogPluginManager: Mounting plugin MeshPainting
LogPluginManager: Mounting plugin TcpMessaging
LogPluginManager: Mounting plugin UdpMessaging
LogPluginManager: Mounting plugin ActorSequence
LogPluginManager: Mounting plugin LevelSequenceEditor
LogPluginManager: Mounting plugin MatineeToLevelSequence
LogPluginManager: Mounting plugin MovieRenderPipeline
LogPluginManager: Mounting plugin TemplateSequence
LogPluginManager: Mounting plugin NetcodeUnitTest
LogPluginManager: Mounting plugin NUTUnrealEngine4
LogPluginManager: Mounting plugin OnlineSubsystemGooglePlay
LogPluginManager: Mounting plugin OnlineSubsystemIOS
LogPluginManager: Mounting plugin OnlineSubsystem
LogPluginManager: Mounting plugin OnlineSubsystemNull
LogPluginManager: Mounting plugin OnlineSubsystemUtils
LogPluginManager: Mounting plugin LauncherChunkInstaller
LogPluginManager: Mounting plugin AndroidDeviceProfileSelector
LogPluginManager: Mounting plugin AndroidMoviePlayer
LogPluginManager: Mounting plugin AndroidPermission
LogPluginManager: Mounting plugin AppleImageUtils
LogPluginManager: Mounting plugin AppleMoviePlayer
LogPluginManager: Mounting plugin ArchVisCharacter
LogPluginManager: Mounting plugin AssetTags
LogPluginManager: Mounting plugin AudioCapture
LogPluginManager: Mounting plugin CableComponent
LogPluginManager: Mounting plugin CustomMeshComponent
LogPluginManager: Mounting plugin EditableMesh
LogPluginManager: Mounting plugin ExampleDeviceProfileSelector
LogPluginManager: Mounting plugin GoogleCloudMessaging
LogPluginManager: Mounting plugin GooglePAD
LogPluginManager: Mounting plugin IOSDeviceProfileSelector
LogPluginManager: Mounting plugin LinuxDeviceProfileSelector
LogPluginManager: Mounting plugin LocationServicesBPLibrary
LogPluginManager: Mounting plugin MobilePatchingUtils
LogPluginManager: Mounting plugin OculusVR
LogPluginManager: Mounting plugin PhysXVehicles
LogPluginManager: Mounting plugin PostSplashScreen
LogPluginManager: Mounting plugin ProceduralMeshComponent
LogPluginManager: Mounting plugin RuntimePhysXCooking
LogPluginManager: Mounting plugin SignificanceManager
LogPluginManager: Mounting plugin SoundFields
LogPluginManager: Mounting plugin SteamVR
LogPluginManager: Mounting plugin Synthesis
LogPluginManager: Mounting plugin WebMMoviePlayer
LogPluginManager: Mounting plugin WindowsMoviePlayer
LogPluginManager: Mounting plugin ScreenshotTools
LogInit: Using libcurl 7.55.1-DEV
LogInit:  - built for x86_64-pc-win32
LogInit:  - supports SSL with OpenSSL/1.1.1
LogInit:  - supports HTTP deflate (compression) using libz 1.2.8
LogInit:  - other features:
LogInit:      CURL_VERSION_SSL
LogInit:      CURL_VERSION_LIBZ
LogInit:      CURL_VERSION_IPV6
LogInit:      CURL_VERSION_ASYNCHDNS
LogInit:      CURL_VERSION_LARGEFILE
LogInit:      CURL_VERSION_IDN
LogInit:  CurlRequestOptions (configurable via config and command line):
LogInit:  - bVerifyPeer = true  - Libcurl will verify peer certificate
LogInit:  - bUseHttpProxy = false  - Libcurl will NOT use HTTP proxy
LogInit:  - bDontReuseConnections = false  - Libcurl will reuse connections
LogInit:  - MaxHostConnections = 16  - Libcurl will limit the number of connections to a host
LogInit:  - LocalHostAddr = Default
LogInit:  - BufferSize = 65536
LogOnline: OSS: Creating online subsystem instance for: NULL
LogInit: WinSock: version 1.1 (2.2), MaxSocks=32767, MaxUdp=65467
LogOnline: OSS: TryLoadSubsystemAndSetDefault: Loaded subsystem for module [NULL]
LogInit: Build: ++UE4+Release-4.25-CL-13144385
LogInit: Engine Version: 4.25.0-13144385+++UE4+Release-4.25
LogInit: Compatible Engine Version: 4.25.0-13144385+++UE4+Release-4.25
LogInit: Net CL: 13144385
LogInit: OS: Windows 10 (Release 1809) (), CPU: AMD FX(tm)-8350 Eight-Core Processor           , GPU: NVIDIA GeForce GTX 770
LogInit: Compiled (64-bit): May  2 2020 02:12:11
LogInit: Compiled with Visual C++: 19.24.28315.00
LogInit: Build Configuration: Development
LogInit: Branch Name: ++UE4+Release-4.25
LogInit: Command Line: 
LogInit: Base Directory: D:/Epic Games/UE_4.25/Engine/Binaries/Win64/
LogInit: Allocator: TBB
LogInit: Installed Engine Build: 1
LogDevObjectVersion: Number of dev versions registered: 26
LogDevObjectVersion:   Dev-Blueprints (B0D832E4-1F89-4F0D-ACCF-7EB736FD4AA2): 10
LogDevObjectVersion:   Dev-Build (E1C64328-A22C-4D53-A36C-8E866417BD8C): 0
LogDevObjectVersion:   Dev-Core (375EC13C-06E4-48FB-B500-84F0262A717E): 4
LogDevObjectVersion:   Dev-Editor (E4B068ED-F494-42E9-A231-DA0B2E46BB41): 38
LogDevObjectVersion:   Dev-Framework (CFFC743F-43B0-4480-9391-14DF171D2073): 37
LogDevObjectVersion:   Dev-Mobile (B02B49B5-BB20-44E9-A304-32B752E40360): 2
LogDevObjectVersion:   Dev-Networking (A4E4105C-59A1-49B5-A7C5-40C4547EDFEE): 0
LogDevObjectVersion:   Dev-Online (39C831C9-5AE6-47DC-9A44-9C173E1C8E7C): 0
LogDevObjectVersion:   Dev-Physics (78F01B33-EBEA-4F98-B9B4-84EACCB95AA2): 4
LogDevObjectVersion:   Dev-Platform (6631380F-2D4D-43E0-8009-CF276956A95A): 0
LogDevObjectVersion:   Dev-Rendering (12F88B9F-8875-4AFC-A67C-D90C383ABD29): 43
LogDevObjectVersion:   Dev-Sequencer (7B5AE74C-D270-4C10-A958-57980B212A5A): 12
LogDevObjectVersion:   Dev-VR (D7296918-1DD6-4BDD-9DE2-64A83CC13884): 3
LogDevObjectVersion:   Dev-LoadTimes (C2A15278-BFE7-4AFE-6C17-90FF531DF755): 1
LogDevObjectVersion:   Private-Geometry (6EACA3D4-40EC-4CC1-B786-8BED09428FC5): 3
LogDevObjectVersion:   Dev-AnimPhys (29E575DD-E0A3-4627-9D10-D276232CDCEA): 17
LogDevObjectVersion:   Dev-Anim (AF43A65D-7FD3-4947-9873-3E8ED9C1BB05): 7
LogDevObjectVersion:   Dev-ReflectionCapture (6B266CEC-1EC7-4B8F-A30B-E4D90942FC07): 1
LogDevObjectVersion:   Dev-Automation (0DF73D61-A23F-47EA-B727-89E90C41499A): 1
LogDevObjectVersion:   FortniteMain (601D1886-AC64-4F84-AA16-D3DE0DEAC7D6): 31
LogDevObjectVersion:   Dev-Enterprise (9DFFBCD6-494F-0158-E221-12823C92A888): 10
LogDevObjectVersion:   Dev-Niagara (F2AED0AC-9AFE-416F-8664-AA7FFA26D6FC): 1
LogDevObjectVersion:   Dev-Destruction (174F1F0B-B4C6-45A5-B13F-2EE8D0FB917D): 10
LogDevObjectVersion:   Dev-Physics-Ext (35F94A83-E258-406C-A318-09F59610247C): 37
LogDevObjectVersion:   Dev-PhysicsMaterial-Chaos (B68FC16E-8B1B-42E2-B453-215C058844FE): 1
LogDevObjectVersion:   Dev-CineCamera (B2E18506-4273-CFC2-A54E-F4BB758BBA07): 1
LogInit: Presizing for max 25165824 objects, including 0 objects not considered by GC, pre-allocating 0 bytes for permanent pool.
LogConfig: Applying CVar settings from Section [/Script/Engine.StreamingSettings] File [C:/Projects/UE4/ZombieShooter/ZombieShooterAnyCode/Saved/Config/Windows/Engine.ini]
LogConfig: Setting CVar [[s.MinBulkDataSizeForAsyncLoading:131072]]
LogConfig: Setting CVar [[s.AsyncLoadingThreadEnabled:0]]
LogConfig: Setting CVar [[s.EventDrivenLoaderEnabled:1]]
LogConfig: Setting CVar [[s.WarnIfTimeLimitExceeded:0]]
LogConfig: Setting CVar [[s.TimeLimitExceededMultiplier:1.5]]
LogConfig: Setting CVar [[s.TimeLimitExceededMinTime:0.005]]
LogConfig: Setting CVar [[s.UseBackgroundLevelStreaming:1]]
LogConfig: Setting CVar [[s.PriorityAsyncLoadingExtraTime:15.0]]
LogConfig: Setting CVar [[s.LevelStreamingActorsUpdateTimeLimit:5.0]]
LogConfig: Setting CVar [[s.PriorityLevelStreamingActorsUpdateExtraTime:5.0]]
LogConfig: Setting CVar [[s.LevelStreamingComponentsRegistrationGranularity:10]]
LogConfig: Setting CVar [[s.UnregisterComponentsTimeLimit:1.0]]
LogConfig: Setting CVar [[s.LevelStreamingComponentsUnregistrationGranularity:5]]
LogConfig: Setting CVar [[s.FlushStreamingOnExit:1]]
LogInit: Object subsystem initialized
LogConfig: Setting CVar [[con.DebugEarlyDefault:1]]
LogConfig: Setting CVar [[r.setres:1280x720]]
[2020.05.29-13.52.41:063][  0]LogConfig: Setting CVar [[r.VSync:0]]
[2020.05.29-13.52.41:063][  0]LogConfig: Setting CVar [[r.RHICmdBypass:0]]
[2020.05.29-13.52.41:063][  0]LogConfig: Applying CVar settings from Section [/Script/Engine.RendererSettings] File [C:/Projects/UE4/ZombieShooter/ZombieShooterAnyCode/Saved/Config/Windows/Engine.ini]
[2020.05.29-13.52.41:063][  0]LogConfig: Setting CVar [[r.GPUCrashDebugging:0]]
[2020.05.29-13.52.41:063][  0]LogConfig: Applying CVar settings from Section [/Script/Engine.RendererOverrideSettings] File [C:/Projects/UE4/ZombieShooter/ZombieShooterAnyCode/Saved/Config/Windows/Engine.ini]
[2020.05.29-13.52.41:063][  0]LogConfig: Applying CVar settings from Section [/Script/Engine.StreamingSettings] File [C:/Projects/UE4/ZombieShooter/ZombieShooterAnyCode/Saved/Config/Windows/Engine.ini]
[2020.05.29-13.52.41:063][  0]LogConfig: Setting CVar [[s.MinBulkDataSizeForAsyncLoading:131072]]
[2020.05.29-13.52.41:063][  0]LogConfig: Setting CVar [[s.AsyncLoadingThreadEnabled:0]]
[2020.05.29-13.52.41:063][  0]LogConfig: Setting CVar [[s.EventDrivenLoaderEnabled:1]]
[2020.05.29-13.52.41:063][  0]LogConfig: Setting CVar [[s.WarnIfTimeLimitExceeded:0]]
[2020.05.29-13.52.41:063][  0]LogConfig: Setting CVar [[s.TimeLimitExceededMultiplier:1.5]]
[2020.05.29-13.52.41:063][  0]LogConfig: Setting CVar [[s.TimeLimitExceededMinTime:0.005]]
[2020.05.29-13.52.41:063][  0]LogConfig: Setting CVar [[s.UseBackgroundLevelStreaming:1]]
[2020.05.29-13.52.41:064][  0]LogConfig: Setting CVar [[s.PriorityAsyncLoadingExtraTime:15.0]]
[2020.05.29-13.52.41:064][  0]LogConfig: Setting CVar [[s.LevelStreamingActorsUpdateTimeLimit:5.0]]
[2020.05.29-13.52.41:064][  0]LogConfig: Setting CVar [[s.PriorityLevelStreamingActorsUpdateExtraTime:5.0]]
[2020.05.29-13.52.41:064][  0]LogConfig: Setting CVar [[s.LevelStreamingComponentsRegistrationGranularity:10]]
[2020.05.29-13.52.41:064][  0]LogConfig: Setting CVar [[s.UnregisterComponentsTimeLimit:1.0]]
[2020.05.29-13.52.41:064][  0]LogConfig: Setting CVar [[s.LevelStreamingComponentsUnregistrationGranularity:5]]
[2020.05.29-13.52.41:064][  0]LogConfig: Setting CVar [[s.FlushStreamingOnExit:1]]
[2020.05.29-13.52.41:064][  0]LogConfig: Applying CVar settings from Section [/Script/Engine.GarbageCollectionSettings] File [C:/Projects/UE4/ZombieShooter/ZombieShooterAnyCode/Saved/Config/Windows/Engine.ini]
[2020.05.29-13.52.41:064][  0]LogConfig: Setting CVar [[gc.MaxObjectsNotConsideredByGC:1]]
[2020.05.29-13.52.41:064][  0]LogConfig: Setting CVar [[gc.SizeOfPermanentObjectPool:0]]
[2020.05.29-13.52.41:064][  0]LogConfig: Setting CVar [[gc.FlushStreamingOnGC:0]]
[2020.05.29-13.52.41:064][  0]LogConfig: Setting CVar [[gc.NumRetriesBeforeForcingGC:10]]
[2020.05.29-13.52.41:064][  0]LogConfig: Setting CVar [[gc.AllowParallelGC:1]]
[2020.05.29-13.52.41:064][  0]LogConfig: Setting CVar [[gc.TimeBetweenPurgingPendingKillObjects:61.1]]
[2020.05.29-13.52.41:064][  0]LogConfig: Setting CVar [[gc.MaxObjectsInEditor:25165824]]
[2020.05.29-13.52.41:064][  0]LogConfig: Setting CVar [[gc.IncrementalBeginDestroyEnabled:1]]
[2020.05.29-13.52.41:064][  0]LogConfig: Setting CVar [[gc.CreateGCClusters:1]]
[2020.05.29-13.52.41:064][  0]LogConfig: Setting CVar [[gc.MinGCClusterSize:5]]
[2020.05.29-13.52.41:064][  0]LogConfig: Setting CVar [[gc.ActorClusteringEnabled:0]]
[2020.05.29-13.52.41:064][  0]LogConfig: Setting CVar [[gc.BlueprintClusteringEnabled:0]]
[2020.05.29-13.52.41:064][  0]LogConfig: Setting CVar [[gc.UseDisregardForGCOnDedicatedServers:0]]
[2020.05.29-13.52.41:064][  0]LogConfig: Applying CVar settings from Section [/Script/Engine.NetworkSettings] File [C:/Projects/UE4/ZombieShooter/ZombieShooterAnyCode/Saved/Config/Windows/Engine.ini]
[2020.05.29-13.52.41:064][  0]LogConfig: Applying CVar settings from Section [/Script/UnrealEd.CookerSettings] File [C:/Projects/UE4/ZombieShooter/ZombieShooterAnyCode/Saved/Config/Windows/Engine.ini]
[2020.05.29-13.52.41:113][  0]LogConfig: Applying CVar settings from Section [ViewDistanceQuality@3] File [C:/Projects/UE4/ZombieShooter/ZombieShooterAnyCode/Saved/Config/Windows/Scalability.ini]
[2020.05.29-13.52.41:113][  0]LogConfig: Setting CVar [[r.SkeletalMeshLODBias:0]]
[2020.05.29-13.52.41:113][  0]LogConfig: Setting CVar [[r.ViewDistanceScale:1.0]]
[2020.05.29-13.52.41:113][  0]LogConfig: Applying CVar settings from Section [AntiAliasingQuality@3] File [C:/Projects/UE4/ZombieShooter/ZombieShooterAnyCode/Saved/Config/Windows/Scalability.ini]
[2020.05.29-13.52.41:113][  0]LogConfig: Setting CVar [[r.PostProcessAAQuality:4]]
[2020.05.29-13.52.41:113][  0]LogConfig: Applying CVar settings from Section [ShadowQuality@3] File [C:/Projects/UE4/ZombieShooter/ZombieShooterAnyCode/Saved/Config/Windows/Scalability.ini]
[2020.05.29-13.52.41:113][  0]LogConfig: Setting CVar [[r.LightFunctionQuality:1]]
[2020.05.29-13.52.41:113][  0]LogConfig: Setting CVar [[r.ShadowQuality:5]]
[2020.05.29-13.52.41:113][  0]LogConfig: Setting CVar [[r.Shadow.CSM.MaxCascades:10]]
[2020.05.29-13.52.41:113][  0]LogConfig: Setting CVar [[r.Shadow.MaxResolution:2048]]
[2020.05.29-13.52.41:113][  0]LogConfig: Setting CVar [[r.Shadow.MaxCSMResolution:2048]]
[2020.05.29-13.52.41:113][  0]LogConfig: Setting CVar [[r.Shadow.RadiusThreshold:0.01]]
[2020.05.29-13.52.41:113][  0]LogConfig: Setting CVar [[r.Shadow.DistanceScale:1.0]]
[2020.05.29-13.52.41:113][  0]LogConfig: Setting CVar [[r.Shadow.CSM.TransitionScale:1.0]]
[2020.05.29-13.52.41:113][  0]LogConfig: Setting CVar [[r.Shadow.PreShadowResolutionFactor:1.0]]
[2020.05.29-13.52.41:113][  0]LogConfig: Setting CVar [[r.DistanceFieldShadowing:1]]
[2020.05.29-13.52.41:113][  0]LogConfig: Setting CVar [[r.DistanceFieldAO:1]]
[2020.05.29-13.52.41:113][  0]LogConfig: Setting CVar [[r.AOQuality:2]]
[2020.05.29-13.52.41:113][  0]LogConfig: Setting CVar [[r.VolumetricFog:1]]
[2020.05.29-13.52.41:113][  0]LogConfig: Setting CVar [[r.VolumetricFog.GridPixelSize:8]]
[2020.05.29-13.52.41:113][  0]LogConfig: Setting CVar [[r.VolumetricFog.GridSizeZ:128]]
[2020.05.29-13.52.41:113][  0]LogConfig: Setting CVar [[r.VolumetricFog.HistoryMissSupersampleCount:4]]
[2020.05.29-13.52.41:113][  0]LogConfig: Setting CVar [[r.LightMaxDrawDistanceScale:1]]
[2020.05.29-13.52.41:113][  0]LogConfig: Setting CVar [[r.CapsuleShadows:1]]
[2020.05.29-13.52.41:113][  0]LogConfig: Applying CVar settings from Section [PostProcessQuality@3] File [C:/Projects/UE4/ZombieShooter/ZombieShooterAnyCode/Saved/Config/Windows/Scalability.ini]
[2020.05.29-13.52.41:113][  0]LogConfig: Setting CVar [[r.MotionBlurQuality:4]]
[2020.05.29-13.52.41:113][  0]LogConfig: Setting CVar [[r.AmbientOcclusionMipLevelFactor:0.4]]
[2020.05.29-13.52.41:113][  0]LogConfig: Setting CVar [[r.AmbientOcclusionMaxQuality:100]]
[2020.05.29-13.52.41:113][  0]LogConfig: Setting CVar [[r.AmbientOcclusionLevels:-1]]
[2020.05.29-13.52.41:113][  0]LogConfig: Setting CVar [[r.AmbientOcclusionRadiusScale:1.0]]
[2020.05.29-13.52.41:113][  0]LogConfig: Setting CVar [[r.DepthOfFieldQuality:2]]
[2020.05.29-13.52.41:113][  0]LogConfig: Setting CVar [[r.RenderTargetPoolMin:400]]
[2020.05.29-13.52.41:113][  0]LogConfig: Setting CVar [[r.LensFlareQuality:2]]
[2020.05.29-13.52.41:113][  0]LogConfig: Setting CVar [[r.SceneColorFringeQuality:1]]
[2020.05.29-13.52.41:113][  0]LogConfig: Setting CVar [[r.EyeAdaptationQuality:2]]
[2020.05.29-13.52.41:113][  0]LogConfig: Setting CVar [[r.BloomQuality:5]]
[2020.05.29-13.52.41:113][  0]LogConfig: Setting CVar [[r.FastBlurThreshold:100]]
[2020.05.29-13.52.41:113][  0]LogConfig: Setting CVar [[r.Upscale.Quality:3]]
[2020.05.29-13.52.41:113][  0]LogConfig: Setting CVar [[r.Tonemapper.GrainQuantization:1]]
[2020.05.29-13.52.41:113][  0]LogConfig: Setting CVar [[r.LightShaftQuality:1]]
[2020.05.29-13.52.41:113][  0]LogConfig: Setting CVar [[r.Filter.SizeScale:1]]
[2020.05.29-13.52.41:113][  0]LogConfig: Setting CVar [[r.Tonemapper.Quality:5]]
[2020.05.29-13.52.41:113][  0]LogConfig: Setting CVar [[r.DOF.Gather.AccumulatorQuality:1        ; higher gathering accumulator quality]]
[2020.05.29-13.52.41:113][  0]LogConfig: Setting CVar [[r.DOF.Gather.PostfilterMethod:1          ; Median3x3 postfilering method]]
[2020.05.29-13.52.41:113][  0]LogConfig: Setting CVar [[r.DOF.Gather.EnableBokehSettings:0       ; no bokeh simulation when gathering]]
[2020.05.29-13.52.41:113][  0]LogConfig: Setting CVar [[r.DOF.Gather.RingCount:4                 ; medium number of samples when gathering]]
[2020.05.29-13.52.41:114][  0]LogConfig: Setting CVar [[r.DOF.Scatter.ForegroundCompositing:1    ; additive foreground scattering]]
[2020.05.29-13.52.41:114][  0]LogConfig: Setting CVar [[r.DOF.Scatter.BackgroundCompositing:2    ; additive background scattering]]
[2020.05.29-13.52.41:114][  0]LogConfig: Setting CVar [[r.DOF.Scatter.EnableBokehSettings:1      ; bokeh simulation when scattering]]
[2020.05.29-13.52.41:114][  0]LogConfig: Setting CVar [[r.DOF.Scatter.MaxSpriteRatio:0.1         ; only a maximum of 10% of scattered bokeh]]
[2020.05.29-13.52.41:114][  0]LogConfig: Setting CVar [[r.DOF.Recombine.Quality:1                ; cheap slight out of focus]]
[2020.05.29-13.52.41:114][  0]LogConfig: Setting CVar [[r.DOF.Recombine.EnableBokehSettings:0    ; no bokeh simulation on slight out of focus]]
[2020.05.29-13.52.41:114][  0]LogConfig: Setting CVar [[r.DOF.TemporalAAQuality:1                ; more stable temporal accumulation]]
[2020.05.29-13.52.41:114][  0]LogConfig: Setting CVar [[r.DOF.Kernel.MaxForegroundRadius:0.025]]
[2020.05.29-13.52.41:114][  0]LogConfig: Setting CVar [[r.DOF.Kernel.MaxBackgroundRadius:0.025]]
[2020.05.29-13.52.41:114][  0]LogConfig: Applying CVar settings from Section [TextureQuality@3] File [C:/Projects/UE4/ZombieShooter/ZombieShooterAnyCode/Saved/Config/Windows/Scalability.ini]
[2020.05.29-13.52.41:114][  0]LogConfig: Setting CVar [[r.Streaming.MipBias:0]]
[2020.05.29-13.52.41:114][  0]LogConfig: Setting CVar [[r.Streaming.AmortizeCPUToGPUCopy:0]]
[2020.05.29-13.52.41:114][  0]LogConfig: Setting CVar [[r.Streaming.MaxNumTexturesToStreamPerFrame:0]]
[2020.05.29-13.52.41:114][  0]LogConfig: Setting CVar [[r.Streaming.Boost:1]]
[2020.05.29-13.52.41:114][  0]LogConfig: Setting CVar [[r.MaxAnisotropy:8]]
[2020.05.29-13.52.41:114][  0]LogConfig: Setting CVar [[r.VT.MaxAnisotropy:8]]
[2020.05.29-13.52.41:114][  0]LogConfig: Setting CVar [[r.Streaming.LimitPoolSizeToVRAM:0]]
[2020.05.29-13.52.41:114][  0]LogConfig: Setting CVar [[r.Streaming.PoolSize:1000]]
[2020.05.29-13.52.41:114][  0]LogConfig: Setting CVar [[r.Streaming.MaxEffectiveScreenSize:0]]
[2020.05.29-13.52.41:114][  0]LogConfig: Applying CVar settings from Section [EffectsQuality@3] File [C:/Projects/UE4/ZombieShooter/ZombieShooterAnyCode/Saved/Config/Windows/Scalability.ini]
[2020.05.29-13.52.41:114][  0]LogConfig: Setting CVar [[r.TranslucencyLightingVolumeDim:64]]
[2020.05.29-13.52.41:114][  0]LogConfig: Setting CVar [[r.RefractionQuality:2]]
[2020.05.29-13.52.41:114][  0]LogConfig: Setting CVar [[r.SSR.Quality:3]]
[2020.05.29-13.52.41:114][  0]LogConfig: Setting CVar [[r.SSR.HalfResSceneColor:0]]
[2020.05.29-13.52.41:114][  0]LogConfig: Setting CVar [[r.SceneColorFormat:4]]
[2020.05.29-13.52.41:114][  0]LogConfig: Setting CVar [[r.DetailMode:2]]
[2020.05.29-13.52.41:114][  0]LogConfig: Setting CVar [[r.TranslucencyVolumeBlur:1]]
[2020.05.29-13.52.41:114][  0]LogConfig: Setting CVar [[r.MaterialQualityLevel:1 ; High quality]]
[2020.05.29-13.52.41:114][  0]LogConfig: Setting CVar [[r.SSS.Scale:1]]
[2020.05.29-13.52.41:114][  0]LogConfig: Setting CVar [[r.SSS.SampleSet:2]]
[2020.05.29-13.52.41:114][  0]LogConfig: Setting CVar [[r.SSS.Quality:1]]
[2020.05.29-13.52.41:114][  0]LogConfig: Setting CVar [[r.SSS.HalfRes:0]]
[2020.05.29-13.52.41:114][  0]LogConfig: Setting CVar [[r.SSGI.Quality:3]]
[2020.05.29-13.52.41:114][  0]LogConfig: Setting CVar [[r.EmitterSpawnRateScale:1.0]]
[2020.05.29-13.52.41:114][  0]LogConfig: Setting CVar [[r.ParticleLightQuality:2]]
[2020.05.29-13.52.41:114][  0]LogConfig: Setting CVar [[r.SkyAtmosphere.AerialPerspectiveLUT.FastApplyOnOpaque:1 ; Always have FastSkyLUT 1 in this case to avoid wrong sky]]
[2020.05.29-13.52.41:114][  0]LogConfig: Setting CVar [[r.SkyAtmosphere.AerialPerspectiveLUT.SampleCountPerSlice:1]]
[2020.05.29-13.52.41:114][  0]LogConfig: Setting CVar [[r.SkyAtmosphere.AerialPerspectiveLUT.DepthResolution:16.0]]
[2020.05.29-13.52.41:114][  0]LogConfig: Setting CVar [[r.SkyAtmosphere.FastSkyLUT:1]]
[2020.05.29-13.52.41:114][  0]LogConfig: Setting CVar [[r.SkyAtmosphere.FastSkyLUT.SampleCountMin:4.0]]
[2020.05.29-13.52.41:114][  0]LogConfig: Setting CVar [[r.SkyAtmosphere.FastSkyLUT.SampleCountMax:32.0]]
[2020.05.29-13.52.41:114][  0]LogConfig: Setting CVar [[r.SkyAtmosphere.SampleCountMin:4.0]]
[2020.05.29-13.52.41:114][  0]LogConfig: Setting CVar [[r.SkyAtmosphere.SampleCountMax:32.0]]
[2020.05.29-13.52.41:114][  0]LogConfig: Setting CVar [[r.SkyAtmosphere.TransmittanceLUT.UseSmallFormat:0]]
[2020.05.29-13.52.41:114][  0]LogConfig: Setting CVar [[r.SkyAtmosphere.TransmittanceLUT.SampleCount:10.0]]
[2020.05.29-13.52.41:114][  0]LogConfig: Setting CVar [[r.SkyAtmosphere.MultiScatteringLUT.SampleCount:15.0]]
[2020.05.29-13.52.41:114][  0]LogConfig: Applying CVar settings from Section [FoliageQuality@3] File [C:/Projects/UE4/ZombieShooter/ZombieShooterAnyCode/Saved/Config/Windows/Scalability.ini]
[2020.05.29-13.52.41:114][  0]LogConfig: Setting CVar [[foliage.DensityScale:1.0]]
[2020.05.29-13.52.41:114][  0]LogConfig: Setting CVar [[grass.DensityScale:1.0]]
[2020.05.29-13.52.41:114][  0]LogConfig: Applying CVar settings from Section [ShadingQuality@3] File [C:/Projects/UE4/ZombieShooter/ZombieShooterAnyCode/Saved/Config/Windows/Scalability.ini]
[2020.05.29-13.52.41:114][  0]LogConfig: Setting CVar [[r.HairStrands.SkyLighting.SampleCount:16]]
[2020.05.29-13.52.41:114][  0]LogConfig: Setting CVar [[r.HairStrands.SkyLighting.JitterIntegration:0]]
[2020.05.29-13.52.41:114][  0]LogConfig: Setting CVar [[r.HairStrands.SkyAO.SampleCount:16]]
[2020.05.29-13.52.41:115][  0]LogConfig: Setting CVar [[r.HairStrands.DeepShadow.SuperSampling:0]]
[2020.05.29-13.52.41:115][  0]LogConfig: Setting CVar [[r.HairStrands.VisibilityPPLL:0]]
[2020.05.29-13.52.41:115][  0]LogConfig: Setting CVar [[r.HairStrands.RasterizationScale:0.5]]
[2020.05.29-13.52.41:115][  0]LogConfig: Setting CVar [[r.HairStrands.VelocityRasterizationScale:1]]
[2020.05.29-13.52.41:115][  0]LogInit: Selected Device Profile: [Windows]
[2020.05.29-13.52.41:115][  0]LogInit: Applying CVar settings loaded from the selected device profile: [Windows]
[2020.05.29-13.52.41:115][  0]LogHAL: Display: Platform has ~ 12 GB [12828168192 / 17179869184 / 12], which maps to Larger [LargestMinGB=32, LargerMinGB=12, DefaultMinGB=8, SmallerMinGB=6, SmallestMinGB=0)
[2020.05.29-13.52.41:115][  0]LogInit: Going up to parent DeviceProfile []
[2020.05.29-13.52.41:115][  0]LogConfig: Applying CVar settings from Section [ViewDistanceQuality@3] File [C:/Projects/UE4/ZombieShooter/ZombieShooterAnyCode/Saved/Config/Windows/Scalability.ini]
[2020.05.29-13.52.41:115][  0]LogConfig: Setting CVar [[r.SkeletalMeshLODBias:0]]
[2020.05.29-13.52.41:115][  0]LogConfig: Setting CVar [[r.ViewDistanceScale:1.0]]
[2020.05.29-13.52.41:115][  0]LogConfig: Applying CVar settings from Section [AntiAliasingQuality@3] File [C:/Projects/UE4/ZombieShooter/ZombieShooterAnyCode/Saved/Config/Windows/Scalability.ini]
[2020.05.29-13.52.41:115][  0]LogConfig: Setting CVar [[r.PostProcessAAQuality:4]]
[2020.05.29-13.52.41:115][  0]LogConfig: Applying CVar settings from Section [ShadowQuality@3] File [C:/Projects/UE4/ZombieShooter/ZombieShooterAnyCode/Saved/Config/Windows/Scalability.ini]
[2020.05.29-13.52.41:115][  0]LogConfig: Setting CVar [[r.LightFunctionQuality:1]]
[2020.05.29-13.52.41:115][  0]LogConfig: Setting CVar [[r.ShadowQuality:5]]
[2020.05.29-13.52.41:115][  0]LogConfig: Setting CVar [[r.Shadow.CSM.MaxCascades:10]]
[2020.05.29-13.52.41:115][  0]LogConfig: Setting CVar [[r.Shadow.MaxResolution:2048]]
[2020.05.29-13.52.41:115][  0]LogConfig: Setting CVar [[r.Shadow.MaxCSMResolution:2048]]
[2020.05.29-13.52.41:115][  0]LogConfig: Setting CVar [[r.Shadow.RadiusThreshold:0.01]]
[2020.05.29-13.52.41:115][  0]LogConfig: Setting CVar [[r.Shadow.DistanceScale:1.0]]
[2020.05.29-13.52.41:115][  0]LogConfig: Setting CVar [[r.Shadow.CSM.TransitionScale:1.0]]
[2020.05.29-13.52.41:115][  0]LogConfig: Setting CVar [[r.Shadow.PreShadowResolutionFactor:1.0]]
[2020.05.29-13.52.41:115][  0]LogConfig: Setting CVar [[r.DistanceFieldShadowing:1]]
[2020.05.29-13.52.41:115][  0]LogConfig: Setting CVar [[r.DistanceFieldAO:1]]
[2020.05.29-13.52.41:115][  0]LogConfig: Setting CVar [[r.AOQuality:2]]
[2020.05.29-13.52.41:115][  0]LogConfig: Setting CVar [[r.VolumetricFog:1]]
[2020.05.29-13.52.41:115][  0]LogConfig: Setting CVar [[r.VolumetricFog.GridPixelSize:8]]
[2020.05.29-13.52.41:115][  0]LogConfig: Setting CVar [[r.VolumetricFog.GridSizeZ:128]]
[2020.05.29-13.52.41:115][  0]LogConfig: Setting CVar [[r.VolumetricFog.HistoryMissSupersampleCount:4]]
[2020.05.29-13.52.41:115][  0]LogConfig: Setting CVar [[r.LightMaxDrawDistanceScale:1]]
[2020.05.29-13.52.41:115][  0]LogConfig: Setting CVar [[r.CapsuleShadows:1]]
[2020.05.29-13.52.41:115][  0]LogConfig: Applying CVar settings from Section [PostProcessQuality@3] File [C:/Projects/UE4/ZombieShooter/ZombieShooterAnyCode/Saved/Config/Windows/Scalability.ini]
[2020.05.29-13.52.41:115][  0]LogConfig: Setting CVar [[r.MotionBlurQuality:4]]
[2020.05.29-13.52.41:115][  0]LogConfig: Setting CVar [[r.AmbientOcclusionMipLevelFactor:0.4]]
[2020.05.29-13.52.41:115][  0]LogConfig: Setting CVar [[r.AmbientOcclusionMaxQuality:100]]
[2020.05.29-13.52.41:115][  0]LogConfig: Setting CVar [[r.AmbientOcclusionLevels:-1]]
[2020.05.29-13.52.41:115][  0]LogConfig: Setting CVar [[r.AmbientOcclusionRadiusScale:1.0]]
[2020.05.29-13.52.41:115][  0]LogConfig: Setting CVar [[r.DepthOfFieldQuality:2]]
[2020.05.29-13.52.41:115][  0]LogConfig: Setting CVar [[r.RenderTargetPoolMin:400]]
[2020.05.29-13.52.41:115][  0]LogConfig: Setting CVar [[r.LensFlareQuality:2]]
[2020.05.29-13.52.41:115][  0]LogConfig: Setting CVar [[r.SceneColorFringeQuality:1]]
[2020.05.29-13.52.41:115][  0]LogConfig: Setting CVar [[r.EyeAdaptationQuality:2]]
[2020.05.29-13.52.41:115][  0]LogConfig: Setting CVar [[r.BloomQuality:5]]
[2020.05.29-13.52.41:115][  0]LogConfig: Setting CVar [[r.FastBlurThreshold:100]]
[2020.05.29-13.52.41:115][  0]LogConfig: Setting CVar [[r.Upscale.Quality:3]]
[2020.05.29-13.52.41:115][  0]LogConfig: Setting CVar [[r.Tonemapper.GrainQuantization:1]]
[2020.05.29-13.52.41:115][  0]LogConfig: Setting CVar [[r.LightShaftQuality:1]]
[2020.05.29-13.52.41:115][  0]LogConfig: Setting CVar [[r.Filter.SizeScale:1]]
[2020.05.29-13.52.41:115][  0]LogConfig: Setting CVar [[r.Tonemapper.Quality:5]]
[2020.05.29-13.52.41:116][  0]LogConfig: Setting CVar [[r.DOF.Gather.AccumulatorQuality:1        ; higher gathering accumulator quality]]
[2020.05.29-13.52.41:116][  0]LogConfig: Setting CVar [[r.DOF.Gather.PostfilterMethod:1          ; Median3x3 postfilering method]]
[2020.05.29-13.52.41:116][  0]LogConfig: Setting CVar [[r.DOF.Gather.EnableBokehSettings:0       ; no bokeh simulation when gathering]]
[2020.05.29-13.52.41:116][  0]LogConfig: Setting CVar [[r.DOF.Gather.RingCount:4                 ; medium number of samples when gathering]]
[2020.05.29-13.52.41:116][  0]LogConfig: Setting CVar [[r.DOF.Scatter.ForegroundCompositing:1    ; additive foreground scattering]]
[2020.05.29-13.52.41:116][  0]LogConfig: Setting CVar [[r.DOF.Scatter.BackgroundCompositing:2    ; additive background scattering]]
[2020.05.29-13.52.41:116][  0]LogConfig: Setting CVar [[r.DOF.Scatter.EnableBokehSettings:1      ; bokeh simulation when scattering]]
[2020.05.29-13.52.41:116][  0]LogConfig: Setting CVar [[r.DOF.Scatter.MaxSpriteRatio:0.1         ; only a maximum of 10% of scattered bokeh]]
[2020.05.29-13.52.41:116][  0]LogConfig: Setting CVar [[r.DOF.Recombine.Quality:1                ; cheap slight out of focus]]
[2020.05.29-13.52.41:116][  0]LogConfig: Setting CVar [[r.DOF.Recombine.EnableBokehSettings:0    ; no bokeh simulation on slight out of focus]]
[2020.05.29-13.52.41:116][  0]LogConfig: Setting CVar [[r.DOF.TemporalAAQuality:1                ; more stable temporal accumulation]]
[2020.05.29-13.52.41:116][  0]LogConfig: Setting CVar [[r.DOF.Kernel.MaxForegroundRadius:0.025]]
[2020.05.29-13.52.41:116][  0]LogConfig: Setting CVar [[r.DOF.Kernel.MaxBackgroundRadius:0.025]]
[2020.05.29-13.52.41:116][  0]LogConfig: Applying CVar settings from Section [TextureQuality@3] File [C:/Projects/UE4/ZombieShooter/ZombieShooterAnyCode/Saved/Config/Windows/Scalability.ini]
[2020.05.29-13.52.41:116][  0]LogConfig: Setting CVar [[r.Streaming.MipBias:0]]
[2020.05.29-13.52.41:116][  0]LogConfig: Setting CVar [[r.Streaming.AmortizeCPUToGPUCopy:0]]
[2020.05.29-13.52.41:116][  0]LogConfig: Setting CVar [[r.Streaming.MaxNumTexturesToStreamPerFrame:0]]
[2020.05.29-13.52.41:116][  0]LogConfig: Setting CVar [[r.Streaming.Boost:1]]
[2020.05.29-13.52.41:116][  0]LogConfig: Setting CVar [[r.MaxAnisotropy:8]]
[2020.05.29-13.52.41:116][  0]LogConfig: Setting CVar [[r.VT.MaxAnisotropy:8]]
[2020.05.29-13.52.41:116][  0]LogConfig: Setting CVar [[r.Streaming.LimitPoolSizeToVRAM:0]]
[2020.05.29-13.52.41:116][  0]LogConfig: Setting CVar [[r.Streaming.PoolSize:1000]]
[2020.05.29-13.52.41:116][  0]LogConfig: Setting CVar [[r.Streaming.MaxEffectiveScreenSize:0]]
[2020.05.29-13.52.41:116][  0]LogConfig: Applying CVar settings from Section [EffectsQuality@3] File [C:/Projects/UE4/ZombieShooter/ZombieShooterAnyCode/Saved/Config/Windows/Scalability.ini]
[2020.05.29-13.52.41:116][  0]LogConfig: Setting CVar [[r.TranslucencyLightingVolumeDim:64]]
[2020.05.29-13.52.41:116][  0]LogConfig: Setting CVar [[r.RefractionQuality:2]]
[2020.05.29-13.52.41:116][  0]LogConfig: Setting CVar [[r.SSR.Quality:3]]
[2020.05.29-13.52.41:116][  0]LogConfig: Setting CVar [[r.SSR.HalfResSceneColor:0]]
[2020.05.29-13.52.41:116][  0]LogConfig: Setting CVar [[r.SceneColorFormat:4]]
[2020.05.29-13.52.41:116][  0]LogConfig: Setting CVar [[r.DetailMode:2]]
[2020.05.29-13.52.41:116][  0]LogConfig: Setting CVar [[r.TranslucencyVolumeBlur:1]]
[2020.05.29-13.52.41:116][  0]LogConfig: Setting CVar [[r.MaterialQualityLevel:1 ; High quality]]
[2020.05.29-13.52.41:116][  0]LogConfig: Setting CVar [[r.SSS.Scale:1]]
[2020.05.29-13.52.41:116][  0]LogConfig: Setting CVar [[r.SSS.SampleSet:2]]
[2020.05.29-13.52.41:116][  0]LogConfig: Setting CVar [[r.SSS.Quality:1]]
[2020.05.29-13.52.41:116][  0]LogConfig: Setting CVar [[r.SSS.HalfRes:0]]
[2020.05.29-13.52.41:116][  0]LogConfig: Setting CVar [[r.SSGI.Quality:3]]
[2020.05.29-13.52.41:116][  0]LogConfig: Setting CVar [[r.EmitterSpawnRateScale:1.0]]
[2020.05.29-13.52.41:116][  0]LogConfig: Setting CVar [[r.ParticleLightQuality:2]]
[2020.05.29-13.52.41:116][  0]LogConfig: Setting CVar [[r.SkyAtmosphere.AerialPerspectiveLUT.FastApplyOnOpaque:1 ; Always have FastSkyLUT 1 in this case to avoid wrong sky]]
[2020.05.29-13.52.41:116][  0]LogConfig: Setting CVar [[r.SkyAtmosphere.AerialPerspectiveLUT.SampleCountPerSlice:1]]
[2020.05.29-13.52.41:116][  0]LogConfig: Setting CVar [[r.SkyAtmosphere.AerialPerspectiveLUT.DepthResolution:16.0]]
[2020.05.29-13.52.41:116][  0]LogConfig: Setting CVar [[r.SkyAtmosphere.FastSkyLUT:1]]
[2020.05.29-13.52.41:116][  0]LogConfig: Setting CVar [[r.SkyAtmosphere.FastSkyLUT.SampleCountMin:4.0]]
[2020.05.29-13.52.41:116][  0]LogConfig: Setting CVar [[r.SkyAtmosphere.FastSkyLUT.SampleCountMax:32.0]]
[2020.05.29-13.52.41:116][  0]LogConfig: Setting CVar [[r.SkyAtmosphere.SampleCountMin:4.0]]
[2020.05.29-13.52.41:116][  0]LogConfig: Setting CVar [[r.SkyAtmosphere.SampleCountMax:32.0]]
[2020.05.29-13.52.41:116][  0]LogConfig: Setting CVar [[r.SkyAtmosphere.TransmittanceLUT.UseSmallFormat:0]]
[2020.05.29-13.52.41:116][  0]LogConfig: Setting CVar [[r.SkyAtmosphere.TransmittanceLUT.SampleCount:10.0]]
[2020.05.29-13.52.41:116][  0]LogConfig: Setting CVar [[r.SkyAtmosphere.MultiScatteringLUT.SampleCount:15.0]]
[2020.05.29-13.52.41:116][  0]LogConfig: Applying CVar settings from Section [FoliageQuality@3] File [C:/Projects/UE4/ZombieShooter/ZombieShooterAnyCode/Saved/Config/Windows/Scalability.ini]
[2020.05.29-13.52.41:116][  0]LogConfig: Setting CVar [[foliage.DensityScale:1.0]]
[2020.05.29-13.52.41:116][  0]LogConfig: Setting CVar [[grass.DensityScale:1.0]]
[2020.05.29-13.52.41:116][  0]LogConfig: Applying CVar settings from Section [ShadingQuality@3] File [C:/Projects/UE4/ZombieShooter/ZombieShooterAnyCode/Saved/Config/Windows/Scalability.ini]
[2020.05.29-13.52.41:117][  0]LogConfig: Setting CVar [[r.HairStrands.SkyLighting.SampleCount:16]]
[2020.05.29-13.52.41:117][  0]LogConfig: Setting CVar [[r.HairStrands.SkyLighting.JitterIntegration:0]]
[2020.05.29-13.52.41:117][  0]LogConfig: Setting CVar [[r.HairStrands.SkyAO.SampleCount:16]]
[2020.05.29-13.52.41:117][  0]LogConfig: Setting CVar [[r.HairStrands.DeepShadow.SuperSampling:0]]
[2020.05.29-13.52.41:117][  0]LogConfig: Setting CVar [[r.HairStrands.VisibilityPPLL:0]]
[2020.05.29-13.52.41:117][  0]LogConfig: Setting CVar [[r.HairStrands.RasterizationScale:0.5]]
[2020.05.29-13.52.41:117][  0]LogConfig: Setting CVar [[r.HairStrands.VelocityRasterizationScale:1]]
[2020.05.29-13.52.41:117][  0]LogConfig: Applying CVar settings from Section [Startup] File [../../../Engine/Config/ConsoleVariables.ini]
[2020.05.29-13.52.41:117][  0]LogConfig: Setting CVar [[net.UseAdaptiveNetUpdateFrequency:0]]
[2020.05.29-13.52.41:117][  0]LogConfig: Setting CVar [[p.chaos.AllowCreatePhysxBodies:1]]
[2020.05.29-13.52.41:117][  0]LogConfig: Setting CVar [[fx.SkipVectorVMBackendOptimizations:1]]
[2020.05.29-13.52.41:117][  0]LogConfig: Applying CVar settings from Section [ConsoleVariables] File [C:/Projects/UE4/ZombieShooter/ZombieShooterAnyCode/Saved/Config/Windows/Engine.ini]
[2020.05.29-13.52.41:117][  0]LogInit: Computer: STREAM-MACHINE
[2020.05.29-13.52.41:117][  0]LogInit: User: Soraksis
[2020.05.29-13.52.41:117][  0]LogInit: CPU Page size=4096, Cores=4
[2020.05.29-13.52.41:117][  0]LogInit: High frequency timer resolution =10.000000 MHz
[2020.05.29-13.52.41:117][  0]LogMemory: Memory total: Physical=11.9GB (12GB approx)
[2020.05.29-13.52.41:117][  0]LogMemory: Platform Memory Stats for Windows
[2020.05.29-13.52.41:117][  0]LogMemory: Process Physical Memory: 115.17 MB used, 115.17 MB peak
[2020.05.29-13.52.41:117][  0]LogMemory: Process Virtual Memory: 104.67 MB used, 104.67 MB peak
[2020.05.29-13.52.41:117][  0]LogMemory: Physical Memory: 6229.74 MB used,  6004.15 MB free, 12233.89 MB total
[2020.05.29-13.52.41:117][  0]LogMemory: Virtual Memory: 5166.86 MB used,  134212560.00 MB free, 134217728.00 MB total
[2020.05.29-13.52.41:125][  0]LogWindows: WindowsPlatformFeatures enabled
[2020.05.29-13.52.41:170][  0]LogInit: Physics initialised using underlying interface: PhysX
[2020.05.29-13.52.41:171][  0]LogInit: Using OS detected language (fr-FR).
[2020.05.29-13.52.41:171][  0]LogInit: Using OS detected locale (fr-FR).
[2020.05.29-13.52.41:175][  0]LogTextLocalizationManager: No specific localization for 'fr-FR' exists, so the 'fr' localization will be used.
[2020.05.29-13.52.41:176][  0]LogTextLocalizationResource: LocRes '../../../Engine/Content/Localization/Editor/fr/Editor.locres' could not be opened for reading!
[2020.05.29-13.52.41:176][  0]LogTextLocalizationResource: LocRes '../../../Engine/Content/Localization/EditorTutorials/fr/EditorTutorials.locres' could not be opened for reading!
[2020.05.29-13.52.41:176][  0]LogTextLocalizationResource: LocRes '../../../Engine/Content/Localization/Keywords/fr/Keywords.locres' could not be opened for reading!
[2020.05.29-13.52.41:176][  0]LogTextLocalizationResource: LocRes '../../../Engine/Content/Localization/Category/fr/Category.locres' could not be opened for reading!
[2020.05.29-13.52.41:177][  0]LogTextLocalizationResource: LocRes '../../../Engine/Content/Localization/ToolTips/fr/ToolTips.locres' could not be opened for reading!
[2020.05.29-13.52.41:177][  0]LogTextLocalizationResource: LocRes '../../../Engine/Content/Localization/PropertyNames/fr/PropertyNames.locres' could not be opened for reading!
[2020.05.29-13.52.41:177][  0]LogTextLocalizationResource: LocRes '../../../Engine/Content/Localization/Engine/fr/Engine.locres' could not be opened for reading!
[2020.05.29-13.52.41:178][  0]LogInit: Setting process to per monitor DPI aware
[2020.05.29-13.52.41:234][  0]LogSlate: New Slate User Created.  User Index 0, Is Virtual User: 0
[2020.05.29-13.52.41:234][  0]LogSlate: Slate User Registered.  User Index 0, Is Virtual User: 0
[2020.05.29-13.52.41:444][  0]LogHMD: Failed to initialize OpenVR with code 110
[2020.05.29-13.52.41:444][  0]LogD3D11RHI: D3D11 min allowed feature level: 11_0
[2020.05.29-13.52.41:444][  0]LogD3D11RHI: D3D11 max allowed feature level: 11_0
[2020.05.29-13.52.41:444][  0]LogD3D11RHI: D3D11 adapters:
[2020.05.29-13.52.41:532][  0]LogD3D11RHI:    0. 'NVIDIA GeForce GTX 770' (Feature Level 11_0)
[2020.05.29-13.52.41:532][  0]LogD3D11RHI:       2007/0/6116 MB DedicatedVideo/DedicatedSystem/SharedSystem, Outputs:2, VendorId:0x10de
[2020.05.29-13.52.41:535][  0]LogD3D11RHI:    1. 'Microsoft Basic Render Driver' (Feature Level 11_0)
[2020.05.29-13.52.41:535][  0]LogD3D11RHI:       0/0/6116 MB DedicatedVideo/DedicatedSystem/SharedSystem, Outputs:0, VendorId:0x1414
[2020.05.29-13.52.41:535][  0]LogD3D11RHI: Chosen D3D11 Adapter: 0
[2020.05.29-13.52.41:546][  0]LogD3D11RHI: Creating new Direct3DDevice
[2020.05.29-13.52.41:547][  0]LogD3D11RHI:     GPU DeviceId: 0x1184 (for the marketing name, search the web for "GPU Device Id")
[2020.05.29-13.52.41:547][  0]LogWindows: EnumDisplayDevices:
[2020.05.29-13.52.41:547][  0]LogWindows:    0. 'NVIDIA GeForce GTX 770' (P:1 D:1)
[2020.05.29-13.52.41:548][  0]LogWindows:    1. 'NVIDIA GeForce GTX 770' (P:0 D:1)
[2020.05.29-13.52.41:548][  0]LogWindows:    2. 'NVIDIA GeForce GTX 770' (P:0 D:0)
[2020.05.29-13.52.41:548][  0]LogWindows:    3. 'NVIDIA GeForce GTX 770' (P:0 D:0)
[2020.05.29-13.52.41:548][  0]LogWindows: DebugString: FoundDriverCount:4 
[2020.05.29-13.52.41:548][  0]LogD3D11RHI:     Adapter Name: NVIDIA GeForce GTX 770
[2020.05.29-13.52.41:549][  0]LogD3D11RHI:   Driver Version: 432.00 (internal:26.21.14.3200, unified:432.00)
[2020.05.29-13.52.41:549][  0]LogD3D11RHI:      Driver Date: 7-24-2019
[2020.05.29-13.52.41:549][  0]LogRHI: Texture pool is 1404 MB (70% of 2007 MB)
[2020.05.29-13.52.41:610][  0]LogD3D11RHI: RHI does not have support for 64 bit atomics
[2020.05.29-13.52.41:612][  0]LogD3D11RHI: [Aftermath] Enabled and primed
[2020.05.29-13.52.41:612][  0]LogD3D11RHI: Async texture creation enabled
[2020.05.29-13.52.41:686][  0]LogD3D11RHI: GPU Timing Frequency: 1000.000000 (Debug: 2 2)
[2020.05.29-13.52.42:072][  0]LogTargetPlatformManager: Display: Loaded TargetPlatform 'AllDesktop'
[2020.05.29-13.52.42:103][  0]LogTargetPlatformManager: Display: Loaded TargetPlatform 'Android'
[2020.05.29-13.52.42:104][  0]LogTargetPlatformManager: Display: Loaded TargetPlatform 'Android_ASTC'
[2020.05.29-13.52.42:104][  0]LogTargetPlatformManager: Display: Loaded TargetPlatform 'Android_DXT'
[2020.05.29-13.52.42:104][  0]LogTargetPlatformManager: Display: Loaded TargetPlatform 'Android_ETC2'
[2020.05.29-13.52.42:104][  0]LogTargetPlatformManager: Display: Loaded TargetPlatform 'AndroidClient'
[2020.05.29-13.52.42:104][  0]LogTargetPlatformManager: Display: Loaded TargetPlatform 'Android_ASTCClient'
[2020.05.29-13.52.42:104][  0]LogTargetPlatformManager: Display: Loaded TargetPlatform 'Android_DXTClient'
[2020.05.29-13.52.42:104][  0]LogTargetPlatformManager: Display: Loaded TargetPlatform 'Android_ETC2Client'
[2020.05.29-13.52.42:104][  0]LogTargetPlatformManager: Display: Loaded TargetPlatform 'Android_Multi'
[2020.05.29-13.52.42:104][  0]LogTargetPlatformManager: Display: Loaded TargetPlatform 'Android_MultiClient'
[2020.05.29-13.52.42:137][  0]LogTargetPlatformManager: Display: Loaded TargetPlatform 'IOSClient'
[2020.05.29-13.52.42:137][  0]LogTargetPlatformManager: Display: Loaded TargetPlatform 'IOS'
[2020.05.29-13.52.42:151][  0]LogTargetPlatformManager: Display: Loaded TargetPlatform 'Linux'
[2020.05.29-13.52.42:164][  0]LogTargetPlatformManager: Display: Loaded TargetPlatform 'LinuxNoEditor'
[2020.05.29-13.52.42:179][  0]LogTargetPlatformManager: Display: Loaded TargetPlatform 'LinuxClient'
[2020.05.29-13.52.42:193][  0]LogTargetPlatformManager: Display: Loaded TargetPlatform 'LinuxServer'
[2020.05.29-13.52.42:206][  0]LogTargetPlatformManager: Display: Loaded TargetPlatform 'LinuxAArch64NoEditor'
[2020.05.29-13.52.42:219][  0]LogTargetPlatformManager: Display: Loaded TargetPlatform 'LinuxAArch64Client'
[2020.05.29-13.52.42:232][  0]LogTargetPlatformManager: Display: Loaded TargetPlatform 'LinuxAArch64Server'
[2020.05.29-13.52.42:268][  0]LogTargetPlatformManager: Display: Loaded TargetPlatform 'Lumin'
[2020.05.29-13.52.42:268][  0]LogTargetPlatformManager: Display: Loaded TargetPlatform 'LuminClient'
[2020.05.29-13.52.42:290][  0]LogTargetPlatformManager: Display: Loaded TargetPlatform 'TVOSClient'
[2020.05.29-13.52.42:290][  0]LogTargetPlatformManager: Display: Loaded TargetPlatform 'TVOS'
[2020.05.29-13.52.42:303][  0]LogTargetPlatformManager: Display: Loaded TargetPlatform 'WindowsNoEditor'
[2020.05.29-13.52.42:316][  0]LogTargetPlatformManager: Display: Loaded TargetPlatform 'Windows'
[2020.05.29-13.52.42:328][  0]LogTargetPlatformManager: Display: Loaded TargetPlatform 'WindowsClient'
[2020.05.29-13.52.42:341][  0]LogTargetPlatformManager: Display: Loaded TargetPlatform 'WindowsServer'
[2020.05.29-13.52.42:341][  0]LogTargetPlatformManager: Display: Building Assets For Windows
[2020.05.29-13.52.42:351][  0]LogAudioDebug: Display: Lib vorbis DLL was dynamically loaded.
[2020.05.29-13.52.42:433][  0]LogShaderCompilers: Guid format shader working directory is -2 characters bigger than the processId version (C:/Projects/UE4/ZombieShooter/ZombieShooterAnyCode/Intermediate/Shaders/WorkingDirectory/19300/).
[2020.05.29-13.52.42:433][  0]LogShaderCompilers: Cleaned the shader compiler working directory 'C:/Users/Soraksis/AppData/Local/Temp/UnrealShaderWorkingDir/2E0062B24A091840037BA8B6D9352A37/'.
[2020.05.29-13.52.42:433][  0]LogXGEController: Cannot use XGE Controller as Incredibuild is not installed on this machine.
[2020.05.29-13.52.42:433][  0]LogShaderCompilers: Cannot use XGE Shader Compiler as Incredibuild is not installed on this machine.
[2020.05.29-13.52.42:434][  0]LogShaderCompilers: Display: Using Local Shader Compiler.
[2020.05.29-13.52.43:854][  0]LogDerivedDataCache: Display: Max Cache Size: 512 MB
[2020.05.29-13.52.43:980][  0]LogDerivedDataCache: Loaded boot cache 0.13s 104MB C:/Users/Soraksis/AppData/Local/UnrealEngine/4.25/DerivedDataCache/Boot.ddc.
[2020.05.29-13.52.43:981][  0]LogDerivedDataCache: Display: Loaded Boot cache: C:/Users/Soraksis/AppData/Local/UnrealEngine/4.25/DerivedDataCache/Boot.ddc
[2020.05.29-13.52.43:981][  0]LogDerivedDataCache: FDerivedDataBackendGraph:  Pak pak cache file C:/Projects/UE4/ZombieShooter/ZombieShooterAnyCode/DerivedDataCache/DDC.ddp not found, will not use a pak cache.
[2020.05.29-13.52.43:981][  0]LogDerivedDataCache: Unable to find inner node Pak for hierarchical cache Hierarchy.
[2020.05.29-13.52.43:981][  0]LogDerivedDataCache: FDerivedDataBackendGraph:  CompressedPak pak cache file C:/Projects/UE4/ZombieShooter/ZombieShooterAnyCode/DerivedDataCache/Compressed.ddp not found, will not use a pak cache.
[2020.05.29-13.52.43:981][  0]LogDerivedDataCache: Unable to find inner node CompressedPak for hierarchical cache Hierarchy.
[2020.05.29-13.52.43:995][  0]LogDerivedDataCache: Display: Pak cache opened for reading ../../../Engine/DerivedDataCache/Compressed.ddp.
[2020.05.29-13.52.43:995][  0]LogDerivedDataCache: FDerivedDataBackendGraph:  EnterprisePak pak cache file ../../../Enterprise/DerivedDataCache/Compressed.ddp not found, will not use a pak cache.
[2020.05.29-13.52.43:995][  0]LogDerivedDataCache: Unable to find inner node EnterprisePak for hierarchical cache Hierarchy.
[2020.05.29-13.52.43:997][  0]LogDerivedDataCache: Using Local data cache path C:/Users/Soraksis/AppData/Local/UnrealEngine/Common/DerivedDataCache: Writable
[2020.05.29-13.52.43:997][  0]LogDerivedDataCache: Shared data cache path not found in *engine.ini, will not use an Shared cache.
[2020.05.29-13.52.43:997][  0]LogDerivedDataCache: Unable to find inner node Shared for hierarchical cache Hierarchy.
[2020.05.29-13.52.44:087][  0]LogSlate: Using FreeType 2.10.0
[2020.05.29-13.52.44:087][  0]LogSlate: SlateFontServices - WITH_FREETYPE: 1, WITH_HARFBUZZ: 1
[2020.05.29-13.52.44:124][  0]LogAssetRegistry: FAssetRegistry took 0.0034 seconds to start up
[2020.05.29-13.52.44:469][  0]LogInit: Selected Device Profile: [Windows]
[2020.05.29-13.52.44:634][  0]LogMeshReduction: Using QuadricMeshReduction for automatic static mesh reduction
[2020.05.29-13.52.44:634][  0]LogMeshReduction: Using SimplygonMeshReduction for automatic skeletal mesh reduction
[2020.05.29-13.52.44:634][  0]LogMeshReduction: Using ProxyLODMeshReduction for automatic mesh merging
[2020.05.29-13.52.44:634][  0]LogMeshReduction: No distributed automatic mesh merging module available
[2020.05.29-13.52.44:634][  0]LogMeshMerging: No distributed automatic mesh merging module available
[2020.05.29-13.52.44:657][  0]LogNetVersion: ZombieShooterAnyCode 1.0.0, NetCL: 13144385, EngineNetVer: 14, GameNetVer: 0 (Checksum: 619428851)
[2020.05.29-13.52.45:317][  0]LogAISub: UAISubsystem::UAISubsystem AISubsystem (000001D29F4632C0), frame # 0
[2020.05.29-13.52.45:318][  0]LogAISub: UAISubsystem::UAISubsystem AIPerceptionSystem (000001D29F432D40), frame # 0
[2020.05.29-13.52.45:319][  0]LogAISub: UAISubsystem::UAISubsystem EnvQueryManager (000001D29F489E00), frame # 0
[2020.05.29-13.52.45:501][  0]LogPackageLocalizationCache: Processed 19 localized package path(s) for 1 prioritized culture(s) in 0.174161 seconds
[2020.05.29-13.52.45:508][  0]LogUObjectArray: 15917 objects as part of root set at end of initial load.
[2020.05.29-13.52.45:508][  0]LogUObjectAllocator: 3965568 out of 0 bytes used by permanent object pool.
[2020.05.29-13.52.45:508][  0]LogUObjectArray: CloseDisregardForGC: 0/0 objects in disregard for GC pool
[2020.05.29-13.52.46:048][  0]LogTcpMessaging: Initializing TcpMessaging bridge
[2020.05.29-13.52.46:054][  0]LogUdpMessaging: Initializing bridge on interface 0.0.0.0:0 to multicast group 230.0.0.1:6666.
[2020.05.29-13.52.46:166][  0]SourceControl: Source control is disabled
[2020.05.29-13.52.46:166][  0]SourceControl: Source control is disabled
[2020.05.29-13.52.46:170][  0]SourceControl: Source control is disabled
[2020.05.29-13.52.46:175][  0]SourceControl: Source control is disabled
[2020.05.29-13.52.46:186][  0]SourceControl: Source control is disabled
[2020.05.29-13.52.46:513][  0]LogAndroidPermission: UAndroidPermissionCallbackProxy::GetInstance
[2020.05.29-13.52.46:539][  0]LogAudioCaptureCore: Display: No Audio Capture implementations found. Audio input will be silent.
[2020.05.29-13.52.46:540][  0]LogAudioCaptureCore: Display: No Audio Capture implementations found. Audio input will be silent.
[2020.05.29-13.52.46:616][  0]LogOcInput: OculusInput pre-init called
[2020.05.29-13.52.46:629][  0]LogWindows: Failed to load 'OVRPlugin.dll' (GetLastError=126)
[2020.05.29-13.52.46:629][  0]LogWindows: File 'OVRPlugin.dll' does not exist
[2020.05.29-13.52.46:714][  0]LogEngine: Initializing Engine...
[2020.05.29-13.52.46:716][  0]LogHMD: Failed to initialize OpenVR with code 110
[2020.05.29-13.52.46:716][  0]LogMagicLeap: Warning: VR disabled because ZI is not enabled.  To enable, in the editor, Edit -> Project Settings -> Plugins -> Magic Leap Plugin -> Enable Zero Iteration
[2020.05.29-13.52.46:717][  0]LogStats: UGameplayTagsManager::InitializeManager -  0.000 s
[2020.05.29-13.52.46:898][  0]LogInit: Initializing FReadOnlyCVARCache
[2020.05.29-13.52.46:910][  0]LogAIModule: Creating AISystem for world Untitled
[2020.05.29-13.52.46:910][  0]LogAISub: UAISubsystem::UAISubsystem EnvQueryManager (000001D2A4DDFC00), frame # 0
[2020.05.29-13.52.46:910][  0]LogAISub: UAISubsystem::UAISubsystem AIPerceptionSystem (000001D2A4DE7B00), frame # 0
[2020.05.29-13.52.46:934][  0]LogAudioMixer: Display: Audio Mixer Platform Settings:
[2020.05.29-13.52.46:934][  0]LogAudioMixer: Display: 	Sample Rate:						  48000
[2020.05.29-13.52.46:934][  0]LogAudioMixer: Display: 	Callback Buffer Frame Size Requested: 1024
[2020.05.29-13.52.46:934][  0]LogAudioMixer: Display: 	Callback Buffer Frame Size To Use:	  1024
[2020.05.29-13.52.46:934][  0]LogAudioMixer: Display: 	Number of buffers to queue:			  2
[2020.05.29-13.52.46:934][  0]LogAudioMixer: Display: 	Max Channels (voices):				  32
[2020.05.29-13.52.46:934][  0]LogAudioMixer: Display: 	Number of Async Source Workers:		  0
[2020.05.29-13.52.46:934][  0]LogAudio: Display: AudioDevice MaxSources: 32
[2020.05.29-13.52.46:934][  0]LogAudio: Display: Using built-in audio occlusion.
[2020.05.29-13.52.46:934][  0]LogAudioMixer: Display: Initializing audio mixer.
[2020.05.29-13.52.46:955][  0]LogAudioMixer: Display: 0: FrontLeft
[2020.05.29-13.52.46:955][  0]LogAudioMixer: Display: 1: FrontRight
[2020.05.29-13.52.47:016][  0]LogAudioMixer: Display: Using Audio Device Haut-parleurs (8- USB Audio Device)
[2020.05.29-13.52.47:022][  0]LogAudioMixer: Display: Initializing Sound Submixes...
[2020.05.29-13.52.47:025][  0]LogAudioMixer: Display: Creating Master Submix 'MasterSubmixDefault'
[2020.05.29-13.52.47:025][  0]LogAudioMixer: Display: Creating Master Submix 'MasterReverbSubmixDefault'
[2020.05.29-13.52.47:027][  0]LogAudioMixer: Display: Creating Master Submix 'MasterEQSubmixDefault'
[2020.05.29-13.52.47:029][  0]LogInit: FAudioDevice initialized.
[2020.05.29-13.52.47:029][  0]LogNetVersion: Set ProjectVersion to 1.0.0.0. Version Checksum will be recalculated on next use.
[2020.05.29-13.52.47:612][  0]LogDerivedDataCache: Saved boot cache 0.58s 104MB C:/Users/Soraksis/AppData/Local/UnrealEngine/4.25/DerivedDataCache/Boot.ddc.
[2020.05.29-13.52.47:619][  0]LogInit: Texture streaming: Enabled
[2020.05.29-13.52.47:643][  0]LogEngineSessionManager: EngineSessionManager initialized
[2020.05.29-13.52.47:643][  0]LogEditorSessionSummary: Verbose: Initializing EditorSessionSummaryWriter for editor session tracking
[2020.05.29-13.52.47:646][  0]LogEditorSessionSummary: EditorSessionSummaryWriter initialized
[2020.05.29-13.52.47:747][  0]LogInit: Transaction tracking system initialized
[2020.05.29-13.52.47:776][  0]BlueprintLog: New page: Editor Load
[2020.05.29-13.52.47:880][  0]LocalizationService: Localization service is disabled
[2020.05.29-13.52.48:102][  0]LogCook: Display: Max memory allowance for cook 16384mb min free memory 0mb
[2020.05.29-13.52.48:103][  0]LogCook: Display: Mobile HDR setting 1
[2020.05.29-13.52.48:355][  0]LogFileCache: Scanning file cache for directory 'C:/Projects/UE4/ZombieShooter/ZombieShooterAnyCode/Content/' took 0.01s
[2020.05.29-13.52.48:641][  0]SourceControl: Source control is disabled
[2020.05.29-13.52.48:641][  0]LogUnrealEdMisc: Loading editor; pre map load, took 10.578
[2020.05.29-13.52.48:641][  0]Cmd: MAP LOAD FILE="C:/Projects/UE4/ZombieShooter/ZombieShooterAnyCode/Content/Scene/TestLevel.umap" TEMPLATE=0 SHOWPROGRESS=1 FEATURELEVEL=3
[2020.05.29-13.52.48:641][  0]LightingResults: New page: Lighting Build
[2020.05.29-13.52.48:642][  0]LogWorld: UWorld::CleanupWorld for Untitled, bSessionEnded=true, bCleanupResources=true
[2020.05.29-13.52.48:642][  0]LogSlate: InvalidateAllWidgets triggered.  All widgets were invalidated
[2020.05.29-13.52.48:642][  0]MapCheck: New page: Map Check
[2020.05.29-13.52.48:642][  0]LightingResults: New page: Lighting Build
[2020.05.29-13.52.48:684][  0]LogAISub: UAISubsystem::~UAISubsystem EnvQueryManager (000001D2A4DDFC00), frame # 0
[2020.05.29-13.52.48:684][  0]LogAISub: UAISubsystem::~UAISubsystem AIPerceptionSystem (000001D2A4DE7B00), frame # 0
[2020.05.29-13.52.48:685][  0]LogUObjectHash: Compacting FUObjectHashTables data took   1.24ms
[2020.05.29-13.52.52:104][  0]LogAIModule: Creating AISystem for world TestLevel
[2020.05.29-13.52.52:104][  0]LogAISub: UAISubsystem::UAISubsystem EnvQueryManager (000001D28DBAFE00), frame # 0
[2020.05.29-13.52.52:104][  0]LogAISub: UAISubsystem::UAISubsystem AIPerceptionSystem (000001D2A532AC00), frame # 0
[2020.05.29-13.52.52:113][  0]LogEditorServer: Finished looking for orphan Actors (0.000 secs)
[2020.05.29-13.52.52:161][  0]LogUObjectHash: Compacting FUObjectHashTables data took   1.36ms
[2020.05.29-13.52.52:166][  0]Cmd: MAP CHECKDEP NOCLEARLOG
[2020.05.29-13.52.52:166][  0]MapCheck: Map check complete: 0 Error(s), 0 Warning(s), took 0,195ms to complete.
[2020.05.29-13.52.52:166][  0]LogFileHelpers: Loading map 'TestLevel' took 3.525
[2020.05.29-13.52.52:168][  0]LogUnrealEdMisc: Total Editor Startup Time, took 14.106
[2020.05.29-13.52.52:389][  0]LogSlate: Updating window title bar state: overlay mode, drag disabled, window buttons hidden, title bar hidden
[2020.05.29-13.52.52:399][  0]LogSlate: Updating window title bar state: overlay mode, drag disabled, window buttons hidden, title bar hidden
[2020.05.29-13.52.52:409][  0]LogSlate: Updating window title bar state: overlay mode, drag disabled, window buttons hidden, title bar hidden
[2020.05.29-13.52.52:418][  0]LogSlate: Updating window title bar state: overlay mode, drag disabled, window buttons hidden, title bar hidden
[2020.05.29-13.52.52:432][  0]LogCollectionManager: Loaded 0 collections in 0.001205 seconds
[2020.05.29-13.52.52:483][  0]LogFileCache: Scanning file cache for directory 'C:/Projects/UE4/ZombieShooter/ZombieShooterAnyCode/Saved/Collections/' took 0.00s
[2020.05.29-13.52.52:483][  0]LogFileCache: Scanning file cache for directory 'C:/Projects/UE4/ZombieShooter/ZombieShooterAnyCode/Content/Developers/Soraksis/Collections/' took 0.00s
[2020.05.29-13.52.52:483][  0]LogFileCache: Scanning file cache for directory 'C:/Projects/UE4/ZombieShooter/ZombieShooterAnyCode/Content/Collections/' took 0.00s
[2020.05.29-13.52.52:483][  0]LogContentBrowser: Native class hierarchy populated in 0.0143 seconds. Added 3426 classes and 820 folders.
[2020.05.29-13.52.52:552][  0]LogContentBrowser: Native class hierarchy updated for 'WidgetCarousel' in 0.0008 seconds. Added 0 classes and 0 folders.
[2020.05.29-13.52.53:814][  0]LogContentBrowser: Native class hierarchy updated for 'AddContentDialog' in 0.0004 seconds. Added 0 classes and 0 folders.
[2020.05.29-13.52.53:815][  0]LogContentBrowser: Native class hierarchy updated for 'SceneOutliner' in 0.0002 seconds. Added 2 classes and 0 folders.
[2020.05.29-13.52.55:112][  0]LogSlate: Took 0.000256 seconds to synchronously load lazily loaded font '../../../Engine/Content/Slate/Fonts/Roboto-Regular.ttf' (155K)
[2020.05.29-13.52.55:116][  0]LogSlate: Took 0.000357 seconds to synchronously load lazily loaded font '../../../Engine/Content/Slate/Fonts/Roboto-Bold.ttf' (160K)
[2020.05.29-13.52.55:177][  0]LogSlate: Took 0.051375 seconds to synchronously load lazily loaded font '../../../Engine/Content/Editor/Slate/Fonts/FontAwesome.ttf' (139K)
[2020.05.29-13.52.55:582][  0]LogRenderer: Reallocating scene render targets to support 948x572 Format 10 NumSamples 1 (Frame:1).
[2020.05.29-13.52.55:746][  0]LogContentBrowser: Native class hierarchy updated for 'HierarchicalLODOutliner' in 0.0004 seconds. Added 0 classes and 0 folders.
[2020.05.29-13.52.55:746][  0]LogLoad: (Engine Initialization) Total time: 17.68 seconds
[2020.05.29-13.52.55:746][  0]LogLoad: (Engine Initialization) Total Blueprint compile time: 0.00 seconds
[2020.05.29-13.52.55:976][  0]LogAssetRegistry: Asset discovery search completed in 11.8525 seconds
[2020.05.29-13.52.55:982][  0]LogCollectionManager: Fixed up redirectors for 0 collections in 0.000003 seconds (updated 0 objects)
[2020.05.29-13.52.55:983][  0]LogContentStreaming: Texture pool size now 1000 MB
[2020.05.29-13.52.56:106][  0]LogSlate: Took 0.032748 seconds to synchronously load lazily loaded font '../../../Engine/Content/Slate/Fonts/Roboto-Light.ttf' (167K)
[2020.05.29-13.52.56:120][  1]LogScript: Warning: Accessed None trying to read property CallFunc_TryGetPawnOwner_ReturnValue
	MaInCharAnimation_C /Engine/Transient.World_1:PersistentLevel.SkeletalMeshActor_0.SkeletalMeshComponent0.MaInCharAnimation_C_0
	Function /Game/Animations/MaInCharAnimation.MaInCharAnimation_C:ExecuteUbergraph_MaInCharAnimation:0083
[2020.05.29-13.52.58:218][214]LogTemp: Repeating last play command: Selected Viewport
[2020.05.29-13.52.58:245][214]LogPlayLevel: PlayLevel: No blueprints needed recompiling
[2020.05.29-13.52.58:246][214]PIE: New page: PIE session: TestLevel (29 mai 2020 à 17:52:58)
[2020.05.29-13.52.58:247][214]LogOnline: OSS: Creating online subsystem instance for: NULL
[2020.05.29-13.52.58:249][214]LogOnline: OSS: TryLoadSubsystemAndSetDefault: Loaded subsystem for module [NULL]
[2020.05.29-13.52.58:249][214]LogPlayLevel: Creating play world package: /Game/Scene/UEDPIE_0_TestLevel
[2020.05.29-13.52.58:252][214]LogPlayLevel: PIE: StaticDuplicateObject took: (0.002610s)
[2020.05.29-13.52.58:253][214]LogAIModule: Creating AISystem for world TestLevel
[2020.05.29-13.52.58:253][214]LogAISub: UAISubsystem::UAISubsystem EnvQueryManager (000001D2D7EA8400), frame # 214
[2020.05.29-13.52.58:253][214]LogAISub: UAISubsystem::UAISubsystem AIPerceptionSystem (000001D2A535AD40), frame # 214
[2020.05.29-13.52.58:253][214]LogPlayLevel: PIE: World Init took: (0.001505s)
[2020.05.29-13.52.58:253][214]LogPlayLevel: PIE: Created PIE world by copying editor world from /Game/Scene/TestLevel.TestLevel to /Game/Scene/UEDPIE_0_TestLevel.TestLevel (0.004244s)
[2020.05.29-13.52.58:305][214]LogUObjectHash: Compacting FUObjectHashTables data took   1.00ms
[2020.05.29-13.52.58:308][214]LogAudioMixer: Display: Audio Mixer Platform Settings:
[2020.05.29-13.52.58:308][214]LogAudioMixer: Display: 	Sample Rate:						  48000
[2020.05.29-13.52.58:308][214]LogAudioMixer: Display: 	Callback Buffer Frame Size Requested: 1024
[2020.05.29-13.52.58:308][214]LogAudioMixer: Display: 	Callback Buffer Frame Size To Use:	  1024
[2020.05.29-13.52.58:308][214]LogAudioMixer: Display: 	Number of buffers to queue:			  2
[2020.05.29-13.52.58:308][214]LogAudioMixer: Display: 	Max Channels (voices):				  32
[2020.05.29-13.52.58:308][214]LogAudioMixer: Display: 	Number of Async Source Workers:		  0
[2020.05.29-13.52.58:308][214]LogAudio: Display: AudioDevice MaxSources: 32
[2020.05.29-13.52.58:309][214]LogAudio: Display: Using built-in audio occlusion.
[2020.05.29-13.52.58:309][214]LogAudioMixer: Display: Initializing audio mixer.
[2020.05.29-13.52.58:319][214]LogAudioMixer: Display: 0: FrontLeft
[2020.05.29-13.52.58:319][214]LogAudioMixer: Display: 1: FrontRight
[2020.05.29-13.52.58:344][214]LogAudioMixer: Display: Using Audio Device Haut-parleurs (8- USB Audio Device)
[2020.05.29-13.52.58:345][214]LogAudioMixer: Display: Initializing Sound Submixes...
[2020.05.29-13.52.58:345][214]LogAudioMixer: Display: Creating Master Submix 'MasterSubmixDefault'
[2020.05.29-13.52.58:345][214]LogAudioMixer: Display: Creating Master Submix 'MasterReverbSubmixDefault'
[2020.05.29-13.52.58:346][214]LogAudioMixer: Display: Creating Master Submix 'MasterEQSubmixDefault'
[2020.05.29-13.52.58:367][214]LogInit: FAudioDevice initialized.
[2020.05.29-13.52.58:381][214]LogLoad: Game class is 'ThirdPersonGameMode_C'
[2020.05.29-13.52.58:384][214]LogWorld: Bringing World /Game/Scene/UEDPIE_0_TestLevel.TestLevel up for play (max tick rate 0) at 2020.05.29-15.52.58
[2020.05.29-13.52.58:384][214]LogWorld: Bringing up level for play took: 0.001263
[2020.05.29-13.52.58:384][214]LogOnline: OSS: Creating online subsystem instance for: :Context_3
[2020.05.29-13.52.58:423][214]LogContentBrowser: Native class hierarchy updated for 'MovieSceneCapture' in 0.0005 seconds. Added 20 classes and 0 folders.
[2020.05.29-13.52.58:424][214]PIE: Server logged in
[2020.05.29-13.52.58:426][214]PIE: Play in editor total start time 0,182 seconds.
[2020.05.29-13.53.08:799][455]LogAudioMixer: Display: No commands were queued while flushing the source manager.
[2020.05.29-13.53.08:819][455]LogAudioMixer: Display: Flush succeeded in the source manager command queue (1).
[2020.05.29-13.53.08:838][455]LogAudioMixer: Display: Flush succeeded the source manager command queue (2).
[2020.05.29-13.53.08:839][455]LogSlate: Updating window title bar state: overlay mode, drag disabled, window buttons hidden, title bar hidden
[2020.05.29-13.53.08:839][455]LogWorld: BeginTearingDown for /Game/Scene/UEDPIE_0_TestLevel
[2020.05.29-13.53.08:839][455]LogAudioMixer: Display: No commands were queued while flushing the source manager.
[2020.05.29-13.53.08:839][455]LogWorld: UWorld::CleanupWorld for TestLevel, bSessionEnded=true, bCleanupResources=true
[2020.05.29-13.53.08:840][455]LogSlate: InvalidateAllWidgets triggered.  All widgets were invalidated
[2020.05.29-13.53.08:850][455]LogPlayLevel: Display: Shutting down PIE online subsystems
[2020.05.29-13.53.08:852][455]LogSlate: InvalidateAllWidgets triggered.  All widgets were invalidated
[2020.05.29-13.53.08:881][455]LogAudioMixer: Display: No commands were queued while flushing the source manager.
[2020.05.29-13.53.08:907][455]LogSlate: Updating window title bar state: overlay mode, drag disabled, window buttons hidden, title bar hidden
[2020.05.29-13.53.08:908][455]LogAISub: UAISubsystem::~UAISubsystem AIPerceptionSystem (000001D2A535AD40), frame # 1455
[2020.05.29-13.53.08:908][455]LogAISub: UAISubsystem::~UAISubsystem EnvQueryManager (000001D2D7EA8400), frame # 1455
[2020.05.29-13.53.08:909][455]LogUObjectHash: Compacting FUObjectHashTables data took   1.34ms
[2020.05.29-13.53.08:947][456]LogPlayLevel: Display: Destroying online subsystem :Context_3
[2020.05.29-13.53.13:162][956]LogEditorViewport: Clicking on Actor (LMB): BP_Sky_Sphere_C (BP_Sky_Sphere)
[2020.05.29-13.53.13:660][995]LogSlate: Took 0.027687 seconds to synchronously load lazily loaded font '../../../Engine/Content/Slate/Fonts/Roboto-Italic.ttf' (157K)
[2020.05.29-13.53.14:864][123]LogSlate: Took 0.000184 seconds to synchronously load lazily loaded font '../../../Engine/Content/Slate/Fonts/Roboto-Light.ttf' (167K)
[2020.05.29-13.53.14:884][123]LogAssetEditorSubsystem: Opening Asset editor for Blueprint /Engine/EngineSky/BP_Sky_Sphere.BP_Sky_Sphere
[2020.05.29-13.53.15:778][123]LogContentBrowser: Native class hierarchy updated for 'BlueprintGraph' in 0.0009 seconds. Added 125 classes and 0 folders.
[2020.05.29-13.53.17:491][123]LogSlate: Took 0.000223 seconds to synchronously load lazily loaded font '../../../Engine/Content/Slate/Fonts/Roboto-BoldCondensed.ttf' (158K)
[2020.05.29-13.53.27:132][572]LogAssetEditorSubsystem: Opening Asset editor for Blueprint /Game/Actor/ThirdPersonController.ThirdPersonController
[2020.05.29-13.53.35:506][ 35]Cmd: OBJ SAVEPACKAGE PACKAGE="/Game/Actor/ThirdPersonController" FILE="C:/Projects/UE4/ZombieShooter/ZombieShooterAnyCode/Content/Actor/ThirdPersonController.uasset" SILENT=true
[2020.05.29-13.53.35:571][ 35]LogSavePackage: Moving 'C:/Projects/UE4/ZombieShooter/ZombieShooterAnyCode/Saved/ThirdPersonControllerF7D958DD4961F0B66F4AEAA87A5FB4E2.tmp' to 'C:/Projects/UE4/ZombieShooter/ZombieShooterAnyCode/Content/Actor/ThirdPersonController.uasset'
[2020.05.29-13.53.35:591][ 35]AssetCheck: New page: Asset Save: ThirdPersonController
[2020.05.29-13.53.35:591][ 35]LogContentValidation: Display: Validating Blueprint /Game/Actor/ThirdPersonController.ThirdPersonController
[2020.05.29-13.55.24:837][533]BlueprintLog: New page: Compile ThirdPersonController
[2020.05.29-13.55.24:966][533]LogUObjectHash: Compacting FUObjectHashTables data took   4.37ms
[2020.05.29-13.55.25:460][533]LogSlate: Took 0.416142 seconds to synchronously load lazily loaded font '../../../Engine/Content/Slate/Fonts/DroidSansMono.ttf' (77K)
[2020.05.29-13.55.25:575][535]Cmd: OBJ SAVEPACKAGE PACKAGE="/Game/Actor/ThirdPersonController" FILE="C:/Projects/UE4/ZombieShooter/ZombieShooterAnyCode/Content/Actor/ThirdPersonController.uasset" SILENT=true
[2020.05.29-13.55.25:633][535]LogSavePackage: Moving 'C:/Projects/UE4/ZombieShooter/ZombieShooterAnyCode/Saved/ThirdPersonController2BCCF58E4D7005A140E62BAEE379AFB5.tmp' to 'C:/Projects/UE4/ZombieShooter/ZombieShooterAnyCode/Content/Actor/ThirdPersonController.uasset'
[2020.05.29-13.55.25:648][535]AssetCheck: New page: Asset Save: ThirdPersonController
[2020.05.29-13.55.25:648][535]LogContentValidation: Display: Validating Blueprint /Game/Actor/ThirdPersonController.ThirdPersonController
[2020.05.29-13.55.32:484][  0]Cmd: OBJ SAVEPACKAGE PACKAGE="/Game/Actor/ThirdPersonController" FILE="C:/Projects/UE4/ZombieShooter/ZombieShooterAnyCode/Content/Actor/ThirdPersonController.uasset" SILENT=true
[2020.05.29-13.55.32:670][  0]LogSavePackage: Moving 'C:/Projects/UE4/ZombieShooter/ZombieShooterAnyCode/Saved/ThirdPersonController1F01B2524E6239838855F28326BEC9A3.tmp' to 'C:/Projects/UE4/ZombieShooter/ZombieShooterAnyCode/Content/Actor/ThirdPersonController.uasset'
[2020.05.29-13.55.32:711][  0]AssetCheck: New page: Asset Save: ThirdPersonController
[2020.05.29-13.55.32:711][  0]LogContentValidation: Display: Validating Blueprint /Game/Actor/ThirdPersonController.ThirdPersonController
[2020.05.29-13.55.33:007][ 12]BlueprintLog: New page: Compile ThirdPersonController
[2020.05.29-13.55.33:140][ 12]LogUObjectHash: Compacting FUObjectHashTables data took   4.47ms
[2020.05.29-13.55.35:351][174]Cmd: OBJ SAVEPACKAGE PACKAGE="/Game/Scene/TestLevel" FILE="C:/Projects/UE4/ZombieShooter/ZombieShooterAnyCode/Content/Scene/TestLevel.umap" SILENT=true AUTOSAVING=false KEEPDIRTY=false
[2020.05.29-13.55.35:410][174]LogUObjectHash: Compacting FUObjectHashTables data took   4.20ms
[2020.05.29-13.55.35:461][174]LogSavePackage: Moving 'C:/Projects/UE4/ZombieShooter/ZombieShooterAnyCode/Saved/TestLevelC6604FCE462F6C9D4813538522C09834.tmp' to 'C:/Projects/UE4/ZombieShooter/ZombieShooterAnyCode/Content/Scene/TestLevel.umap'
[2020.05.29-13.55.35:526][174]AssetCheck: New page: Asset Save: TestLevel
[2020.05.29-13.55.35:526][174]LogContentValidation: Display: Validating World /Game/Scene/TestLevel.TestLevel
[2020.05.29-13.56.20:287][374]BlueprintLog: New page: Compile ThirdPersonController
[2020.05.29-13.56.20:403][374]LogUObjectHash: Compacting FUObjectHashTables data took   3.58ms
[2020.05.29-13.56.20:849][410]Cmd: OBJ SAVEPACKAGE PACKAGE="/Game/Actor/ThirdPersonController" FILE="C:/Projects/UE4/ZombieShooter/ZombieShooterAnyCode/Content/Actor/ThirdPersonController.uasset" SILENT=true
[2020.05.29-13.56.20:915][410]LogSavePackage: Moving 'C:/Projects/UE4/ZombieShooter/ZombieShooterAnyCode/Saved/ThirdPersonControllerA89A29034C7950E5C2A6ACB59D270C90.tmp' to 'C:/Projects/UE4/ZombieShooter/ZombieShooterAnyCode/Content/Actor/ThirdPersonController.uasset'
[2020.05.29-13.56.20:930][410]AssetCheck: New page: Asset Save: ThirdPersonController
[2020.05.29-13.56.20:930][410]LogContentValidation: Display: Validating Blueprint /Game/Actor/ThirdPersonController.ThirdPersonController
[2020.05.29-13.56.28:533][136]Cmd: OBJ SAVEPACKAGE PACKAGE="/Game/Actor/ThirdPersonController" FILE="C:/Projects/UE4/ZombieShooter/ZombieShooterAnyCode/Content/Actor/ThirdPersonController.uasset" SILENT=true
[2020.05.29-13.56.28:590][136]LogSavePackage: Moving 'C:/Projects/UE4/ZombieShooter/ZombieShooterAnyCode/Saved/ThirdPersonController3654A764454C12B9C24A96BBEC4A674D.tmp' to 'C:/Projects/UE4/ZombieShooter/ZombieShooterAnyCode/Content/Actor/ThirdPersonController.uasset'
[2020.05.29-13.56.28:605][136]AssetCheck: New page: Asset Save: ThirdPersonController
[2020.05.29-13.56.28:605][136]LogContentValidation: Display: Validating Blueprint /Game/Actor/ThirdPersonController.ThirdPersonController
[2020.05.29-13.56.31:663][381]LogTemp: Repeating last play command: Selected Viewport
[2020.05.29-13.56.31:688][381]LogPlayLevel: PlayLevel: No blueprints needed recompiling
[2020.05.29-13.56.31:688][381]PIE: New page: PIE session: TestLevel (29 mai 2020 à 17:56:31)
[2020.05.29-13.56.31:688][381]LogPlayLevel: Creating play world package: /Game/Scene/UEDPIE_0_TestLevel
[2020.05.29-13.56.31:691][381]LogPlayLevel: PIE: StaticDuplicateObject took: (0.002467s)
[2020.05.29-13.56.31:692][381]LogAIModule: Creating AISystem for world TestLevel
[2020.05.29-13.56.31:692][381]LogAISub: UAISubsystem::UAISubsystem EnvQueryManager (000001D317E9B600), frame # 16381
[2020.05.29-13.56.31:692][381]LogAISub: UAISubsystem::UAISubsystem AIPerceptionSystem (000001D3164A3880), frame # 16381
[2020.05.29-13.56.31:692][381]LogPlayLevel: PIE: World Init took: (0.001356s)
[2020.05.29-13.56.31:692][381]LogPlayLevel: PIE: Created PIE world by copying editor world from /Game/Scene/TestLevel.TestLevel to /Game/Scene/UEDPIE_0_TestLevel.TestLevel (0.003932s)
[2020.05.29-13.56.31:756][381]LogUObjectHash: Compacting FUObjectHashTables data took   3.78ms
[2020.05.29-13.56.31:759][381]LogAudioMixer: Display: Audio Mixer Platform Settings:
[2020.05.29-13.56.31:759][381]LogAudioMixer: Display: 	Sample Rate:						  48000
[2020.05.29-13.56.31:759][381]LogAudioMixer: Display: 	Callback Buffer Frame Size Requested: 1024
[2020.05.29-13.56.31:759][381]LogAudioMixer: Display: 	Callback Buffer Frame Size To Use:	  1024
[2020.05.29-13.56.31:759][381]LogAudioMixer: Display: 	Number of buffers to queue:			  2
[2020.05.29-13.56.31:759][381]LogAudioMixer: Display: 	Max Channels (voices):				  32
[2020.05.29-13.56.31:759][381]LogAudioMixer: Display: 	Number of Async Source Workers:		  0
[2020.05.29-13.56.31:759][381]LogAudio: Display: AudioDevice MaxSources: 32
[2020.05.29-13.56.31:760][381]LogAudio: Display: Using built-in audio occlusion.
[2020.05.29-13.56.31:760][381]LogAudioMixer: Display: Initializing audio mixer.
[2020.05.29-13.56.31:770][381]LogAudioMixer: Display: 0: FrontLeft
[2020.05.29-13.56.31:770][381]LogAudioMixer: Display: 1: FrontRight
[2020.05.29-13.56.31:802][381]LogAudioMixer: Display: Using Audio Device Haut-parleurs (8- USB Audio Device)
[2020.05.29-13.56.31:802][381]LogAudioMixer: Display: Initializing Sound Submixes...
[2020.05.29-13.56.31:802][381]LogAudioMixer: Display: Creating Master Submix 'MasterSubmixDefault'
[2020.05.29-13.56.31:802][381]LogAudioMixer: Display: Creating Master Submix 'MasterReverbSubmixDefault'
[2020.05.29-13.56.31:803][381]LogAudioMixer: Display: Creating Master Submix 'MasterEQSubmixDefault'
[2020.05.29-13.56.31:824][381]LogInit: FAudioDevice initialized.
[2020.05.29-13.56.31:834][381]LogLoad: Game class is 'ThirdPersonGameMode_C'
[2020.05.29-13.56.31:836][381]LogWorld: Bringing World /Game/Scene/UEDPIE_0_TestLevel.TestLevel up for play (max tick rate 0) at 2020.05.29-15.56.31
[2020.05.29-13.56.31:836][381]LogWorld: Bringing up level for play took: 0.001120
[2020.05.29-13.56.31:836][381]LogOnline: OSS: Creating online subsystem instance for: :Context_7
[2020.05.29-13.56.31:838][381]PIE: Server logged in
[2020.05.29-13.56.31:840][381]PIE: Play in editor total start time 0,153 seconds.
[2020.05.29-13.56.43:217][294]LogAudioMixer: Display: No commands were queued while flushing the source manager.
[2020.05.29-13.56.43:218][294]LogAudioMixer: Display: Flush succeeded in the source manager command queue (1).
[2020.05.29-13.56.43:237][294]LogAudioMixer: Display: Flush succeeded the source manager command queue (2).
[2020.05.29-13.56.43:239][294]LogSlate: Updating window title bar state: overlay mode, drag disabled, window buttons hidden, title bar hidden
[2020.05.29-13.56.43:239][294]LogWorld: BeginTearingDown for /Game/Scene/UEDPIE_0_TestLevel
[2020.05.29-13.56.43:239][294]LogAudioMixer: Display: No commands were queued while flushing the source manager.
[2020.05.29-13.56.43:239][294]LogWorld: UWorld::CleanupWorld for TestLevel, bSessionEnded=true, bCleanupResources=true
[2020.05.29-13.56.43:239][294]LogSlate: InvalidateAllWidgets triggered.  All widgets were invalidated
[2020.05.29-13.56.43:262][294]LogPlayLevel: Display: Shutting down PIE online subsystems
[2020.05.29-13.56.43:266][294]LogSlate: InvalidateAllWidgets triggered.  All widgets were invalidated
[2020.05.29-13.56.43:306][294]LogAudioMixer: Display: No commands were queued while flushing the source manager.
[2020.05.29-13.56.43:330][294]LogSlate: Updating window title bar state: overlay mode, drag disabled, window buttons hidden, title bar hidden
[2020.05.29-13.56.43:331][294]LogAISub: UAISubsystem::~UAISubsystem AIPerceptionSystem (000001D3164A3880), frame # 17294
[2020.05.29-13.56.43:331][294]LogAISub: UAISubsystem::~UAISubsystem EnvQueryManager (000001D317E9B600), frame # 17294
[2020.05.29-13.56.43:334][294]LogUObjectHash: Compacting FUObjectHashTables data took   2.95ms
[2020.05.29-13.56.43:411][295]LogPlayLevel: Display: Destroying online subsystem :Context_7
[2020.05.29-13.57.07:805][419]LogEditorViewport: Clicking on Actor (LMB): StaticMeshActor (Plane)
[2020.05.29-13.57.08:860][473]LogTemp: Repeating last play command: Selected Viewport
[2020.05.29-13.57.08:886][473]LogPlayLevel: PlayLevel: No blueprints needed recompiling
[2020.05.29-13.57.08:886][473]PIE: New page: PIE session: TestLevel (29 mai 2020 à 17:57:08)
[2020.05.29-13.57.08:886][473]LogPlayLevel: Creating play world package: /Game/Scene/UEDPIE_0_TestLevel
[2020.05.29-13.57.08:889][473]LogPlayLevel: PIE: StaticDuplicateObject took: (0.002743s)
[2020.05.29-13.57.08:890][473]LogAIModule: Creating AISystem for world TestLevel
[2020.05.29-13.57.08:890][473]LogAISub: UAISubsystem::UAISubsystem EnvQueryManager (000001D2D7936800), frame # 19473
[2020.05.29-13.57.08:890][473]LogAISub: UAISubsystem::UAISubsystem AIPerceptionSystem (000001D3164087C0), frame # 19473
[2020.05.29-13.57.08:890][473]LogPlayLevel: PIE: World Init took: (0.001470s)
[2020.05.29-13.57.08:890][473]LogPlayLevel: PIE: Created PIE world by copying editor world from /Game/Scene/TestLevel.TestLevel to /Game/Scene/UEDPIE_0_TestLevel.TestLevel (0.004324s)
[2020.05.29-13.57.08:947][473]LogUObjectHash: Compacting FUObjectHashTables data took   3.15ms
[2020.05.29-13.57.08:952][473]LogAudioMixer: Display: Audio Mixer Platform Settings:
[2020.05.29-13.57.08:952][473]LogAudioMixer: Display: 	Sample Rate:						  48000
[2020.05.29-13.57.08:952][473]LogAudioMixer: Display: 	Callback Buffer Frame Size Requested: 1024
[2020.05.29-13.57.08:952][473]LogAudioMixer: Display: 	Callback Buffer Frame Size To Use:	  1024
[2020.05.29-13.57.08:952][473]LogAudioMixer: Display: 	Number of buffers to queue:			  2
[2020.05.29-13.57.08:952][473]LogAudioMixer: Display: 	Max Channels (voices):				  32
[2020.05.29-13.57.08:952][473]LogAudioMixer: Display: 	Number of Async Source Workers:		  0
[2020.05.29-13.57.08:952][473]LogAudio: Display: AudioDevice MaxSources: 32
[2020.05.29-13.57.08:952][473]LogAudio: Display: Using built-in audio occlusion.
[2020.05.29-13.57.08:952][473]LogAudioMixer: Display: Initializing audio mixer.
[2020.05.29-13.57.08:963][473]LogAudioMixer: Display: 0: FrontLeft
[2020.05.29-13.57.08:963][473]LogAudioMixer: Display: 1: FrontRight
[2020.05.29-13.57.08:993][473]LogAudioMixer: Display: Using Audio Device Haut-parleurs (8- USB Audio Device)
[2020.05.29-13.57.08:993][473]LogAudioMixer: Display: Initializing Sound Submixes...
[2020.05.29-13.57.08:993][473]LogAudioMixer: Display: Creating Master Submix 'MasterSubmixDefault'
[2020.05.29-13.57.08:993][473]LogAudioMixer: Display: Creating Master Submix 'MasterReverbSubmixDefault'
[2020.05.29-13.57.08:994][473]LogAudioMixer: Display: Creating Master Submix 'MasterEQSubmixDefault'
[2020.05.29-13.57.09:015][473]LogInit: FAudioDevice initialized.
[2020.05.29-13.57.09:024][473]LogLoad: Game class is 'ThirdPersonGameMode_C'
[2020.05.29-13.57.09:026][473]LogWorld: Bringing World /Game/Scene/UEDPIE_0_TestLevel.TestLevel up for play (max tick rate 0) at 2020.05.29-15.57.09
[2020.05.29-13.57.09:026][473]LogWorld: Bringing up level for play took: 0.001110
[2020.05.29-13.57.09:026][473]LogOnline: OSS: Creating online subsystem instance for: :Context_9
[2020.05.29-13.57.09:028][473]PIE: Server logged in
[2020.05.29-13.57.09:029][473]PIE: Play in editor total start time 0,144 seconds.
[2020.05.29-13.57.16:613][948]LogAudioMixer: Display: No commands were queued while flushing the source manager.
[2020.05.29-13.57.16:628][948]LogAudioMixer: Display: Flush succeeded in the source manager command queue (1).
[2020.05.29-13.57.16:648][948]LogAudioMixer: Display: Flush succeeded the source manager command queue (2).
[2020.05.29-13.57.16:649][948]LogSlate: Updating window title bar state: overlay mode, drag disabled, window buttons hidden, title bar hidden
[2020.05.29-13.57.16:649][948]LogWorld: BeginTearingDown for /Game/Scene/UEDPIE_0_TestLevel
[2020.05.29-13.57.16:650][948]LogAudioMixer: Display: No commands were queued while flushing the source manager.
[2020.05.29-13.57.16:650][948]LogWorld: UWorld::CleanupWorld for TestLevel, bSessionEnded=true, bCleanupResources=true
[2020.05.29-13.57.16:650][948]LogSlate: InvalidateAllWidgets triggered.  All widgets were invalidated
[2020.05.29-13.57.16:667][948]LogPlayLevel: Display: Shutting down PIE online subsystems
[2020.05.29-13.57.16:672][948]LogSlate: InvalidateAllWidgets triggered.  All widgets were invalidated
[2020.05.29-13.57.16:736][948]LogSlate: Updating window title bar state: overlay mode, drag disabled, window buttons hidden, title bar hidden
[2020.05.29-13.57.16:736][948]LogAudioMixer: Display: No commands were queued while flushing the source manager.
[2020.05.29-13.57.16:763][948]LogAISub: UAISubsystem::~UAISubsystem AIPerceptionSystem (000001D3164087C0), frame # 19948
[2020.05.29-13.57.16:763][948]LogAISub: UAISubsystem::~UAISubsystem EnvQueryManager (000001D2D7936800), frame # 19948
[2020.05.29-13.57.16:766][948]LogUObjectHash: Compacting FUObjectHashTables data took   3.00ms
[2020.05.29-13.57.16:862][949]LogPlayLevel: Display: Destroying online subsystem :Context_9
[2020.05.29-13.57.37:668][578]LogTemp: Repeating last play command: Selected Viewport
[2020.05.29-13.57.37:694][578]LogPlayLevel: PlayLevel: No blueprints needed recompiling
[2020.05.29-13.57.37:694][578]PIE: New page: PIE session: TestLevel (29 mai 2020 à 17:57:37)
[2020.05.29-13.57.37:694][578]LogPlayLevel: Creating play world package: /Game/Scene/UEDPIE_0_TestLevel
[2020.05.29-13.57.37:696][578]LogPlayLevel: PIE: StaticDuplicateObject took: (0.002439s)
[2020.05.29-13.57.37:698][578]LogAIModule: Creating AISystem for world TestLevel
[2020.05.29-13.57.37:698][578]LogAISub: UAISubsystem::UAISubsystem EnvQueryManager (000001D2D33B1A00), frame # 20578
[2020.05.29-13.57.37:698][578]LogAISub: UAISubsystem::UAISubsystem AIPerceptionSystem (000001D30B03C400), frame # 20578
[2020.05.29-13.57.37:698][578]LogPlayLevel: PIE: World Init took: (0.001454s)
[2020.05.29-13.57.37:698][578]LogPlayLevel: PIE: Created PIE world by copying editor world from /Game/Scene/TestLevel.TestLevel to /Game/Scene/UEDPIE_0_TestLevel.TestLevel (0.004014s)
[2020.05.29-13.57.37:767][578]LogUObjectHash: Compacting FUObjectHashTables data took   2.98ms
[2020.05.29-13.57.37:770][578]LogAudioMixer: Display: Audio Mixer Platform Settings:
[2020.05.29-13.57.37:770][578]LogAudioMixer: Display: 	Sample Rate:						  48000
[2020.05.29-13.57.37:770][578]LogAudioMixer: Display: 	Callback Buffer Frame Size Requested: 1024
[2020.05.29-13.57.37:770][578]LogAudioMixer: Display: 	Callback Buffer Frame Size To Use:	  1024
[2020.05.29-13.57.37:770][578]LogAudioMixer: Display: 	Number of buffers to queue:			  2
[2020.05.29-13.57.37:770][578]LogAudioMixer: Display: 	Max Channels (voices):				  32
[2020.05.29-13.57.37:770][578]LogAudioMixer: Display: 	Number of Async Source Workers:		  0
[2020.05.29-13.57.37:770][578]LogAudio: Display: AudioDevice MaxSources: 32
[2020.05.29-13.57.37:770][578]LogAudio: Display: Using built-in audio occlusion.
[2020.05.29-13.57.37:770][578]LogAudioMixer: Display: Initializing audio mixer.
[2020.05.29-13.57.37:781][578]LogAudioMixer: Display: 0: FrontLeft
[2020.05.29-13.57.37:781][578]LogAudioMixer: Display: 1: FrontRight
[2020.05.29-13.57.37:811][578]LogAudioMixer: Display: Using Audio Device Haut-parleurs (8- USB Audio Device)
[2020.05.29-13.57.37:812][578]LogAudioMixer: Display: Initializing Sound Submixes...
[2020.05.29-13.57.37:812][578]LogAudioMixer: Display: Creating Master Submix 'MasterSubmixDefault'
[2020.05.29-13.57.37:812][578]LogAudioMixer: Display: Creating Master Submix 'MasterReverbSubmixDefault'
[2020.05.29-13.57.37:813][578]LogAudioMixer: Display: Creating Master Submix 'MasterEQSubmixDefault'
[2020.05.29-13.57.37:836][578]LogInit: FAudioDevice initialized.
[2020.05.29-13.57.37:846][578]LogLoad: Game class is 'ThirdPersonGameMode_C'
[2020.05.29-13.57.37:848][578]LogWorld: Bringing World /Game/Scene/UEDPIE_0_TestLevel.TestLevel up for play (max tick rate 0) at 2020.05.29-15.57.37
[2020.05.29-13.57.37:848][578]LogWorld: Bringing up level for play took: 0.001592
[2020.05.29-13.57.37:848][578]LogOnline: OSS: Creating online subsystem instance for: :Context_10
[2020.05.29-13.57.37:850][578]PIE: Server logged in
[2020.05.29-13.57.37:851][578]PIE: Play in editor total start time 0,158 seconds.
[2020.05.29-13.57.41:217][813]LogAudioMixer: Display: No commands were queued while flushing the source manager.
[2020.05.29-13.57.41:227][813]LogAudioMixer: Display: Flush succeeded in the source manager command queue (1).
[2020.05.29-13.57.41:248][813]LogAudioMixer: Display: Flush succeeded the source manager command queue (2).
[2020.05.29-13.57.41:248][813]LogSlate: Updating window title bar state: overlay mode, drag disabled, window buttons hidden, title bar hidden
[2020.05.29-13.57.41:248][813]LogWorld: BeginTearingDown for /Game/Scene/UEDPIE_0_TestLevel
[2020.05.29-13.57.41:248][813]LogAudioMixer: Display: No commands were queued while flushing the source manager.
[2020.05.29-13.57.41:248][813]LogWorld: UWorld::CleanupWorld for TestLevel, bSessionEnded=true, bCleanupResources=true
[2020.05.29-13.57.41:248][813]LogSlate: InvalidateAllWidgets triggered.  All widgets were invalidated
[2020.05.29-13.57.41:265][813]LogPlayLevel: Display: Shutting down PIE online subsystems
[2020.05.29-13.57.41:270][813]LogSlate: InvalidateAllWidgets triggered.  All widgets were invalidated
[2020.05.29-13.57.41:324][813]LogSlate: Updating window title bar state: overlay mode, drag disabled, window buttons hidden, title bar hidden
[2020.05.29-13.57.41:325][813]LogAudioMixer: Display: No commands were queued while flushing the source manager.
[2020.05.29-13.57.41:351][813]LogAISub: UAISubsystem::~UAISubsystem AIPerceptionSystem (000001D30B03C400), frame # 20813
[2020.05.29-13.57.41:351][813]LogAISub: UAISubsystem::~UAISubsystem EnvQueryManager (000001D2D33B1A00), frame # 20813
[2020.05.29-13.57.41:354][813]LogUObjectHash: Compacting FUObjectHashTables data took   2.94ms
[2020.05.29-13.57.41:447][814]LogPlayLevel: Display: Destroying online subsystem :Context_10
[2020.05.29-13.59.27:848][324]LogTemp: Repeating last play command: Selected Viewport
[2020.05.29-13.59.27:872][324]LogPlayLevel: PlayLevel: No blueprints needed recompiling
[2020.05.29-13.59.27:872][324]PIE: New page: PIE session: TestLevel (29 mai 2020 à 17:59:27)
[2020.05.29-13.59.27:872][324]LogPlayLevel: Creating play world package: /Game/Scene/UEDPIE_0_TestLevel
[2020.05.29-13.59.27:875][324]LogPlayLevel: PIE: StaticDuplicateObject took: (0.002860s)
[2020.05.29-13.59.27:876][324]LogAIModule: Creating AISystem for world TestLevel
[2020.05.29-13.59.27:876][324]LogAISub: UAISubsystem::UAISubsystem EnvQueryManager (000001D31875DC00), frame # 21324
[2020.05.29-13.59.27:876][324]LogAISub: UAISubsystem::UAISubsystem AIPerceptionSystem (000001D2A534DF80), frame # 21324
[2020.05.29-13.59.27:877][324]LogPlayLevel: PIE: World Init took: (0.001390s)
[2020.05.29-13.59.27:877][324]LogPlayLevel: PIE: Created PIE world by copying editor world from /Game/Scene/TestLevel.TestLevel to /Game/Scene/UEDPIE_0_TestLevel.TestLevel (0.004385s)
[2020.05.29-13.59.27:931][324]LogUObjectHash: Compacting FUObjectHashTables data took   2.96ms
[2020.05.29-13.59.27:934][324]LogAudioMixer: Display: Audio Mixer Platform Settings:
[2020.05.29-13.59.27:934][324]LogAudioMixer: Display: 	Sample Rate:						  48000
[2020.05.29-13.59.27:934][324]LogAudioMixer: Display: 	Callback Buffer Frame Size Requested: 1024
[2020.05.29-13.59.27:934][324]LogAudioMixer: Display: 	Callback Buffer Frame Size To Use:	  1024
[2020.05.29-13.59.27:934][324]LogAudioMixer: Display: 	Number of buffers to queue:			  2
[2020.05.29-13.59.27:934][324]LogAudioMixer: Display: 	Max Channels (voices):				  32
[2020.05.29-13.59.27:934][324]LogAudioMixer: Display: 	Number of Async Source Workers:		  0
[2020.05.29-13.59.27:934][324]LogAudio: Display: AudioDevice MaxSources: 32
[2020.05.29-13.59.27:934][324]LogAudio: Display: Using built-in audio occlusion.
[2020.05.29-13.59.27:934][324]LogAudioMixer: Display: Initializing audio mixer.
[2020.05.29-13.59.27:946][324]LogAudioMixer: Display: 0: FrontLeft
[2020.05.29-13.59.27:946][324]LogAudioMixer: Display: 1: FrontRight
[2020.05.29-13.59.27:979][324]LogAudioMixer: Display: Using Audio Device Haut-parleurs (8- USB Audio Device)
[2020.05.29-13.59.27:979][324]LogAudioMixer: Display: Initializing Sound Submixes...
[2020.05.29-13.59.27:979][324]LogAudioMixer: Display: Creating Master Submix 'MasterSubmixDefault'
[2020.05.29-13.59.27:980][324]LogAudioMixer: Display: Creating Master Submix 'MasterReverbSubmixDefault'
[2020.05.29-13.59.27:981][324]LogAudioMixer: Display: Creating Master Submix 'MasterEQSubmixDefault'
[2020.05.29-13.59.28:002][324]LogInit: FAudioDevice initialized.
[2020.05.29-13.59.28:013][324]LogLoad: Game class is 'ThirdPersonGameMode_C'
[2020.05.29-13.59.28:014][324]LogWorld: Bringing World /Game/Scene/UEDPIE_0_TestLevel.TestLevel up for play (max tick rate 0) at 2020.05.29-15.59.28
[2020.05.29-13.59.28:014][324]LogWorld: Bringing up level for play took: 0.001169
[2020.05.29-13.59.28:015][324]LogOnline: OSS: Creating online subsystem instance for: :Context_11
[2020.05.29-13.59.28:017][324]PIE: Server logged in
[2020.05.29-13.59.28:017][324]PIE: Play in editor total start time 0,146 seconds.
[2020.05.29-13.59.57:813][255]LogAudioMixer: Display: No commands were queued while flushing the source manager.
[2020.05.29-13.59.57:827][255]LogAudioMixer: Display: Flush succeeded in the source manager command queue (1).
[2020.05.29-13.59.57:847][255]LogAudioMixer: Display: Flush succeeded the source manager command queue (2).
[2020.05.29-13.59.57:848][255]LogSlate: Updating window title bar state: overlay mode, drag disabled, window buttons hidden, title bar hidden
[2020.05.29-13.59.57:848][255]LogWorld: BeginTearingDown for /Game/Scene/UEDPIE_0_TestLevel
[2020.05.29-13.59.57:848][255]LogAudioMixer: Display: No commands were queued while flushing the source manager.
[2020.05.29-13.59.57:849][255]LogWorld: UWorld::CleanupWorld for TestLevel, bSessionEnded=true, bCleanupResources=true
[2020.05.29-13.59.57:849][255]LogSlate: InvalidateAllWidgets triggered.  All widgets were invalidated
[2020.05.29-13.59.57:866][255]LogPlayLevel: Display: Shutting down PIE online subsystems
[2020.05.29-13.59.57:870][255]LogSlate: InvalidateAllWidgets triggered.  All widgets were invalidated
[2020.05.29-13.59.57:925][255]LogSlate: Updating window title bar state: overlay mode, drag disabled, window buttons hidden, title bar hidden
[2020.05.29-13.59.57:925][255]LogAudioMixer: Display: No commands were queued while flushing the source manager.
[2020.05.29-13.59.57:952][255]LogAISub: UAISubsystem::~UAISubsystem AIPerceptionSystem (000001D2A534DF80), frame # 23255
[2020.05.29-13.59.57:952][255]LogAISub: UAISubsystem::~UAISubsystem EnvQueryManager (000001D31875DC00), frame # 23255
[2020.05.29-13.59.57:955][255]LogUObjectHash: Compacting FUObjectHashTables data took   3.10ms
[2020.05.29-13.59.58:053][256]LogPlayLevel: Display: Destroying online subsystem :Context_11
[2020.05.29-14.00.18:452][599]LogSlate: Window 'Color Picker' being destroyed
[2020.05.29-14.00.27:553][266]BlueprintLog: New page: Compile ThirdPersonController
[2020.05.29-14.00.27:678][266]LogUObjectHash: Compacting FUObjectHashTables data took   3.60ms
[2020.05.29-14.00.28:236][297]Cmd: OBJ SAVEPACKAGE PACKAGE="/Game/Actor/ThirdPersonController" FILE="C:/Projects/UE4/ZombieShooter/ZombieShooterAnyCode/Content/Actor/ThirdPersonController.uasset" SILENT=true
[2020.05.29-14.00.28:326][297]LogSavePackage: Moving 'C:/Projects/UE4/ZombieShooter/ZombieShooterAnyCode/Saved/ThirdPersonController17F1DACD4843AABB14F0DCB034F92E61.tmp' to 'C:/Projects/UE4/ZombieShooter/ZombieShooterAnyCode/Content/Actor/ThirdPersonController.uasset'
[2020.05.29-14.00.28:341][297]AssetCheck: New page: Asset Save: ThirdPersonController
[2020.05.29-14.00.28:341][297]LogContentValidation: Display: Validating Blueprint /Game/Actor/ThirdPersonController.ThirdPersonController
[2020.05.29-14.00.37:063][968]Cmd: OBJ SAVEPACKAGE PACKAGE="/Game/Actor/ThirdPersonController" FILE="C:/Projects/UE4/ZombieShooter/ZombieShooterAnyCode/Content/Actor/ThirdPersonController.uasset" SILENT=true
[2020.05.29-14.00.37:120][968]LogSavePackage: Moving 'C:/Projects/UE4/ZombieShooter/ZombieShooterAnyCode/Saved/ThirdPersonController7D48957140384BAB780F09A822F5C811.tmp' to 'C:/Projects/UE4/ZombieShooter/ZombieShooterAnyCode/Content/Actor/ThirdPersonController.uasset'
[2020.05.29-14.00.37:132][968]AssetCheck: New page: Asset Save: ThirdPersonController
[2020.05.29-14.00.37:132][968]LogContentValidation: Display: Validating Blueprint /Game/Actor/ThirdPersonController.ThirdPersonController
